{"/Users/mannusunny/Documents/work/sdks/search-JS-library/src/index.js": {"path":"/Users/mannusunny/Documents/work/sdks/search-JS-library/src/index.js","statementMap":{"0":{"start":{"line":20,"column":8},"end":{"line":20,"column":21}},"1":{"start":{"line":21,"column":8},"end":{"line":34,"column":10}},"2":{"start":{"line":35,"column":8},"end":{"line":35,"column":46}},"3":{"start":{"line":36,"column":8},"end":{"line":36,"column":38}},"4":{"start":{"line":37,"column":8},"end":{"line":37,"column":29}},"5":{"start":{"line":38,"column":8},"end":{"line":38,"column":31}},"6":{"start":{"line":39,"column":8},"end":{"line":39,"column":34}},"7":{"start":{"line":40,"column":8},"end":{"line":40,"column":31}},"8":{"start":{"line":41,"column":8},"end":{"line":41,"column":28}},"9":{"start":{"line":42,"column":8},"end":{"line":42,"column":50}},"10":{"start":{"line":43,"column":8},"end":{"line":43,"column":24}},"11":{"start":{"line":44,"column":8},"end":{"line":56,"column":9}},"12":{"start":{"line":45,"column":12},"end":{"line":49,"column":13}},"13":{"start":{"line":46,"column":16},"end":{"line":46,"column":70}},"14":{"start":{"line":48,"column":16},"end":{"line":48,"column":91}},"15":{"start":{"line":50,"column":30},"end":{"line":50,"column":51}},"16":{"start":{"line":51,"column":23},"end":{"line":51,"column":52}},"17":{"start":{"line":52,"column":12},"end":{"line":54,"column":13}},"18":{"start":{"line":53,"column":16},"end":{"line":53,"column":69}},"19":{"start":{"line":55,"column":12},"end":{"line":55,"column":46}},"20":{"start":{"line":59,"column":8},"end":{"line":59,"column":44}},"21":{"start":{"line":65,"column":12},"end":{"line":65,"column":24}},"22":{"start":{"line":69,"column":12},"end":{"line":69,"column":23}},"23":{"start":{"line":70,"column":26},"end":{"line":70,"column":47}},"24":{"start":{"line":73,"column":12},"end":{"line":73,"column":27}},"25":{"start":{"line":74,"column":8},"end":{"line":78,"column":9}},"26":{"start":{"line":75,"column":12},"end":{"line":75,"column":54}},"27":{"start":{"line":76,"column":12},"end":{"line":76,"column":57}},"28":{"start":{"line":77,"column":12},"end":{"line":77,"column":43}},"29":{"start":{"line":79,"column":8},"end":{"line":83,"column":9}},"30":{"start":{"line":80,"column":12},"end":{"line":80,"column":85}},"31":{"start":{"line":81,"column":12},"end":{"line":81,"column":54}},"32":{"start":{"line":82,"column":12},"end":{"line":82,"column":57}},"33":{"start":{"line":84,"column":8},"end":{"line":87,"column":9}},"34":{"start":{"line":85,"column":12},"end":{"line":85,"column":54}},"35":{"start":{"line":86,"column":12},"end":{"line":86,"column":57}},"36":{"start":{"line":88,"column":8},"end":{"line":93,"column":9}},"37":{"start":{"line":89,"column":12},"end":{"line":89,"column":40}},"38":{"start":{"line":90,"column":12},"end":{"line":92,"column":13}},"39":{"start":{"line":91,"column":16},"end":{"line":91,"column":60}},"40":{"start":{"line":94,"column":8},"end":{"line":97,"column":9}},"41":{"start":{"line":95,"column":12},"end":{"line":95,"column":39}},"42":{"start":{"line":96,"column":12},"end":{"line":96,"column":28}},"43":{"start":{"line":98,"column":8},"end":{"line":101,"column":9}},"44":{"start":{"line":99,"column":12},"end":{"line":99,"column":40}},"45":{"start":{"line":100,"column":12},"end":{"line":100,"column":32}},"46":{"start":{"line":102,"column":8},"end":{"line":106,"column":9}},"47":{"start":{"line":103,"column":12},"end":{"line":105,"column":13}},"48":{"start":{"line":104,"column":16},"end":{"line":104,"column":41}},"49":{"start":{"line":109,"column":8},"end":{"line":109,"column":51}},"50":{"start":{"line":112,"column":0},"end":{"line":112,"column":24}}},"fnMap":{"0":{"name":"(anonymous_0)","decl":{"start":{"line":19,"column":4},"end":{"line":19,"column":5}},"loc":{"start":{"line":19,"column":23},"end":{"line":57,"column":5}},"line":19},"1":{"name":"(anonymous_1)","decl":{"start":{"line":58,"column":4},"end":{"line":58,"column":5}},"loc":{"start":{"line":58,"column":25},"end":{"line":107,"column":5}},"line":58},"2":{"name":"(anonymous_2)","decl":{"start":{"line":108,"column":4},"end":{"line":108,"column":5}},"loc":{"start":{"line":108,"column":39},"end":{"line":110,"column":5}},"line":108}},"branchMap":{"0":{"loc":{"start":{"line":44,"column":8},"end":{"line":56,"column":9}},"type":"if","locations":[{"start":{"line":44,"column":8},"end":{"line":56,"column":9}},{"start":{"line":44,"column":8},"end":{"line":56,"column":9}}],"line":44},"1":{"loc":{"start":{"line":45,"column":12},"end":{"line":49,"column":13}},"type":"if","locations":[{"start":{"line":45,"column":12},"end":{"line":49,"column":13}},{"start":{"line":45,"column":12},"end":{"line":49,"column":13}}],"line":45},"2":{"loc":{"start":{"line":52,"column":12},"end":{"line":54,"column":13}},"type":"if","locations":[{"start":{"line":52,"column":12},"end":{"line":54,"column":13}},{"start":{"line":52,"column":12},"end":{"line":54,"column":13}}],"line":52},"3":{"loc":{"start":{"line":73,"column":12},"end":{"line":73,"column":27}},"type":"binary-expr","locations":[{"start":{"line":73,"column":12},"end":{"line":73,"column":21}},{"start":{"line":73,"column":25},"end":{"line":73,"column":27}}],"line":73},"4":{"loc":{"start":{"line":74,"column":8},"end":{"line":78,"column":9}},"type":"if","locations":[{"start":{"line":74,"column":8},"end":{"line":78,"column":9}},{"start":{"line":74,"column":8},"end":{"line":78,"column":9}}],"line":74},"5":{"loc":{"start":{"line":79,"column":8},"end":{"line":83,"column":9}},"type":"if","locations":[{"start":{"line":79,"column":8},"end":{"line":83,"column":9}},{"start":{"line":79,"column":8},"end":{"line":83,"column":9}}],"line":79},"6":{"loc":{"start":{"line":80,"column":23},"end":{"line":80,"column":84}},"type":"binary-expr","locations":[{"start":{"line":80,"column":23},"end":{"line":80,"column":53}},{"start":{"line":80,"column":57},"end":{"line":80,"column":84}}],"line":80},"7":{"loc":{"start":{"line":84,"column":8},"end":{"line":87,"column":9}},"type":"if","locations":[{"start":{"line":84,"column":8},"end":{"line":87,"column":9}},{"start":{"line":84,"column":8},"end":{"line":87,"column":9}}],"line":84},"8":{"loc":{"start":{"line":88,"column":8},"end":{"line":93,"column":9}},"type":"if","locations":[{"start":{"line":88,"column":8},"end":{"line":93,"column":9}},{"start":{"line":88,"column":8},"end":{"line":93,"column":9}}],"line":88},"9":{"loc":{"start":{"line":90,"column":12},"end":{"line":92,"column":13}},"type":"if","locations":[{"start":{"line":90,"column":12},"end":{"line":92,"column":13}},{"start":{"line":90,"column":12},"end":{"line":92,"column":13}}],"line":90},"10":{"loc":{"start":{"line":90,"column":15},"end":{"line":90,"column":34}},"type":"binary-expr","locations":[{"start":{"line":90,"column":15},"end":{"line":90,"column":21}},{"start":{"line":90,"column":25},"end":{"line":90,"column":34}}],"line":90},"11":{"loc":{"start":{"line":94,"column":8},"end":{"line":97,"column":9}},"type":"if","locations":[{"start":{"line":94,"column":8},"end":{"line":97,"column":9}},{"start":{"line":94,"column":8},"end":{"line":97,"column":9}}],"line":94},"12":{"loc":{"start":{"line":98,"column":8},"end":{"line":101,"column":9}},"type":"if","locations":[{"start":{"line":98,"column":8},"end":{"line":101,"column":9}},{"start":{"line":98,"column":8},"end":{"line":101,"column":9}}],"line":98},"13":{"loc":{"start":{"line":98,"column":11},"end":{"line":98,"column":94}},"type":"binary-expr","locations":[{"start":{"line":98,"column":12},"end":{"line":98,"column":34}},{"start":{"line":98,"column":38},"end":{"line":98,"column":62}},{"start":{"line":98,"column":68},"end":{"line":98,"column":94}}],"line":98},"14":{"loc":{"start":{"line":102,"column":8},"end":{"line":106,"column":9}},"type":"if","locations":[{"start":{"line":102,"column":8},"end":{"line":106,"column":9}},{"start":{"line":102,"column":8},"end":{"line":106,"column":9}}],"line":102},"15":{"loc":{"start":{"line":103,"column":12},"end":{"line":105,"column":13}},"type":"if","locations":[{"start":{"line":103,"column":12},"end":{"line":105,"column":13}},{"start":{"line":103,"column":12},"end":{"line":105,"column":13}}],"line":103},"16":{"loc":{"start":{"line":103,"column":15},"end":{"line":103,"column":34}},"type":"binary-expr","locations":[{"start":{"line":103,"column":15},"end":{"line":103,"column":21}},{"start":{"line":103,"column":25},"end":{"line":103,"column":34}}],"line":103}},"s":{"0":12,"1":12,"2":12,"3":12,"4":12,"5":12,"6":12,"7":12,"8":12,"9":12,"10":12,"11":12,"12":12,"13":0,"14":12,"15":12,"16":12,"17":12,"18":0,"19":12,"20":95,"21":95,"22":95,"23":95,"24":95,"25":95,"26":1,"27":1,"28":1,"29":95,"30":94,"31":94,"32":94,"33":95,"34":0,"35":0,"36":95,"37":41,"38":41,"39":4,"40":95,"41":41,"42":41,"43":95,"44":2,"45":2,"46":95,"47":0,"48":0,"49":157,"50":12},"f":{"0":12,"1":95,"2":157},"b":{"0":[12,0],"1":[0,12],"2":[0,12],"3":[95,0],"4":[1,94],"5":[94,1],"6":[94,0],"7":[0,95],"8":[41,54],"9":[4,37],"10":[41,41],"11":[41,54],"12":[2,93],"13":[95,88,11],"14":[0,95],"15":[0,0],"16":[0,0]},"_coverageSchema":"1a1c01bbd47fc00a2c39e90264f33305004495a9","hash":"eb6eb1be4986ffa86f658ff7439fa3bd8c6ccbbd"}
,"/Users/mannusunny/Documents/work/sdks/search-JS-library/src/common/options.js": {"path":"/Users/mannusunny/Documents/work/sdks/search-JS-library/src/common/options.js","statementMap":{"0":{"start":{"line":24,"column":16},"end":{"line":302,"column":1}},"1":{"start":{"line":73,"column":33},"end":{"line":73,"column":103}},"2":{"start":{"line":94,"column":28},"end":{"line":94,"column":93}},"3":{"start":{"line":290,"column":8},"end":{"line":299,"column":9}},"4":{"start":{"line":294,"column":16},"end":{"line":294,"column":24}},"5":{"start":{"line":295,"column":12},"end":{"line":297,"column":13}},"6":{"start":{"line":296,"column":16},"end":{"line":296,"column":39}},"7":{"start":{"line":298,"column":12},"end":{"line":298,"column":25}}},"fnMap":{"0":{"name":"(anonymous_0)","decl":{"start":{"line":37,"column":24},"end":{"line":37,"column":25}},"loc":{"start":{"line":37,"column":44},"end":{"line":38,"column":9}},"line":37},"1":{"name":"(anonymous_1)","decl":{"start":{"line":73,"column":17},"end":{"line":73,"column":18}},"loc":{"start":{"line":73,"column":32},"end":{"line":73,"column":104}},"line":73},"2":{"name":"(anonymous_2)","decl":{"start":{"line":75,"column":13},"end":{"line":75,"column":14}},"loc":{"start":{"line":75,"column":28},"end":{"line":76,"column":5}},"line":75},"3":{"name":"(anonymous_3)","decl":{"start":{"line":94,"column":17},"end":{"line":94,"column":18}},"loc":{"start":{"line":94,"column":27},"end":{"line":94,"column":94}},"line":94},"4":{"name":"(anonymous_4)","decl":{"start":{"line":203,"column":20},"end":{"line":203,"column":21}},"loc":{"start":{"line":203,"column":36},"end":{"line":204,"column":9}},"line":203},"5":{"name":"(anonymous_5)","decl":{"start":{"line":236,"column":19},"end":{"line":236,"column":20}},"loc":{"start":{"line":236,"column":43},"end":{"line":236,"column":45}},"line":236},"6":{"name":"(anonymous_6)","decl":{"start":{"line":287,"column":14},"end":{"line":287,"column":15}},"loc":{"start":{"line":287,"column":30},"end":{"line":288,"column":5}},"line":287},"7":{"name":"(anonymous_7)","decl":{"start":{"line":289,"column":20},"end":{"line":289,"column":21}},"loc":{"start":{"line":289,"column":38},"end":{"line":300,"column":5}},"line":289}},"branchMap":{"0":{"loc":{"start":{"line":290,"column":8},"end":{"line":299,"column":9}},"type":"if","locations":[{"start":{"line":290,"column":8},"end":{"line":299,"column":9}},{"start":{"line":290,"column":8},"end":{"line":299,"column":9}}],"line":290},"1":{"loc":{"start":{"line":295,"column":12},"end":{"line":297,"column":13}},"type":"if","locations":[{"start":{"line":295,"column":12},"end":{"line":297,"column":13}},{"start":{"line":295,"column":12},"end":{"line":297,"column":13}}],"line":295}},"s":{"0":12,"1":3,"2":4,"3":0,"4":0,"5":0,"6":0,"7":0},"f":{"0":1,"1":3,"2":0,"3":4,"4":73,"5":4,"6":2,"7":0},"b":{"0":[0,0],"1":[0,0]},"_coverageSchema":"1a1c01bbd47fc00a2c39e90264f33305004495a9","hash":"5a7c9d51e2085e3a32c7c604f6f39b1c15eb4111"}
,"/Users/mannusunny/Documents/work/sdks/search-JS-library/src/common/constants/actions.js": {"path":"/Users/mannusunny/Documents/work/sdks/search-JS-library/src/common/constants/actions.js","statementMap":{"0":{"start":{"line":1,"column":16},"end":{"line":14,"column":1}}},"fnMap":{},"branchMap":{},"s":{"0":12},"f":{},"b":{},"_coverageSchema":"1a1c01bbd47fc00a2c39e90264f33305004495a9","hash":"4f0acf43032a4679de461f3dd526cd9301704563"}
,"/Users/mannusunny/Documents/work/sdks/search-JS-library/src/common/constants/eventsLib.js": {"path":"/Users/mannusunny/Documents/work/sdks/search-JS-library/src/common/constants/eventsLib.js","statementMap":{"0":{"start":{"line":1,"column":15},"end":{"line":20,"column":1}}},"fnMap":{},"branchMap":{},"s":{"0":12},"f":{},"b":{},"_coverageSchema":"1a1c01bbd47fc00a2c39e90264f33305004495a9","hash":"af00e2b6da2e1ba0f79fb3b49601eb0f591c5b76"}
,"/Users/mannusunny/Documents/work/sdks/search-JS-library/src/common/constants/index.js": {"path":"/Users/mannusunny/Documents/work/sdks/search-JS-library/src/common/constants/index.js","statementMap":{"0":{"start":{"line":3,"column":19},"end":{"line":10,"column":1}},"1":{"start":{"line":11,"column":16},"end":{"line":25,"column":1}}},"fnMap":{},"branchMap":{},"s":{"0":12,"1":12},"f":{},"b":{},"_coverageSchema":"1a1c01bbd47fc00a2c39e90264f33305004495a9","hash":"a63ceae70eaa4d16f2cac2b16b56eaefca89c4e5"}
,"/Users/mannusunny/Documents/work/sdks/search-JS-library/src/common/constants/selectors.js": {"path":"/Users/mannusunny/Documents/work/sdks/search-JS-library/src/common/constants/selectors.js","statementMap":{"0":{"start":{"line":1,"column":22},"end":{"line":3,"column":1}}},"fnMap":{},"branchMap":{},"s":{"0":12},"f":{},"b":{},"_coverageSchema":"1a1c01bbd47fc00a2c39e90264f33305004495a9","hash":"1b4495736f9dd6d19ccfc01b29fafa022952d609"}
,"/Users/mannusunny/Documents/work/sdks/search-JS-library/src/core/bindEvents.js": {"path":"/Users/mannusunny/Documents/work/sdks/search-JS-library/src/core/bindEvents.js","statementMap":{"0":{"start":{"line":18,"column":8},"end":{"line":18,"column":20}},"1":{"start":{"line":19,"column":4},"end":{"line":28,"column":5}},"2":{"start":{"line":20,"column":8},"end":{"line":27,"column":11}},"3":{"start":{"line":21,"column":24},"end":{"line":21,"column":38}},"4":{"start":{"line":22,"column":12},"end":{"line":26,"column":13}},"5":{"start":{"line":23,"column":16},"end":{"line":25,"column":17}},"6":{"start":{"line":24,"column":20},"end":{"line":24,"column":52}},"7":{"start":{"line":29,"column":4},"end":{"line":39,"column":5}},"8":{"start":{"line":30,"column":8},"end":{"line":38,"column":11}},"9":{"start":{"line":31,"column":12},"end":{"line":36,"column":13}},"10":{"start":{"line":40,"column":4},"end":{"line":42,"column":5}},"11":{"start":{"line":41,"column":8},"end":{"line":41,"column":85}},"12":{"start":{"line":43,"column":4},"end":{"line":48,"column":6}},"13":{"start":{"line":50,"column":4},"end":{"line":55,"column":6}},"14":{"start":{"line":56,"column":4},"end":{"line":61,"column":5}},"15":{"start":{"line":62,"column":4},"end":{"line":67,"column":5}},"16":{"start":{"line":68,"column":4},"end":{"line":82,"column":5}},"17":{"start":{"line":69,"column":8},"end":{"line":73,"column":45}},"18":{"start":{"line":76,"column":12},"end":{"line":81,"column":13}},"19":{"start":{"line":83,"column":4},"end":{"line":90,"column":5}},"20":{"start":{"line":84,"column":8},"end":{"line":89,"column":9}},"21":{"start":{"line":91,"column":4},"end":{"line":98,"column":5}},"22":{"start":{"line":92,"column":8},"end":{"line":97,"column":9}},"23":{"start":{"line":100,"column":4},"end":{"line":104,"column":5}},"24":{"start":{"line":101,"column":8},"end":{"line":103,"column":17}},"25":{"start":{"line":102,"column":12},"end":{"line":102,"column":47}},"26":{"start":{"line":105,"column":4},"end":{"line":110,"column":6}},"27":{"start":{"line":111,"column":4},"end":{"line":116,"column":5}},"28":{"start":{"line":117,"column":4},"end":{"line":122,"column":5}},"29":{"start":{"line":123,"column":4},"end":{"line":128,"column":5}}},"fnMap":{"0":{"name":"bindEvents","decl":{"start":{"line":2,"column":9},"end":{"line":2,"column":19}},"loc":{"start":{"line":2,"column":21},"end":{"line":129,"column":1}},"line":2},"1":{"name":"(anonymous_1)","decl":{"start":{"line":20,"column":48},"end":{"line":20,"column":49}},"loc":{"start":{"line":20,"column":55},"end":{"line":27,"column":9}},"line":20},"2":{"name":"(anonymous_2)","decl":{"start":{"line":30,"column":40},"end":{"line":30,"column":41}},"loc":{"start":{"line":30,"column":51},"end":{"line":38,"column":9}},"line":30},"3":{"name":"(anonymous_3)","decl":{"start":{"line":101,"column":52},"end":{"line":101,"column":53}},"loc":{"start":{"line":101,"column":56},"end":{"line":103,"column":9}},"line":101}},"branchMap":{"0":{"loc":{"start":{"line":19,"column":4},"end":{"line":28,"column":5}},"type":"if","locations":[{"start":{"line":19,"column":4},"end":{"line":28,"column":5}},{"start":{"line":19,"column":4},"end":{"line":28,"column":5}}],"line":19},"1":{"loc":{"start":{"line":22,"column":12},"end":{"line":26,"column":13}},"type":"if","locations":[{"start":{"line":22,"column":12},"end":{"line":26,"column":13}},{"start":{"line":22,"column":12},"end":{"line":26,"column":13}}],"line":22},"2":{"loc":{"start":{"line":23,"column":16},"end":{"line":25,"column":17}},"type":"if","locations":[{"start":{"line":23,"column":16},"end":{"line":25,"column":17}},{"start":{"line":23,"column":16},"end":{"line":25,"column":17}}],"line":23},"3":{"loc":{"start":{"line":29,"column":4},"end":{"line":39,"column":5}},"type":"if","locations":[{"start":{"line":29,"column":4},"end":{"line":39,"column":5}},{"start":{"line":29,"column":4},"end":{"line":39,"column":5}}],"line":29},"4":{"loc":{"start":{"line":40,"column":4},"end":{"line":42,"column":5}},"type":"if","locations":[{"start":{"line":40,"column":4},"end":{"line":42,"column":5}},{"start":{"line":40,"column":4},"end":{"line":42,"column":5}}],"line":40},"5":{"loc":{"start":{"line":68,"column":4},"end":{"line":82,"column":5}},"type":"if","locations":[{"start":{"line":68,"column":4},"end":{"line":82,"column":5}},{"start":{"line":68,"column":4},"end":{"line":82,"column":5}}],"line":68},"6":{"loc":{"start":{"line":83,"column":4},"end":{"line":90,"column":5}},"type":"if","locations":[{"start":{"line":83,"column":4},"end":{"line":90,"column":5}},{"start":{"line":83,"column":4},"end":{"line":90,"column":5}}],"line":83},"7":{"loc":{"start":{"line":91,"column":4},"end":{"line":98,"column":5}},"type":"if","locations":[{"start":{"line":91,"column":4},"end":{"line":98,"column":5}},{"start":{"line":91,"column":4},"end":{"line":98,"column":5}}],"line":91},"8":{"loc":{"start":{"line":100,"column":4},"end":{"line":104,"column":5}},"type":"if","locations":[{"start":{"line":100,"column":4},"end":{"line":104,"column":5}},{"start":{"line":100,"column":4},"end":{"line":104,"column":5}}],"line":100}},"s":{"0":14,"1":14,"2":1,"3":0,"4":0,"5":0,"6":0,"7":14,"8":14,"9":3,"10":14,"11":1,"12":14,"13":14,"14":14,"15":14,"16":14,"17":0,"18":14,"19":14,"20":14,"21":14,"22":14,"23":14,"24":1,"25":0,"26":14,"27":14,"28":14,"29":14},"f":{"0":14,"1":0,"2":3,"3":0},"b":{"0":[1,13],"1":[0,0],"2":[0,0],"3":[14,0],"4":[1,13],"5":[0,14],"6":[14,0],"7":[14,0],"8":[1,13]},"_coverageSchema":"1a1c01bbd47fc00a2c39e90264f33305004495a9","hash":"649455043261ac8a0b2f053fe9fc9a38fef468a0"}
,"/Users/mannusunny/Documents/work/sdks/search-JS-library/src/core/createLayout.js": {"path":"/Users/mannusunny/Documents/work/sdks/search-JS-library/src/core/createLayout.js","statementMap":{"0":{"start":{"line":1,"column":21},"end":{"line":100,"column":1}},"1":{"start":{"line":2,"column":4},"end":{"line":2,"column":60}},"2":{"start":{"line":3,"column":4},"end":{"line":3,"column":52}},"3":{"start":{"line":4,"column":4},"end":{"line":4,"column":52}},"4":{"start":{"line":5,"column":4},"end":{"line":5,"column":60}},"5":{"start":{"line":6,"column":4},"end":{"line":6,"column":56}},"6":{"start":{"line":7,"column":4},"end":{"line":7,"column":48}},"7":{"start":{"line":8,"column":4},"end":{"line":8,"column":66}},"8":{"start":{"line":9,"column":4},"end":{"line":9,"column":60}},"9":{"start":{"line":10,"column":4},"end":{"line":10,"column":69}},"10":{"start":{"line":11,"column":4},"end":{"line":11,"column":33}},"11":{"start":{"line":12,"column":33},"end":{"line":16,"column":5}},"12":{"start":{"line":13,"column":21},"end":{"line":13,"column":51}},"13":{"start":{"line":14,"column":8},"end":{"line":14,"column":43}},"14":{"start":{"line":15,"column":8},"end":{"line":15,"column":20}},"15":{"start":{"line":27,"column":8},"end":{"line":27,"column":20}},"16":{"start":{"line":30,"column":8},"end":{"line":30,"column":13}},"17":{"start":{"line":33,"column":8},"end":{"line":33,"column":20}},"18":{"start":{"line":35,"column":4},"end":{"line":38,"column":5}},"19":{"start":{"line":36,"column":8},"end":{"line":36,"column":37}},"20":{"start":{"line":37,"column":8},"end":{"line":37,"column":58}},"21":{"start":{"line":39,"column":4},"end":{"line":42,"column":5}},"22":{"start":{"line":40,"column":7},"end":{"line":40,"column":31}},"23":{"start":{"line":41,"column":7},"end":{"line":41,"column":48}},"24":{"start":{"line":43,"column":4},"end":{"line":52,"column":5}},"25":{"start":{"line":44,"column":8},"end":{"line":44,"column":157}},"26":{"start":{"line":45,"column":8},"end":{"line":45,"column":46}},"27":{"start":{"line":46,"column":8},"end":{"line":46,"column":70}},"28":{"start":{"line":48,"column":8},"end":{"line":51,"column":9}},"29":{"start":{"line":49,"column":12},"end":{"line":49,"column":45}},"30":{"start":{"line":50,"column":12},"end":{"line":50,"column":68}},"31":{"start":{"line":54,"column":4},"end":{"line":59,"column":5}},"32":{"start":{"line":55,"column":8},"end":{"line":58,"column":9}},"33":{"start":{"line":56,"column":12},"end":{"line":56,"column":41}},"34":{"start":{"line":57,"column":12},"end":{"line":57,"column":62}},"35":{"start":{"line":60,"column":4},"end":{"line":64,"column":5}},"36":{"start":{"line":61,"column":8},"end":{"line":61,"column":33}},"37":{"start":{"line":62,"column":8},"end":{"line":62,"column":35}},"38":{"start":{"line":63,"column":8},"end":{"line":63,"column":50}},"39":{"start":{"line":65,"column":4},"end":{"line":68,"column":5}},"40":{"start":{"line":66,"column":8},"end":{"line":66,"column":31}},"41":{"start":{"line":67,"column":8},"end":{"line":67,"column":46}},"42":{"start":{"line":70,"column":4},"end":{"line":73,"column":5}},"43":{"start":{"line":71,"column":8},"end":{"line":71,"column":33}},"44":{"start":{"line":72,"column":8},"end":{"line":72,"column":59}},"45":{"start":{"line":74,"column":4},"end":{"line":77,"column":5}},"46":{"start":{"line":75,"column":8},"end":{"line":75,"column":35}},"47":{"start":{"line":76,"column":8},"end":{"line":76,"column":54}},"48":{"start":{"line":78,"column":4},"end":{"line":81,"column":5}},"49":{"start":{"line":79,"column":8},"end":{"line":79,"column":38}},"50":{"start":{"line":80,"column":8},"end":{"line":80,"column":63}},"51":{"start":{"line":82,"column":4},"end":{"line":99,"column":5}},"52":{"start":{"line":85,"column":12},"end":{"line":85,"column":22}},"53":{"start":{"line":86,"column":8},"end":{"line":97,"column":9}},"54":{"start":{"line":87,"column":12},"end":{"line":96,"column":13}},"55":{"start":{"line":88,"column":16},"end":{"line":91,"column":18}},"56":{"start":{"line":89,"column":20},"end":{"line":89,"column":43}},"57":{"start":{"line":90,"column":20},"end":{"line":90,"column":64}},"58":{"start":{"line":94,"column":16},"end":{"line":94,"column":34}},"59":{"start":{"line":95,"column":16},"end":{"line":95,"column":55}}},"fnMap":{"0":{"name":"(anonymous_0)","decl":{"start":{"line":1,"column":21},"end":{"line":1,"column":22}},"loc":{"start":{"line":1,"column":32},"end":{"line":100,"column":1}},"line":1},"1":{"name":"(anonymous_1)","decl":{"start":{"line":12,"column":33},"end":{"line":12,"column":34}},"loc":{"start":{"line":12,"column":38},"end":{"line":16,"column":5}},"line":12},"2":{"name":"(anonymous_2)","decl":{"start":{"line":88,"column":27},"end":{"line":88,"column":28}},"loc":{"start":{"line":88,"column":38},"end":{"line":91,"column":17}},"line":88}},"branchMap":{"0":{"loc":{"start":{"line":35,"column":4},"end":{"line":38,"column":5}},"type":"if","locations":[{"start":{"line":35,"column":4},"end":{"line":38,"column":5}},{"start":{"line":35,"column":4},"end":{"line":38,"column":5}}],"line":35},"1":{"loc":{"start":{"line":39,"column":4},"end":{"line":42,"column":5}},"type":"if","locations":[{"start":{"line":39,"column":4},"end":{"line":42,"column":5}},{"start":{"line":39,"column":4},"end":{"line":42,"column":5}}],"line":39},"2":{"loc":{"start":{"line":43,"column":4},"end":{"line":52,"column":5}},"type":"if","locations":[{"start":{"line":43,"column":4},"end":{"line":52,"column":5}},{"start":{"line":43,"column":4},"end":{"line":52,"column":5}}],"line":43},"3":{"loc":{"start":{"line":48,"column":8},"end":{"line":51,"column":9}},"type":"if","locations":[{"start":{"line":48,"column":8},"end":{"line":51,"column":9}},{"start":{"line":48,"column":8},"end":{"line":51,"column":9}}],"line":48},"4":{"loc":{"start":{"line":48,"column":11},"end":{"line":48,"column":54}},"type":"binary-expr","locations":[{"start":{"line":48,"column":11},"end":{"line":48,"column":33}},{"start":{"line":48,"column":37},"end":{"line":48,"column":54}}],"line":48},"5":{"loc":{"start":{"line":54,"column":4},"end":{"line":59,"column":5}},"type":"if","locations":[{"start":{"line":54,"column":4},"end":{"line":59,"column":5}},{"start":{"line":54,"column":4},"end":{"line":59,"column":5}}],"line":54},"6":{"loc":{"start":{"line":55,"column":8},"end":{"line":58,"column":9}},"type":"if","locations":[{"start":{"line":55,"column":8},"end":{"line":58,"column":9}},{"start":{"line":55,"column":8},"end":{"line":58,"column":9}}],"line":55},"7":{"loc":{"start":{"line":60,"column":4},"end":{"line":64,"column":5}},"type":"if","locations":[{"start":{"line":60,"column":4},"end":{"line":64,"column":5}},{"start":{"line":60,"column":4},"end":{"line":64,"column":5}}],"line":60},"8":{"loc":{"start":{"line":60,"column":7},"end":{"line":60,"column":34}},"type":"binary-expr","locations":[{"start":{"line":60,"column":7},"end":{"line":60,"column":16}},{"start":{"line":60,"column":20},"end":{"line":60,"column":34}}],"line":60},"9":{"loc":{"start":{"line":65,"column":4},"end":{"line":68,"column":5}},"type":"if","locations":[{"start":{"line":65,"column":4},"end":{"line":68,"column":5}},{"start":{"line":65,"column":4},"end":{"line":68,"column":5}}],"line":65},"10":{"loc":{"start":{"line":65,"column":7},"end":{"line":65,"column":30}},"type":"binary-expr","locations":[{"start":{"line":65,"column":7},"end":{"line":65,"column":14}},{"start":{"line":65,"column":18},"end":{"line":65,"column":30}}],"line":65},"11":{"loc":{"start":{"line":70,"column":4},"end":{"line":73,"column":5}},"type":"if","locations":[{"start":{"line":70,"column":4},"end":{"line":73,"column":5}},{"start":{"line":70,"column":4},"end":{"line":73,"column":5}}],"line":70},"12":{"loc":{"start":{"line":74,"column":4},"end":{"line":77,"column":5}},"type":"if","locations":[{"start":{"line":74,"column":4},"end":{"line":77,"column":5}},{"start":{"line":74,"column":4},"end":{"line":77,"column":5}}],"line":74},"13":{"loc":{"start":{"line":74,"column":7},"end":{"line":74,"column":38}},"type":"binary-expr","locations":[{"start":{"line":74,"column":7},"end":{"line":74,"column":18}},{"start":{"line":74,"column":22},"end":{"line":74,"column":38}}],"line":74},"14":{"loc":{"start":{"line":78,"column":4},"end":{"line":81,"column":5}},"type":"if","locations":[{"start":{"line":78,"column":4},"end":{"line":81,"column":5}},{"start":{"line":78,"column":4},"end":{"line":81,"column":5}}],"line":78},"15":{"loc":{"start":{"line":82,"column":4},"end":{"line":99,"column":5}},"type":"if","locations":[{"start":{"line":82,"column":4},"end":{"line":99,"column":5}},{"start":{"line":82,"column":4},"end":{"line":99,"column":5}}],"line":82},"16":{"loc":{"start":{"line":86,"column":8},"end":{"line":97,"column":9}},"type":"if","locations":[{"start":{"line":86,"column":8},"end":{"line":97,"column":9}},{"start":{"line":86,"column":8},"end":{"line":97,"column":9}}],"line":86},"17":{"loc":{"start":{"line":87,"column":12},"end":{"line":96,"column":13}},"type":"if","locations":[{"start":{"line":87,"column":12},"end":{"line":96,"column":13}},{"start":{"line":87,"column":12},"end":{"line":96,"column":13}}],"line":87}},"s":{"0":12,"1":14,"2":14,"3":14,"4":14,"5":14,"6":14,"7":14,"8":14,"9":14,"10":14,"11":14,"12":3,"13":3,"14":3,"15":14,"16":14,"17":14,"18":14,"19":1,"20":1,"21":14,"22":2,"23":2,"24":14,"25":0,"26":0,"27":0,"28":14,"29":2,"30":2,"31":14,"32":14,"33":0,"34":0,"35":14,"36":1,"37":1,"38":1,"39":14,"40":1,"41":1,"42":14,"43":3,"44":3,"45":14,"46":1,"47":1,"48":14,"49":1,"50":1,"51":14,"52":14,"53":14,"54":2,"55":1,"56":2,"57":2,"58":1,"59":1},"f":{"0":14,"1":3,"2":2},"b":{"0":[1,13],"1":[2,12],"2":[0,14],"3":[2,12],"4":[14,14],"5":[14,0],"6":[0,14],"7":[1,13],"8":[14,1],"9":[1,13],"10":[14,1],"11":[3,11],"12":[1,13],"13":[14,1],"14":[1,13],"15":[14,0],"16":[2,12],"17":[1,1]},"_coverageSchema":"1a1c01bbd47fc00a2c39e90264f33305004495a9","hash":"d2937e14434f9a20b78865aef74f53fe3debf144"}
,"/Users/mannusunny/Documents/work/sdks/search-JS-library/src/core/initialize.js": {"path":"/Users/mannusunny/Documents/work/sdks/search-JS-library/src/core/initialize.js","statementMap":{"0":{"start":{"line":7,"column":19},"end":{"line":37,"column":1}},"1":{"start":{"line":8,"column":4},"end":{"line":8,"column":24}},"2":{"start":{"line":9,"column":4},"end":{"line":9,"column":37}},"3":{"start":{"line":10,"column":4},"end":{"line":10,"column":37}},"4":{"start":{"line":11,"column":4},"end":{"line":11,"column":36}},"5":{"start":{"line":12,"column":4},"end":{"line":12,"column":52}},"6":{"start":{"line":13,"column":4},"end":{"line":13,"column":40}},"7":{"start":{"line":14,"column":4},"end":{"line":14,"column":44}},"8":{"start":{"line":15,"column":4},"end":{"line":15,"column":22}},"9":{"start":{"line":16,"column":22},"end":{"line":16,"column":43}},"10":{"start":{"line":17,"column":15},"end":{"line":17,"column":44}},"11":{"start":{"line":21,"column":8},"end":{"line":21,"column":32}},"12":{"start":{"line":22,"column":4},"end":{"line":32,"column":5}},"13":{"start":{"line":25,"column":12},"end":{"line":25,"column":21}},"14":{"start":{"line":26,"column":8},"end":{"line":29,"column":9}},"15":{"start":{"line":27,"column":12},"end":{"line":27,"column":54}},"16":{"start":{"line":28,"column":12},"end":{"line":28,"column":57}},"17":{"start":{"line":31,"column":8},"end":{"line":31,"column":60}},"18":{"start":{"line":33,"column":4},"end":{"line":35,"column":5}},"19":{"start":{"line":34,"column":8},"end":{"line":34,"column":39}}},"fnMap":{"0":{"name":"(anonymous_0)","decl":{"start":{"line":7,"column":19},"end":{"line":7,"column":20}},"loc":{"start":{"line":7,"column":30},"end":{"line":37,"column":1}},"line":7}},"branchMap":{"0":{"loc":{"start":{"line":22,"column":4},"end":{"line":32,"column":5}},"type":"if","locations":[{"start":{"line":22,"column":4},"end":{"line":32,"column":5}},{"start":{"line":22,"column":4},"end":{"line":32,"column":5}}],"line":22},"1":{"loc":{"start":{"line":26,"column":8},"end":{"line":29,"column":9}},"type":"if","locations":[{"start":{"line":26,"column":8},"end":{"line":29,"column":9}},{"start":{"line":26,"column":8},"end":{"line":29,"column":9}}],"line":26},"2":{"loc":{"start":{"line":33,"column":4},"end":{"line":35,"column":5}},"type":"if","locations":[{"start":{"line":33,"column":4},"end":{"line":35,"column":5}},{"start":{"line":33,"column":4},"end":{"line":35,"column":5}}],"line":33}},"s":{"0":12,"1":14,"2":14,"3":14,"4":14,"5":14,"6":14,"7":14,"8":14,"9":14,"10":14,"11":14,"12":14,"13":0,"14":0,"15":0,"16":0,"17":14,"18":14,"19":14},"f":{"0":14},"b":{"0":[0,14],"1":[0,0],"2":[14,0]},"_coverageSchema":"1a1c01bbd47fc00a2c39e90264f33305004495a9","hash":"77ef931c86828884fbc5eb884d3c6c82b1f5b8ea"}
,"/Users/mannusunny/Documents/work/sdks/search-JS-library/src/core/reRender.js": {"path":"/Users/mannusunny/Documents/work/sdks/search-JS-library/src/core/reRender.js","statementMap":{"0":{"start":{"line":1,"column":17},"end":{"line":118,"column":1}},"1":{"start":{"line":12,"column":8},"end":{"line":12,"column":20}},"2":{"start":{"line":18,"column":8},"end":{"line":18,"column":19}},"3":{"start":{"line":20,"column":4},"end":{"line":20,"column":31}},"4":{"start":{"line":22,"column":4},"end":{"line":24,"column":5}},"5":{"start":{"line":23,"column":8},"end":{"line":23,"column":33}},"6":{"start":{"line":25,"column":20},"end":{"line":25,"column":43}},"7":{"start":{"line":26,"column":20},"end":{"line":26,"column":47}},"8":{"start":{"line":27,"column":18},"end":{"line":27,"column":39}},"9":{"start":{"line":28,"column":24},"end":{"line":28,"column":45}},"10":{"start":{"line":32,"column":8},"end":{"line":32,"column":22}},"11":{"start":{"line":34,"column":4},"end":{"line":36,"column":5}},"12":{"start":{"line":35,"column":8},"end":{"line":35,"column":49}},"13":{"start":{"line":38,"column":4},"end":{"line":40,"column":5}},"14":{"start":{"line":39,"column":8},"end":{"line":39,"column":31}},"15":{"start":{"line":47,"column":8},"end":{"line":47,"column":12}},"16":{"start":{"line":48,"column":4},"end":{"line":74,"column":5}},"17":{"start":{"line":49,"column":8},"end":{"line":49,"column":43}},"18":{"start":{"line":50,"column":8},"end":{"line":50,"column":41}},"19":{"start":{"line":51,"column":8},"end":{"line":51,"column":56}},"20":{"start":{"line":52,"column":8},"end":{"line":52,"column":69}},"21":{"start":{"line":53,"column":8},"end":{"line":55,"column":9}},"22":{"start":{"line":54,"column":12},"end":{"line":54,"column":32}},"23":{"start":{"line":56,"column":8},"end":{"line":56,"column":42}},"24":{"start":{"line":58,"column":24},"end":{"line":58,"column":89}},"25":{"start":{"line":59,"column":8},"end":{"line":59,"column":64}},"26":{"start":{"line":60,"column":8},"end":{"line":60,"column":64}},"27":{"start":{"line":61,"column":8},"end":{"line":61,"column":52}},"28":{"start":{"line":62,"column":8},"end":{"line":62,"column":59}},"29":{"start":{"line":63,"column":8},"end":{"line":73,"column":9}},"30":{"start":{"line":64,"column":12},"end":{"line":64,"column":53}},"31":{"start":{"line":65,"column":12},"end":{"line":70,"column":13}},"32":{"start":{"line":66,"column":16},"end":{"line":66,"column":50}},"33":{"start":{"line":67,"column":16},"end":{"line":67,"column":69}},"34":{"start":{"line":69,"column":16},"end":{"line":69,"column":70}},"35":{"start":{"line":72,"column":12},"end":{"line":72,"column":65}},"36":{"start":{"line":75,"column":4},"end":{"line":75,"column":24}},"37":{"start":{"line":76,"column":4},"end":{"line":76,"column":32}},"38":{"start":{"line":77,"column":4},"end":{"line":77,"column":26}},"39":{"start":{"line":78,"column":4},"end":{"line":80,"column":5}},"40":{"start":{"line":79,"column":8},"end":{"line":79,"column":39}},"41":{"start":{"line":81,"column":4},"end":{"line":81,"column":26}},"42":{"start":{"line":82,"column":4},"end":{"line":82,"column":46}},"43":{"start":{"line":83,"column":4},"end":{"line":93,"column":5}},"44":{"start":{"line":84,"column":8},"end":{"line":86,"column":11}},"45":{"start":{"line":85,"column":12},"end":{"line":85,"column":59}},"46":{"start":{"line":88,"column":8},"end":{"line":92,"column":9}},"47":{"start":{"line":89,"column":12},"end":{"line":91,"column":15}},"48":{"start":{"line":90,"column":16},"end":{"line":90,"column":42}},"49":{"start":{"line":94,"column":4},"end":{"line":96,"column":5}},"50":{"start":{"line":95,"column":8},"end":{"line":95,"column":63}},"51":{"start":{"line":97,"column":23},"end":{"line":97,"column":52}},"52":{"start":{"line":98,"column":4},"end":{"line":100,"column":5}},"53":{"start":{"line":99,"column":8},"end":{"line":99,"column":72}},"54":{"start":{"line":102,"column":4},"end":{"line":116,"column":5}},"55":{"start":{"line":103,"column":8},"end":{"line":113,"column":9}},"56":{"start":{"line":106,"column":16},"end":{"line":106,"column":37}},"57":{"start":{"line":107,"column":29},"end":{"line":107,"column":88}},"58":{"start":{"line":108,"column":12},"end":{"line":112,"column":14}},"59":{"start":{"line":114,"column":8},"end":{"line":114,"column":67}},"60":{"start":{"line":117,"column":4},"end":{"line":117,"column":30}}},"fnMap":{"0":{"name":"(anonymous_0)","decl":{"start":{"line":1,"column":17},"end":{"line":1,"column":18}},"loc":{"start":{"line":1,"column":27},"end":{"line":118,"column":1}},"line":1},"1":{"name":"(anonymous_1)","decl":{"start":{"line":84,"column":35},"end":{"line":84,"column":36}},"loc":{"start":{"line":84,"column":49},"end":{"line":86,"column":9}},"line":84},"2":{"name":"(anonymous_2)","decl":{"start":{"line":89,"column":39},"end":{"line":89,"column":40}},"loc":{"start":{"line":89,"column":53},"end":{"line":91,"column":13}},"line":89}},"branchMap":{"0":{"loc":{"start":{"line":22,"column":4},"end":{"line":24,"column":5}},"type":"if","locations":[{"start":{"line":22,"column":4},"end":{"line":24,"column":5}},{"start":{"line":22,"column":4},"end":{"line":24,"column":5}}],"line":22},"1":{"loc":{"start":{"line":26,"column":20},"end":{"line":26,"column":47}},"type":"binary-expr","locations":[{"start":{"line":26,"column":20},"end":{"line":26,"column":41}},{"start":{"line":26,"column":45},"end":{"line":26,"column":47}}],"line":26},"2":{"loc":{"start":{"line":34,"column":4},"end":{"line":36,"column":5}},"type":"if","locations":[{"start":{"line":34,"column":4},"end":{"line":36,"column":5}},{"start":{"line":34,"column":4},"end":{"line":36,"column":5}}],"line":34},"3":{"loc":{"start":{"line":34,"column":7},"end":{"line":34,"column":45}},"type":"binary-expr","locations":[{"start":{"line":34,"column":7},"end":{"line":34,"column":30}},{"start":{"line":34,"column":34},"end":{"line":34,"column":45}}],"line":34},"4":{"loc":{"start":{"line":38,"column":4},"end":{"line":40,"column":5}},"type":"if","locations":[{"start":{"line":38,"column":4},"end":{"line":40,"column":5}},{"start":{"line":38,"column":4},"end":{"line":40,"column":5}}],"line":38},"5":{"loc":{"start":{"line":38,"column":7},"end":{"line":38,"column":45}},"type":"binary-expr","locations":[{"start":{"line":38,"column":7},"end":{"line":38,"column":30}},{"start":{"line":38,"column":34},"end":{"line":38,"column":45}}],"line":38},"6":{"loc":{"start":{"line":48,"column":4},"end":{"line":74,"column":5}},"type":"if","locations":[{"start":{"line":48,"column":4},"end":{"line":74,"column":5}},{"start":{"line":48,"column":4},"end":{"line":74,"column":5}}],"line":48},"7":{"loc":{"start":{"line":48,"column":7},"end":{"line":48,"column":48}},"type":"binary-expr","locations":[{"start":{"line":48,"column":7},"end":{"line":48,"column":14}},{"start":{"line":48,"column":18},"end":{"line":48,"column":48}}],"line":48},"8":{"loc":{"start":{"line":53,"column":8},"end":{"line":55,"column":9}},"type":"if","locations":[{"start":{"line":53,"column":8},"end":{"line":55,"column":9}},{"start":{"line":53,"column":8},"end":{"line":55,"column":9}}],"line":53},"9":{"loc":{"start":{"line":58,"column":24},"end":{"line":58,"column":89}},"type":"cond-expr","locations":[{"start":{"line":58,"column":55},"end":{"line":58,"column":71}},{"start":{"line":58,"column":73},"end":{"line":58,"column":89}}],"line":58},"10":{"loc":{"start":{"line":63,"column":8},"end":{"line":73,"column":9}},"type":"if","locations":[{"start":{"line":63,"column":8},"end":{"line":73,"column":9}},{"start":{"line":63,"column":8},"end":{"line":73,"column":9}}],"line":63},"11":{"loc":{"start":{"line":65,"column":12},"end":{"line":70,"column":13}},"type":"if","locations":[{"start":{"line":65,"column":12},"end":{"line":70,"column":13}},{"start":{"line":65,"column":12},"end":{"line":70,"column":13}}],"line":65},"12":{"loc":{"start":{"line":78,"column":4},"end":{"line":80,"column":5}},"type":"if","locations":[{"start":{"line":78,"column":4},"end":{"line":80,"column":5}},{"start":{"line":78,"column":4},"end":{"line":80,"column":5}}],"line":78},"13":{"loc":{"start":{"line":83,"column":4},"end":{"line":93,"column":5}},"type":"if","locations":[{"start":{"line":83,"column":4},"end":{"line":93,"column":5}},{"start":{"line":83,"column":4},"end":{"line":93,"column":5}}],"line":83},"14":{"loc":{"start":{"line":88,"column":8},"end":{"line":92,"column":9}},"type":"if","locations":[{"start":{"line":88,"column":8},"end":{"line":92,"column":9}},{"start":{"line":88,"column":8},"end":{"line":92,"column":9}}],"line":88},"15":{"loc":{"start":{"line":94,"column":4},"end":{"line":96,"column":5}},"type":"if","locations":[{"start":{"line":94,"column":4},"end":{"line":96,"column":5}},{"start":{"line":94,"column":4},"end":{"line":96,"column":5}}],"line":94},"16":{"loc":{"start":{"line":98,"column":4},"end":{"line":100,"column":5}},"type":"if","locations":[{"start":{"line":98,"column":4},"end":{"line":100,"column":5}},{"start":{"line":98,"column":4},"end":{"line":100,"column":5}}],"line":98},"17":{"loc":{"start":{"line":102,"column":4},"end":{"line":116,"column":5}},"type":"if","locations":[{"start":{"line":102,"column":4},"end":{"line":116,"column":5}},{"start":{"line":102,"column":4},"end":{"line":116,"column":5}}],"line":102},"18":{"loc":{"start":{"line":103,"column":8},"end":{"line":113,"column":9}},"type":"if","locations":[{"start":{"line":103,"column":8},"end":{"line":113,"column":9}},{"start":{"line":103,"column":8},"end":{"line":113,"column":9}}],"line":103}},"s":{"0":12,"1":67,"2":67,"3":67,"4":67,"5":6,"6":67,"7":67,"8":67,"9":67,"10":67,"11":67,"12":6,"13":67,"14":0,"15":67,"16":67,"17":3,"18":3,"19":3,"20":3,"21":3,"22":3,"23":3,"24":64,"25":64,"26":64,"27":64,"28":64,"29":64,"30":1,"31":1,"32":0,"33":0,"34":1,"35":63,"36":67,"37":67,"38":67,"39":67,"40":67,"41":67,"42":67,"43":67,"44":64,"45":20,"46":3,"47":3,"48":0,"49":67,"50":67,"51":67,"52":67,"53":5,"54":67,"55":4,"56":0,"57":0,"58":0,"59":4,"60":67},"f":{"0":67,"1":20,"2":0},"b":{"0":[6,61],"1":[67,0],"2":[6,61],"3":[67,67],"4":[0,67],"5":[67,0],"6":[3,64],"7":[67,40],"8":[3,0],"9":[1,63],"10":[1,63],"11":[0,1],"12":[67,0],"13":[64,3],"14":[3,0],"15":[67,0],"16":[5,62],"17":[4,63],"18":[0,4]},"_coverageSchema":"1a1c01bbd47fc00a2c39e90264f33305004495a9","hash":"891b962f244494c1484e36018b44094a08bbcb51"}
,"/Users/mannusunny/Documents/work/sdks/search-JS-library/src/core/setConfig.js": {"path":"/Users/mannusunny/Documents/work/sdks/search-JS-library/src/core/setConfig.js","statementMap":{"0":{"start":{"line":2,"column":18},"end":{"line":40,"column":1}},"1":{"start":{"line":3,"column":4},"end":{"line":3,"column":49}},"2":{"start":{"line":10,"column":8},"end":{"line":10,"column":13}},"3":{"start":{"line":12,"column":4},"end":{"line":17,"column":5}},"4":{"start":{"line":13,"column":8},"end":{"line":13,"column":117}},"5":{"start":{"line":14,"column":8},"end":{"line":14,"column":144}},"6":{"start":{"line":15,"column":8},"end":{"line":15,"column":99}},"7":{"start":{"line":16,"column":8},"end":{"line":16,"column":161}},"8":{"start":{"line":18,"column":4},"end":{"line":24,"column":5}},"9":{"start":{"line":19,"column":8},"end":{"line":19,"column":79}},"10":{"start":{"line":20,"column":8},"end":{"line":20,"column":52}},"11":{"start":{"line":22,"column":8},"end":{"line":22,"column":58}},"12":{"start":{"line":23,"column":8},"end":{"line":23,"column":52}},"13":{"start":{"line":25,"column":4},"end":{"line":31,"column":5}},"14":{"start":{"line":26,"column":8},"end":{"line":26,"column":136}},"15":{"start":{"line":27,"column":8},"end":{"line":27,"column":112}},"16":{"start":{"line":29,"column":8},"end":{"line":29,"column":64}},"17":{"start":{"line":30,"column":8},"end":{"line":30,"column":76}},"18":{"start":{"line":32,"column":4},"end":{"line":34,"column":5}},"19":{"start":{"line":33,"column":8},"end":{"line":33,"column":112}},"20":{"start":{"line":35,"column":4},"end":{"line":38,"column":5}},"21":{"start":{"line":36,"column":8},"end":{"line":36,"column":138}},"22":{"start":{"line":37,"column":8},"end":{"line":37,"column":82}}},"fnMap":{"0":{"name":"(anonymous_0)","decl":{"start":{"line":2,"column":18},"end":{"line":2,"column":19}},"loc":{"start":{"line":2,"column":53},"end":{"line":40,"column":1}},"line":2}},"branchMap":{"0":{"loc":{"start":{"line":2,"column":27},"end":{"line":2,"column":39}},"type":"default-arg","locations":[{"start":{"line":2,"column":37},"end":{"line":2,"column":39}}],"line":2},"1":{"loc":{"start":{"line":2,"column":41},"end":{"line":2,"column":51}},"type":"default-arg","locations":[{"start":{"line":2,"column":49},"end":{"line":2,"column":51}}],"line":2},"2":{"loc":{"start":{"line":12,"column":4},"end":{"line":17,"column":5}},"type":"if","locations":[{"start":{"line":12,"column":4},"end":{"line":17,"column":5}},{"start":{"line":12,"column":4},"end":{"line":17,"column":5}}],"line":12},"3":{"loc":{"start":{"line":13,"column":39},"end":{"line":13,"column":116}},"type":"cond-expr","locations":[{"start":{"line":13,"column":65},"end":{"line":13,"column":86}},{"start":{"line":13,"column":87},"end":{"line":13,"column":116}}],"line":13},"4":{"loc":{"start":{"line":14,"column":40},"end":{"line":14,"column":143}},"type":"cond-expr","locations":[{"start":{"line":14,"column":90},"end":{"line":14,"column":112}},{"start":{"line":14,"column":113},"end":{"line":14,"column":143}}],"line":14},"5":{"loc":{"start":{"line":15,"column":34},"end":{"line":15,"column":98}},"type":"cond-expr","locations":[{"start":{"line":15,"column":55},"end":{"line":15,"column":71}},{"start":{"line":15,"column":74},"end":{"line":15,"column":98}}],"line":15},"6":{"loc":{"start":{"line":16,"column":44},"end":{"line":16,"column":160}},"type":"cond-expr","locations":[{"start":{"line":16,"column":97},"end":{"line":16,"column":123}},{"start":{"line":16,"column":126},"end":{"line":16,"column":160}}],"line":16},"7":{"loc":{"start":{"line":18,"column":4},"end":{"line":24,"column":5}},"type":"if","locations":[{"start":{"line":18,"column":4},"end":{"line":24,"column":5}},{"start":{"line":18,"column":4},"end":{"line":24,"column":5}}],"line":18},"8":{"loc":{"start":{"line":19,"column":32},"end":{"line":19,"column":78}},"type":"binary-expr","locations":[{"start":{"line":19,"column":32},"end":{"line":19,"column":49}},{"start":{"line":19,"column":53},"end":{"line":19,"column":78}}],"line":19},"9":{"loc":{"start":{"line":25,"column":4},"end":{"line":31,"column":5}},"type":"if","locations":[{"start":{"line":25,"column":4},"end":{"line":31,"column":5}},{"start":{"line":25,"column":4},"end":{"line":31,"column":5}}],"line":25},"10":{"loc":{"start":{"line":26,"column":41},"end":{"line":26,"column":135}},"type":"cond-expr","locations":[{"start":{"line":26,"column":72},"end":{"line":26,"column":98}},{"start":{"line":26,"column":101},"end":{"line":26,"column":135}}],"line":26},"11":{"loc":{"start":{"line":27,"column":35},"end":{"line":27,"column":111}},"type":"cond-expr","locations":[{"start":{"line":27,"column":60},"end":{"line":27,"column":80}},{"start":{"line":27,"column":83},"end":{"line":27,"column":111}}],"line":27},"12":{"loc":{"start":{"line":32,"column":4},"end":{"line":34,"column":5}},"type":"if","locations":[{"start":{"line":32,"column":4},"end":{"line":34,"column":5}},{"start":{"line":32,"column":4},"end":{"line":34,"column":5}}],"line":32},"13":{"loc":{"start":{"line":33,"column":36},"end":{"line":33,"column":111}},"type":"cond-expr","locations":[{"start":{"line":33,"column":69},"end":{"line":33,"column":85}},{"start":{"line":33,"column":87},"end":{"line":33,"column":111}}],"line":33},"14":{"loc":{"start":{"line":33,"column":37},"end":{"line":33,"column":65}},"type":"binary-expr","locations":[{"start":{"line":33,"column":37},"end":{"line":33,"column":45}},{"start":{"line":33,"column":49},"end":{"line":33,"column":65}}],"line":33},"15":{"loc":{"start":{"line":35,"column":4},"end":{"line":38,"column":5}},"type":"if","locations":[{"start":{"line":35,"column":4},"end":{"line":38,"column":5}},{"start":{"line":35,"column":4},"end":{"line":38,"column":5}}],"line":35},"16":{"loc":{"start":{"line":36,"column":41},"end":{"line":36,"column":137}},"type":"cond-expr","locations":[{"start":{"line":36,"column":73},"end":{"line":36,"column":100}},{"start":{"line":36,"column":102},"end":{"line":36,"column":137}}],"line":36}},"s":{"0":12,"1":26,"2":26,"3":26,"4":2,"5":2,"6":2,"7":2,"8":26,"9":2,"10":2,"11":24,"12":24,"13":26,"14":12,"15":12,"16":14,"17":14,"18":26,"19":1,"20":26,"21":1,"22":1},"f":{"0":26},"b":{"0":[0],"1":[12],"2":[2,24],"3":[0,2],"4":[0,2],"5":[0,2],"6":[2,0],"7":[2,24],"8":[2,0],"9":[12,14],"10":[0,12],"11":[12,0],"12":[1,25],"13":[1,0],"14":[1,1],"15":[1,25],"16":[1,0]},"_coverageSchema":"1a1c01bbd47fc00a2c39e90264f33305004495a9","hash":"206bab07ca6377b90be5fdcf59d84b5f730edbec"}
,"/Users/mannusunny/Documents/work/sdks/search-JS-library/src/core/setMethods.js": {"path":"/Users/mannusunny/Documents/work/sdks/search-JS-library/src/core/setMethods.js","statementMap":{"0":{"start":{"line":18,"column":24},"end":{"line":24,"column":1}},"1":{"start":{"line":21,"column":8},"end":{"line":21,"column":20}},"2":{"start":{"line":22,"column":19},"end":{"line":22,"column":52}},"3":{"start":{"line":23,"column":4},"end":{"line":23,"column":35}},"4":{"start":{"line":25,"column":23},"end":{"line":31,"column":1}},"5":{"start":{"line":28,"column":8},"end":{"line":28,"column":20}},"6":{"start":{"line":29,"column":19},"end":{"line":29,"column":49}},"7":{"start":{"line":30,"column":4},"end":{"line":30,"column":32}},"8":{"start":{"line":32,"column":21},"end":{"line":38,"column":1}},"9":{"start":{"line":35,"column":8},"end":{"line":35,"column":12}},"10":{"start":{"line":36,"column":4},"end":{"line":36,"column":36}},"11":{"start":{"line":37,"column":4},"end":{"line":37,"column":22}},"12":{"start":{"line":40,"column":21},"end":{"line":105,"column":1}},"13":{"start":{"line":43,"column":8},"end":{"line":43,"column":20}},"14":{"start":{"line":46,"column":8},"end":{"line":46,"column":9}},"15":{"start":{"line":49,"column":8},"end":{"line":49,"column":14}},"16":{"start":{"line":57,"column":8},"end":{"line":57,"column":20}},"17":{"start":{"line":61,"column":8},"end":{"line":61,"column":26}},"18":{"start":{"line":62,"column":4},"end":{"line":103,"column":5}},"19":{"start":{"line":68,"column":12},"end":{"line":68,"column":19}},"20":{"start":{"line":71,"column":12},"end":{"line":71,"column":26}},"21":{"start":{"line":72,"column":17},"end":{"line":72,"column":68}},"22":{"start":{"line":73,"column":8},"end":{"line":80,"column":9}},"23":{"start":{"line":74,"column":12},"end":{"line":74,"column":60}},"24":{"start":{"line":75,"column":12},"end":{"line":75,"column":42}},"25":{"start":{"line":76,"column":12},"end":{"line":76,"column":46}},"26":{"start":{"line":77,"column":12},"end":{"line":77,"column":66}},"27":{"start":{"line":78,"column":12},"end":{"line":78,"column":44}},"28":{"start":{"line":79,"column":12},"end":{"line":79,"column":40}},"29":{"start":{"line":81,"column":8},"end":{"line":88,"column":9}},"30":{"start":{"line":82,"column":12},"end":{"line":82,"column":61}},"31":{"start":{"line":83,"column":12},"end":{"line":83,"column":45}},"32":{"start":{"line":84,"column":12},"end":{"line":84,"column":43}},"33":{"start":{"line":85,"column":12},"end":{"line":85,"column":65}},"34":{"start":{"line":86,"column":12},"end":{"line":86,"column":43}},"35":{"start":{"line":87,"column":12},"end":{"line":87,"column":41}},"36":{"start":{"line":89,"column":8},"end":{"line":95,"column":9}},"37":{"start":{"line":90,"column":12},"end":{"line":90,"column":58}},"38":{"start":{"line":91,"column":12},"end":{"line":91,"column":47}},"39":{"start":{"line":92,"column":25},"end":{"line":92,"column":65}},"40":{"start":{"line":93,"column":12},"end":{"line":93,"column":44}},"41":{"start":{"line":94,"column":12},"end":{"line":94,"column":41}},"42":{"start":{"line":96,"column":8},"end":{"line":102,"column":9}},"43":{"start":{"line":97,"column":12},"end":{"line":97,"column":58}},"44":{"start":{"line":98,"column":12},"end":{"line":98,"column":47}},"45":{"start":{"line":99,"column":25},"end":{"line":99,"column":65}},"46":{"start":{"line":100,"column":12},"end":{"line":100,"column":44}},"47":{"start":{"line":101,"column":12},"end":{"line":101,"column":41}},"48":{"start":{"line":104,"column":4},"end":{"line":104,"column":22}},"49":{"start":{"line":106,"column":27},"end":{"line":123,"column":1}},"50":{"start":{"line":109,"column":8},"end":{"line":109,"column":20}},"51":{"start":{"line":112,"column":8},"end":{"line":112,"column":16}},"52":{"start":{"line":113,"column":4},"end":{"line":121,"column":5}},"53":{"start":{"line":117,"column":12},"end":{"line":117,"column":19}},"54":{"start":{"line":118,"column":8},"end":{"line":120,"column":9}},"55":{"start":{"line":119,"column":12},"end":{"line":119,"column":63}},"56":{"start":{"line":122,"column":4},"end":{"line":122,"column":22}},"57":{"start":{"line":124,"column":24},"end":{"line":130,"column":1}},"58":{"start":{"line":125,"column":4},"end":{"line":125,"column":20}},"59":{"start":{"line":126,"column":4},"end":{"line":126,"column":42}},"60":{"start":{"line":127,"column":4},"end":{"line":127,"column":51}},"61":{"start":{"line":128,"column":4},"end":{"line":128,"column":49}},"62":{"start":{"line":129,"column":4},"end":{"line":129,"column":22}},"63":{"start":{"line":131,"column":22},"end":{"line":137,"column":1}},"64":{"start":{"line":132,"column":4},"end":{"line":132,"column":20}},"65":{"start":{"line":133,"column":4},"end":{"line":133,"column":40}},"66":{"start":{"line":134,"column":4},"end":{"line":134,"column":49}},"67":{"start":{"line":135,"column":4},"end":{"line":135,"column":49}},"68":{"start":{"line":136,"column":4},"end":{"line":136,"column":22}},"69":{"start":{"line":138,"column":23},"end":{"line":143,"column":1}},"70":{"start":{"line":139,"column":4},"end":{"line":139,"column":41}},"71":{"start":{"line":140,"column":4},"end":{"line":140,"column":39}},"72":{"start":{"line":141,"column":4},"end":{"line":141,"column":41}},"73":{"start":{"line":142,"column":4},"end":{"line":142,"column":39}},"74":{"start":{"line":144,"column":20},"end":{"line":146,"column":1}},"75":{"start":{"line":145,"column":4},"end":{"line":145,"column":60}},"76":{"start":{"line":149,"column":19},"end":{"line":179,"column":1}},"77":{"start":{"line":152,"column":8},"end":{"line":152,"column":19}},"78":{"start":{"line":153,"column":4},"end":{"line":153,"column":46}},"79":{"start":{"line":154,"column":4},"end":{"line":154,"column":48}},"80":{"start":{"line":155,"column":4},"end":{"line":155,"column":46}},"81":{"start":{"line":156,"column":4},"end":{"line":156,"column":42}},"82":{"start":{"line":157,"column":4},"end":{"line":157,"column":42}},"83":{"start":{"line":158,"column":4},"end":{"line":158,"column":38}},"84":{"start":{"line":159,"column":4},"end":{"line":159,"column":42}},"85":{"start":{"line":160,"column":4},"end":{"line":160,"column":54}},"86":{"start":{"line":161,"column":4},"end":{"line":161,"column":48}},"87":{"start":{"line":162,"column":4},"end":{"line":162,"column":44}},"88":{"start":{"line":163,"column":4},"end":{"line":163,"column":46}},"89":{"start":{"line":164,"column":4},"end":{"line":164,"column":40}},"90":{"start":{"line":165,"column":4},"end":{"line":165,"column":44}},"91":{"start":{"line":166,"column":4},"end":{"line":166,"column":35}},"92":{"start":{"line":167,"column":4},"end":{"line":167,"column":24}},"93":{"start":{"line":168,"column":4},"end":{"line":168,"column":34}},"94":{"start":{"line":169,"column":4},"end":{"line":169,"column":25}},"95":{"start":{"line":170,"column":4},"end":{"line":170,"column":25}},"96":{"start":{"line":171,"column":4},"end":{"line":171,"column":29}},"97":{"start":{"line":172,"column":4},"end":{"line":172,"column":23}},"98":{"start":{"line":173,"column":4},"end":{"line":173,"column":29}},"99":{"start":{"line":174,"column":4},"end":{"line":174,"column":30}},"100":{"start":{"line":175,"column":4},"end":{"line":175,"column":27}},"101":{"start":{"line":176,"column":4},"end":{"line":176,"column":27}},"102":{"start":{"line":177,"column":4},"end":{"line":177,"column":28}}},"fnMap":{"0":{"name":"(anonymous_0)","decl":{"start":{"line":18,"column":24},"end":{"line":18,"column":25}},"loc":{"start":{"line":18,"column":40},"end":{"line":24,"column":1}},"line":18},"1":{"name":"(anonymous_1)","decl":{"start":{"line":25,"column":23},"end":{"line":25,"column":24}},"loc":{"start":{"line":25,"column":39},"end":{"line":31,"column":1}},"line":25},"2":{"name":"(anonymous_2)","decl":{"start":{"line":32,"column":21},"end":{"line":32,"column":22}},"loc":{"start":{"line":32,"column":37},"end":{"line":38,"column":1}},"line":32},"3":{"name":"(anonymous_3)","decl":{"start":{"line":40,"column":21},"end":{"line":40,"column":22}},"loc":{"start":{"line":40,"column":33},"end":{"line":105,"column":1}},"line":40},"4":{"name":"(anonymous_4)","decl":{"start":{"line":106,"column":27},"end":{"line":106,"column":28}},"loc":{"start":{"line":106,"column":39},"end":{"line":123,"column":1}},"line":106},"5":{"name":"(anonymous_5)","decl":{"start":{"line":124,"column":24},"end":{"line":124,"column":25}},"loc":{"start":{"line":124,"column":35},"end":{"line":130,"column":1}},"line":124},"6":{"name":"(anonymous_6)","decl":{"start":{"line":131,"column":22},"end":{"line":131,"column":23}},"loc":{"start":{"line":131,"column":33},"end":{"line":137,"column":1}},"line":131},"7":{"name":"(anonymous_7)","decl":{"start":{"line":138,"column":23},"end":{"line":138,"column":24}},"loc":{"start":{"line":138,"column":34},"end":{"line":143,"column":1}},"line":138},"8":{"name":"(anonymous_8)","decl":{"start":{"line":144,"column":20},"end":{"line":144,"column":21}},"loc":{"start":{"line":144,"column":39},"end":{"line":146,"column":1}},"line":144},"9":{"name":"(anonymous_9)","decl":{"start":{"line":149,"column":19},"end":{"line":149,"column":20}},"loc":{"start":{"line":149,"column":36},"end":{"line":179,"column":1}},"line":149}},"branchMap":{"0":{"loc":{"start":{"line":62,"column":4},"end":{"line":103,"column":5}},"type":"if","locations":[{"start":{"line":62,"column":4},"end":{"line":103,"column":5}},{"start":{"line":62,"column":4},"end":{"line":103,"column":5}}],"line":62},"1":{"loc":{"start":{"line":73,"column":8},"end":{"line":80,"column":9}},"type":"if","locations":[{"start":{"line":73,"column":8},"end":{"line":80,"column":9}},{"start":{"line":73,"column":8},"end":{"line":80,"column":9}}],"line":73},"2":{"loc":{"start":{"line":81,"column":8},"end":{"line":88,"column":9}},"type":"if","locations":[{"start":{"line":81,"column":8},"end":{"line":88,"column":9}},{"start":{"line":81,"column":8},"end":{"line":88,"column":9}}],"line":81},"3":{"loc":{"start":{"line":89,"column":8},"end":{"line":95,"column":9}},"type":"if","locations":[{"start":{"line":89,"column":8},"end":{"line":95,"column":9}},{"start":{"line":89,"column":8},"end":{"line":95,"column":9}}],"line":89},"4":{"loc":{"start":{"line":96,"column":8},"end":{"line":102,"column":9}},"type":"if","locations":[{"start":{"line":96,"column":8},"end":{"line":102,"column":9}},{"start":{"line":96,"column":8},"end":{"line":102,"column":9}}],"line":96},"5":{"loc":{"start":{"line":113,"column":4},"end":{"line":121,"column":5}},"type":"if","locations":[{"start":{"line":113,"column":4},"end":{"line":121,"column":5}},{"start":{"line":113,"column":4},"end":{"line":121,"column":5}}],"line":113},"6":{"loc":{"start":{"line":118,"column":8},"end":{"line":120,"column":9}},"type":"if","locations":[{"start":{"line":118,"column":8},"end":{"line":120,"column":9}},{"start":{"line":118,"column":8},"end":{"line":120,"column":9}}],"line":118},"7":{"loc":{"start":{"line":144,"column":21},"end":{"line":144,"column":34}},"type":"default-arg","locations":[{"start":{"line":144,"column":28},"end":{"line":144,"column":34}}],"line":144}},"s":{"0":12,"1":0,"2":0,"3":0,"4":12,"5":0,"6":0,"7":0,"8":12,"9":14,"10":14,"11":14,"12":12,"13":2,"14":2,"15":2,"16":2,"17":2,"18":2,"19":2,"20":2,"21":2,"22":2,"23":1,"24":1,"25":1,"26":1,"27":1,"28":1,"29":2,"30":1,"31":1,"32":1,"33":1,"34":1,"35":1,"36":2,"37":0,"38":0,"39":0,"40":0,"41":0,"42":2,"43":0,"44":0,"45":0,"46":0,"47":0,"48":2,"49":12,"50":0,"51":0,"52":0,"53":0,"54":0,"55":0,"56":0,"57":12,"58":0,"59":0,"60":0,"61":0,"62":0,"63":12,"64":0,"65":0,"66":0,"67":0,"68":0,"69":12,"70":1,"71":1,"72":1,"73":1,"74":12,"75":26,"76":12,"77":12,"78":12,"79":12,"80":12,"81":12,"82":12,"83":12,"84":12,"85":12,"86":12,"87":12,"88":12,"89":12,"90":12,"91":12,"92":12,"93":12,"94":12,"95":12,"96":12,"97":12,"98":12,"99":12,"100":12,"101":12,"102":12},"f":{"0":0,"1":0,"2":14,"3":2,"4":0,"5":0,"6":0,"7":1,"8":26,"9":12},"b":{"0":[2,0],"1":[1,1],"2":[1,1],"3":[0,2],"4":[0,2],"5":[0,0],"6":[0,0],"7":[0]},"_coverageSchema":"1a1c01bbd47fc00a2c39e90264f33305004495a9","hash":"0f11148fb75b8efd96916205595bb39abf694d43"}
,"/Users/mannusunny/Documents/work/sdks/search-JS-library/src/core/componentWrappers/createBannerWrapper.js": {"path":"/Users/mannusunny/Documents/work/sdks/search-JS-library/src/core/componentWrappers/createBannerWrapper.js","statementMap":{"0":{"start":{"line":6,"column":8},"end":{"line":6,"column":27}},"1":{"start":{"line":7,"column":4},"end":{"line":12,"column":6}}},"fnMap":{"0":{"name":"(anonymous_0)","decl":{"start":{"line":1,"column":15},"end":{"line":1,"column":16}},"loc":{"start":{"line":1,"column":26},"end":{"line":13,"column":1}},"line":1}},"branchMap":{"0":{"loc":{"start":{"line":4,"column":8},"end":{"line":4,"column":27}},"type":"default-arg","locations":[{"start":{"line":4,"column":25},"end":{"line":4,"column":27}}],"line":4}},"s":{"0":14,"1":14},"f":{"0":14},"b":{"0":[0]},"_coverageSchema":"1a1c01bbd47fc00a2c39e90264f33305004495a9","hash":"4c6b08b807980edbbf60e8dd9d4b64cdfea82e85"}
,"/Users/mannusunny/Documents/work/sdks/search-JS-library/src/core/componentWrappers/createBreadcrumbWrapper.js": {"path":"/Users/mannusunny/Documents/work/sdks/search-JS-library/src/core/componentWrappers/createBreadcrumbWrapper.js","statementMap":{"0":{"start":{"line":6,"column":8},"end":{"line":6,"column":31}},"1":{"start":{"line":7,"column":4},"end":{"line":12,"column":6}}},"fnMap":{"0":{"name":"(anonymous_0)","decl":{"start":{"line":1,"column":15},"end":{"line":1,"column":16}},"loc":{"start":{"line":1,"column":26},"end":{"line":13,"column":1}},"line":1}},"branchMap":{"0":{"loc":{"start":{"line":4,"column":8},"end":{"line":4,"column":27}},"type":"default-arg","locations":[{"start":{"line":4,"column":25},"end":{"line":4,"column":27}}],"line":4}},"s":{"0":14,"1":14},"f":{"0":14},"b":{"0":[0]},"_coverageSchema":"1a1c01bbd47fc00a2c39e90264f33305004495a9","hash":"a3ae1b3bcf767bca6e6275d9bb4740688f9fecd2"}
,"/Users/mannusunny/Documents/work/sdks/search-JS-library/src/core/componentWrappers/createFacetWrapper.js": {"path":"/Users/mannusunny/Documents/work/sdks/search-JS-library/src/core/componentWrappers/createFacetWrapper.js","statementMap":{"0":{"start":{"line":6,"column":8},"end":{"line":6,"column":26}},"1":{"start":{"line":7,"column":4},"end":{"line":12,"column":6}}},"fnMap":{"0":{"name":"(anonymous_0)","decl":{"start":{"line":1,"column":15},"end":{"line":1,"column":16}},"loc":{"start":{"line":1,"column":25},"end":{"line":13,"column":1}},"line":1}},"branchMap":{"0":{"loc":{"start":{"line":4,"column":8},"end":{"line":4,"column":27}},"type":"default-arg","locations":[{"start":{"line":4,"column":25},"end":{"line":4,"column":27}}],"line":4}},"s":{"0":14,"1":14},"f":{"0":14},"b":{"0":[0]},"_coverageSchema":"1a1c01bbd47fc00a2c39e90264f33305004495a9","hash":"0dc2d39184d1317e5bd57aa500fef0897c913a66"}
,"/Users/mannusunny/Documents/work/sdks/search-JS-library/src/core/componentWrappers/createPageSizeWrapper.js": {"path":"/Users/mannusunny/Documents/work/sdks/search-JS-library/src/core/componentWrappers/createPageSizeWrapper.js","statementMap":{"0":{"start":{"line":6,"column":8},"end":{"line":6,"column":29}},"1":{"start":{"line":7,"column":4},"end":{"line":12,"column":6}}},"fnMap":{"0":{"name":"(anonymous_0)","decl":{"start":{"line":1,"column":15},"end":{"line":1,"column":16}},"loc":{"start":{"line":1,"column":26},"end":{"line":13,"column":1}},"line":1}},"branchMap":{"0":{"loc":{"start":{"line":4,"column":8},"end":{"line":4,"column":27}},"type":"default-arg","locations":[{"start":{"line":4,"column":25},"end":{"line":4,"column":27}}],"line":4}},"s":{"0":14,"1":14},"f":{"0":14},"b":{"0":[0]},"_coverageSchema":"1a1c01bbd47fc00a2c39e90264f33305004495a9","hash":"c74dac6ddcdb02f3afa8cc6c49e947f3d43cdabe"}
,"/Users/mannusunny/Documents/work/sdks/search-JS-library/src/core/componentWrappers/createPaginationWrapper.js": {"path":"/Users/mannusunny/Documents/work/sdks/search-JS-library/src/core/componentWrappers/createPaginationWrapper.js","statementMap":{"0":{"start":{"line":6,"column":8},"end":{"line":6,"column":31}},"1":{"start":{"line":7,"column":4},"end":{"line":12,"column":6}}},"fnMap":{"0":{"name":"(anonymous_0)","decl":{"start":{"line":1,"column":15},"end":{"line":1,"column":16}},"loc":{"start":{"line":1,"column":26},"end":{"line":13,"column":1}},"line":1}},"branchMap":{"0":{"loc":{"start":{"line":4,"column":8},"end":{"line":4,"column":27}},"type":"default-arg","locations":[{"start":{"line":4,"column":25},"end":{"line":4,"column":27}}],"line":4}},"s":{"0":3,"1":3},"f":{"0":3},"b":{"0":[0]},"_coverageSchema":"1a1c01bbd47fc00a2c39e90264f33305004495a9","hash":"43fb29c72bb36039281fd5fd9e47ef5334e687fd"}
,"/Users/mannusunny/Documents/work/sdks/search-JS-library/src/core/componentWrappers/createProductViewTypeWrapper.js": {"path":"/Users/mannusunny/Documents/work/sdks/search-JS-library/src/core/componentWrappers/createProductViewTypeWrapper.js","statementMap":{"0":{"start":{"line":6,"column":8},"end":{"line":6,"column":32}},"1":{"start":{"line":7,"column":4},"end":{"line":12,"column":6}}},"fnMap":{"0":{"name":"(anonymous_0)","decl":{"start":{"line":1,"column":15},"end":{"line":1,"column":16}},"loc":{"start":{"line":1,"column":25},"end":{"line":13,"column":1}},"line":1}},"branchMap":{"0":{"loc":{"start":{"line":4,"column":8},"end":{"line":4,"column":27}},"type":"default-arg","locations":[{"start":{"line":4,"column":25},"end":{"line":4,"column":27}}],"line":4}},"s":{"0":14,"1":14},"f":{"0":14},"b":{"0":[0]},"_coverageSchema":"1a1c01bbd47fc00a2c39e90264f33305004495a9","hash":"0a04846952bc846670377b0ede9553e924987227"}
,"/Users/mannusunny/Documents/work/sdks/search-JS-library/src/core/componentWrappers/createSearchWrapper.js": {"path":"/Users/mannusunny/Documents/work/sdks/search-JS-library/src/core/componentWrappers/createSearchWrapper.js","statementMap":{"0":{"start":{"line":6,"column":8},"end":{"line":6,"column":29}},"1":{"start":{"line":7,"column":4},"end":{"line":12,"column":6}}},"fnMap":{"0":{"name":"(anonymous_0)","decl":{"start":{"line":1,"column":15},"end":{"line":1,"column":16}},"loc":{"start":{"line":1,"column":27},"end":{"line":13,"column":1}},"line":1}},"branchMap":{"0":{"loc":{"start":{"line":4,"column":8},"end":{"line":4,"column":27}},"type":"default-arg","locations":[{"start":{"line":4,"column":25},"end":{"line":4,"column":27}}],"line":4}},"s":{"0":14,"1":14},"f":{"0":14},"b":{"0":[0]},"_coverageSchema":"1a1c01bbd47fc00a2c39e90264f33305004495a9","hash":"bd2d88bf2fe25f8f56508a0b33b7fa111a274e19"}
,"/Users/mannusunny/Documents/work/sdks/search-JS-library/src/core/componentWrappers/createSelectedFacetWrapper.js": {"path":"/Users/mannusunny/Documents/work/sdks/search-JS-library/src/core/componentWrappers/createSelectedFacetWrapper.js","statementMap":{"0":{"start":{"line":6,"column":8},"end":{"line":6,"column":35}},"1":{"start":{"line":7,"column":4},"end":{"line":12,"column":6}}},"fnMap":{"0":{"name":"(anonymous_0)","decl":{"start":{"line":1,"column":15},"end":{"line":1,"column":16}},"loc":{"start":{"line":1,"column":26},"end":{"line":13,"column":1}},"line":1}},"branchMap":{"0":{"loc":{"start":{"line":4,"column":8},"end":{"line":4,"column":27}},"type":"default-arg","locations":[{"start":{"line":4,"column":25},"end":{"line":4,"column":27}}],"line":4}},"s":{"0":14,"1":14},"f":{"0":14},"b":{"0":[0]},"_coverageSchema":"1a1c01bbd47fc00a2c39e90264f33305004495a9","hash":"ac73f23dbc276211354656ffdd22936e70b9937c"}
,"/Users/mannusunny/Documents/work/sdks/search-JS-library/src/core/componentWrappers/createSortWrapper.js": {"path":"/Users/mannusunny/Documents/work/sdks/search-JS-library/src/core/componentWrappers/createSortWrapper.js","statementMap":{"0":{"start":{"line":7,"column":8},"end":{"line":7,"column":25}},"1":{"start":{"line":8,"column":4},"end":{"line":13,"column":6}}},"fnMap":{"0":{"name":"(anonymous_0)","decl":{"start":{"line":1,"column":15},"end":{"line":1,"column":16}},"loc":{"start":{"line":1,"column":26},"end":{"line":14,"column":1}},"line":1}},"branchMap":{"0":{"loc":{"start":{"line":5,"column":8},"end":{"line":5,"column":27}},"type":"default-arg","locations":[{"start":{"line":5,"column":25},"end":{"line":5,"column":27}}],"line":5}},"s":{"0":14,"1":14},"f":{"0":14},"b":{"0":[0]},"_coverageSchema":"1a1c01bbd47fc00a2c39e90264f33305004495a9","hash":"04e0034586eae7d8f2ff6efdcb6f7cdf30372f11"}
,"/Users/mannusunny/Documents/work/sdks/search-JS-library/src/core/componentWrappers/createSpellCheckWrapper.js": {"path":"/Users/mannusunny/Documents/work/sdks/search-JS-library/src/core/componentWrappers/createSpellCheckWrapper.js","statementMap":{"0":{"start":{"line":6,"column":8},"end":{"line":6,"column":31}},"1":{"start":{"line":7,"column":4},"end":{"line":12,"column":6}}},"fnMap":{"0":{"name":"(anonymous_0)","decl":{"start":{"line":1,"column":15},"end":{"line":1,"column":16}},"loc":{"start":{"line":1,"column":25},"end":{"line":13,"column":1}},"line":1}},"branchMap":{"0":{"loc":{"start":{"line":4,"column":8},"end":{"line":4,"column":27}},"type":"default-arg","locations":[{"start":{"line":4,"column":25},"end":{"line":4,"column":27}}],"line":4}},"s":{"0":14,"1":14},"f":{"0":14},"b":{"0":[0]},"_coverageSchema":"1a1c01bbd47fc00a2c39e90264f33305004495a9","hash":"2925d0ab80c3484082d0f88df37d0c0a0e8d9077"}
,"/Users/mannusunny/Documents/work/sdks/search-JS-library/src/core/componentWrappers/index.js": {"path":"/Users/mannusunny/Documents/work/sdks/search-JS-library/src/core/componentWrappers/index.js","statementMap":{"0":{"start":{"line":13,"column":29},"end":{"line":26,"column":1}},"1":{"start":{"line":14,"column":4},"end":{"line":25,"column":6}}},"fnMap":{"0":{"name":"(anonymous_0)","decl":{"start":{"line":13,"column":29},"end":{"line":13,"column":30}},"loc":{"start":{"line":13,"column":44},"end":{"line":26,"column":1}},"line":13}},"branchMap":{},"s":{"0":12,"1":12},"f":{"0":12},"b":{},"_coverageSchema":"1a1c01bbd47fc00a2c39e90264f33305004495a9","hash":"8a2a1ebe9391bb66811378cc1312844d383e22f5"}
,"/Users/mannusunny/Documents/work/sdks/search-JS-library/src/modules/analytics/setAnalytics.js": {"path":"/Users/mannusunny/Documents/work/sdks/search-JS-library/src/modules/analytics/setAnalytics.js","statementMap":{"0":{"start":{"line":2,"column":20},"end":{"line":9,"column":1}},"1":{"start":{"line":3,"column":4},"end":{"line":8,"column":6}},"2":{"start":{"line":10,"column":26},"end":{"line":23,"column":1}},"3":{"start":{"line":15,"column":8},"end":{"line":15,"column":13}},"4":{"start":{"line":16,"column":4},"end":{"line":22,"column":10}},"5":{"start":{"line":24,"column":24},"end":{"line":52,"column":1}},"6":{"start":{"line":25,"column":20},"end":{"line":25,"column":43}},"7":{"start":{"line":26,"column":18},"end":{"line":26,"column":39}},"8":{"start":{"line":29,"column":8},"end":{"line":29,"column":20}},"9":{"start":{"line":32,"column":8},"end":{"line":32,"column":15}},"10":{"start":{"line":33,"column":14},"end":{"line":35,"column":5}},"11":{"start":{"line":36,"column":4},"end":{"line":38,"column":5}},"12":{"start":{"line":37,"column":8},"end":{"line":37,"column":29}},"13":{"start":{"line":39,"column":4},"end":{"line":51,"column":5}},"14":{"start":{"line":40,"column":19},"end":{"line":40,"column":21}},"15":{"start":{"line":41,"column":8},"end":{"line":48,"column":11}},"16":{"start":{"line":45,"column":16},"end":{"line":45,"column":23}},"17":{"start":{"line":46,"column":24},"end":{"line":46,"column":39}},"18":{"start":{"line":47,"column":12},"end":{"line":47,"column":26}},"19":{"start":{"line":49,"column":8},"end":{"line":49,"column":32}},"20":{"start":{"line":50,"column":8},"end":{"line":50,"column":45}},"21":{"start":{"line":53,"column":24},"end":{"line":80,"column":1}},"22":{"start":{"line":54,"column":23},"end":{"line":54,"column":47}},"23":{"start":{"line":55,"column":24},"end":{"line":55,"column":45}},"24":{"start":{"line":56,"column":26},"end":{"line":56,"column":51}},"25":{"start":{"line":57,"column":26},"end":{"line":57,"column":49}},"26":{"start":{"line":58,"column":27},"end":{"line":58,"column":51}},"27":{"start":{"line":59,"column":24},"end":{"line":59,"column":50}},"28":{"start":{"line":60,"column":18},"end":{"line":60,"column":20}},"29":{"start":{"line":61,"column":4},"end":{"line":68,"column":7}},"30":{"start":{"line":62,"column":22},"end":{"line":62,"column":39}},"31":{"start":{"line":63,"column":18},"end":{"line":63,"column":20}},"32":{"start":{"line":64,"column":8},"end":{"line":66,"column":11}},"33":{"start":{"line":65,"column":12},"end":{"line":65,"column":30}},"34":{"start":{"line":67,"column":8},"end":{"line":67,"column":30}},"35":{"start":{"line":69,"column":4},"end":{"line":72,"column":7}},"36":{"start":{"line":70,"column":19},"end":{"line":70,"column":40}},"37":{"start":{"line":71,"column":8},"end":{"line":71,"column":30}},"38":{"start":{"line":73,"column":4},"end":{"line":77,"column":6}},"39":{"start":{"line":74,"column":19},"end":{"line":74,"column":42}},"40":{"start":{"line":75,"column":25},"end":{"line":75,"column":38}},"41":{"start":{"line":76,"column":8},"end":{"line":76,"column":38}},"42":{"start":{"line":78,"column":18},"end":{"line":78,"column":39}},"43":{"start":{"line":79,"column":4},"end":{"line":79,"column":61}},"44":{"start":{"line":81,"column":30},"end":{"line":86,"column":1}},"45":{"start":{"line":82,"column":4},"end":{"line":85,"column":5}},"46":{"start":{"line":83,"column":8},"end":{"line":83,"column":64}},"47":{"start":{"line":84,"column":8},"end":{"line":84,"column":63}},"48":{"start":{"line":87,"column":27},"end":{"line":113,"column":1}},"49":{"start":{"line":88,"column":18},"end":{"line":88,"column":38}},"50":{"start":{"line":91,"column":8},"end":{"line":91,"column":20}},"51":{"start":{"line":92,"column":4},"end":{"line":94,"column":5}},"52":{"start":{"line":93,"column":8},"end":{"line":93,"column":21}},"53":{"start":{"line":95,"column":4},"end":{"line":112,"column":5}},"54":{"start":{"line":96,"column":8},"end":{"line":111,"column":9}},"55":{"start":{"line":98,"column":16},"end":{"line":98,"column":40}},"56":{"start":{"line":99,"column":12},"end":{"line":99,"column":18}},"57":{"start":{"line":101,"column":16},"end":{"line":101,"column":46}},"58":{"start":{"line":102,"column":12},"end":{"line":102,"column":18}},"59":{"start":{"line":104,"column":16},"end":{"line":104,"column":39}},"60":{"start":{"line":105,"column":12},"end":{"line":105,"column":18}},"61":{"start":{"line":107,"column":16},"end":{"line":107,"column":49}},"62":{"start":{"line":109,"column":16},"end":{"line":109,"column":55}},"63":{"start":{"line":110,"column":12},"end":{"line":110,"column":18}},"64":{"start":{"line":116,"column":21},"end":{"line":125,"column":1}},"65":{"start":{"line":117,"column":4},"end":{"line":124,"column":6}}},"fnMap":{"0":{"name":"(anonymous_0)","decl":{"start":{"line":2,"column":20},"end":{"line":2,"column":21}},"loc":{"start":{"line":2,"column":35},"end":{"line":9,"column":1}},"line":2},"1":{"name":"(anonymous_1)","decl":{"start":{"line":10,"column":26},"end":{"line":10,"column":27}},"loc":{"start":{"line":10,"column":41},"end":{"line":23,"column":1}},"line":10},"2":{"name":"(anonymous_2)","decl":{"start":{"line":24,"column":24},"end":{"line":24,"column":25}},"loc":{"start":{"line":24,"column":34},"end":{"line":52,"column":1}},"line":24},"3":{"name":"(anonymous_3)","decl":{"start":{"line":41,"column":25},"end":{"line":41,"column":26}},"loc":{"start":{"line":41,"column":36},"end":{"line":48,"column":9}},"line":41},"4":{"name":"(anonymous_4)","decl":{"start":{"line":53,"column":24},"end":{"line":53,"column":25}},"loc":{"start":{"line":53,"column":44},"end":{"line":80,"column":1}},"line":53},"5":{"name":"(anonymous_5)","decl":{"start":{"line":61,"column":26},"end":{"line":61,"column":27}},"loc":{"start":{"line":61,"column":36},"end":{"line":68,"column":5}},"line":61},"6":{"name":"(anonymous_6)","decl":{"start":{"line":64,"column":23},"end":{"line":64,"column":24}},"loc":{"start":{"line":64,"column":32},"end":{"line":66,"column":9}},"line":64},"7":{"name":"(anonymous_7)","decl":{"start":{"line":69,"column":27},"end":{"line":69,"column":28}},"loc":{"start":{"line":69,"column":37},"end":{"line":72,"column":5}},"line":69},"8":{"name":"(anonymous_8)","decl":{"start":{"line":73,"column":24},"end":{"line":73,"column":25}},"loc":{"start":{"line":73,"column":36},"end":{"line":77,"column":5}},"line":73},"9":{"name":"(anonymous_9)","decl":{"start":{"line":81,"column":30},"end":{"line":81,"column":31}},"loc":{"start":{"line":81,"column":54},"end":{"line":86,"column":1}},"line":81},"10":{"name":"(anonymous_10)","decl":{"start":{"line":87,"column":27},"end":{"line":87,"column":28}},"loc":{"start":{"line":87,"column":48},"end":{"line":113,"column":1}},"line":87},"11":{"name":"(anonymous_11)","decl":{"start":{"line":116,"column":21},"end":{"line":116,"column":22}},"loc":{"start":{"line":116,"column":36},"end":{"line":125,"column":1}},"line":116}},"branchMap":{"0":{"loc":{"start":{"line":19,"column":20},"end":{"line":19,"column":35}},"type":"binary-expr","locations":[{"start":{"line":19,"column":20},"end":{"line":19,"column":28}},{"start":{"line":19,"column":32},"end":{"line":19,"column":35}}],"line":19},"1":{"loc":{"start":{"line":36,"column":4},"end":{"line":38,"column":5}},"type":"if","locations":[{"start":{"line":36,"column":4},"end":{"line":38,"column":5}},{"start":{"line":36,"column":4},"end":{"line":38,"column":5}}],"line":36},"2":{"loc":{"start":{"line":39,"column":4},"end":{"line":51,"column":5}},"type":"if","locations":[{"start":{"line":39,"column":4},"end":{"line":51,"column":5}},{"start":{"line":39,"column":4},"end":{"line":51,"column":5}}],"line":39},"3":{"loc":{"start":{"line":46,"column":24},"end":{"line":46,"column":39}},"type":"binary-expr","locations":[{"start":{"line":46,"column":24},"end":{"line":46,"column":32}},{"start":{"line":46,"column":36},"end":{"line":46,"column":39}}],"line":46},"4":{"loc":{"start":{"line":82,"column":4},"end":{"line":85,"column":5}},"type":"if","locations":[{"start":{"line":82,"column":4},"end":{"line":85,"column":5}},{"start":{"line":82,"column":4},"end":{"line":85,"column":5}}],"line":82},"5":{"loc":{"start":{"line":88,"column":18},"end":{"line":88,"column":38}},"type":"binary-expr","locations":[{"start":{"line":88,"column":18},"end":{"line":88,"column":30}},{"start":{"line":88,"column":34},"end":{"line":88,"column":38}}],"line":88},"6":{"loc":{"start":{"line":92,"column":4},"end":{"line":94,"column":5}},"type":"if","locations":[{"start":{"line":92,"column":4},"end":{"line":94,"column":5}},{"start":{"line":92,"column":4},"end":{"line":94,"column":5}}],"line":92},"7":{"loc":{"start":{"line":92,"column":7},"end":{"line":92,"column":59}},"type":"binary-expr","locations":[{"start":{"line":92,"column":7},"end":{"line":92,"column":13}},{"start":{"line":92,"column":17},"end":{"line":92,"column":32}},{"start":{"line":92,"column":37},"end":{"line":92,"column":42}},{"start":{"line":92,"column":46},"end":{"line":92,"column":58}}],"line":92},"8":{"loc":{"start":{"line":95,"column":4},"end":{"line":112,"column":5}},"type":"if","locations":[{"start":{"line":95,"column":4},"end":{"line":112,"column":5}},{"start":{"line":95,"column":4},"end":{"line":112,"column":5}}],"line":95},"9":{"loc":{"start":{"line":96,"column":8},"end":{"line":111,"column"
[...]
,"/Users/mannusunny/Documents/work/sdks/search-JS-library/src/modules/sort/renderSort.js": {"path":"/Users/mannusunny/Documents/work/sdks/search-JS-library/src/modules/sort/renderSort.js","statementMap":{"0":{"start":{"line":2,"column":20},"end":{"line":2,"column":43}},"1":{"start":{"line":5,"column":8},"end":{"line":5,"column":20}},"2":{"start":{"line":6,"column":4},"end":{"line":11,"column":5}},"3":{"start":{"line":7,"column":8},"end":{"line":7,"column":17}},"4":{"start":{"line":9,"column":8},"end":{"line":9,"column":83}}},"fnMap":{"0":{"name":"renderSort","decl":{"start":{"line":1,"column":9},"end":{"line":1,"column":19}},"loc":{"start":{"line":1,"column":21},"end":{"line":12,"column":1}},"line":1}},"branchMap":{"0":{"loc":{"start":{"line":6,"column":4},"end":{"line":11,"column":5}},"type":"if","locations":[{"start":{"line":6,"column":4},"end":{"line":11,"column":5}},{"start":{"line":6,"column":4},"end":{"line":11,"column":5}}],"line":6},"1":{"loc":{"start":{"line":6,"column":7},"end":{"line":6,"column":48}},"type":"binary-expr","locations":[{"start":{"line":6,"column":7},"end":{"line":6,"column":14}},{"start":{"line":6,"column":18},"end":{"line":6,"column":48}}],"line":6}},"s":{"0":67,"1":67,"2":67,"3":3,"4":64},"f":{"0":67},"b":{"0":[3,64],"1":[67,40]},"_coverageSchema":"1a1c01bbd47fc00a2c39e90264f33305004495a9","hash":"71c137df23e1f0131b9fcf44b43e58df57e10b5f"}
,"/Users/mannusunny/Documents/work/sdks/search-JS-library/src/modules/sort/setSort.js": {"path":"/Users/mannusunny/Documents/work/sdks/search-JS-library/src/modules/sort/setSort.js","statementMap":{"0":{"start":{"line":4,"column":16},"end":{"line":9,"column":1}},"1":{"start":{"line":5,"column":4},"end":{"line":8,"column":6}}},"fnMap":{"0":{"name":"(anonymous_0)","decl":{"start":{"line":4,"column":16},"end":{"line":4,"column":17}},"loc":{"start":{"line":4,"column":31},"end":{"line":9,"column":1}},"line":4}},"branchMap":{},"s":{"0":12,"1":12},"f":{"0":12},"b":{},"_coverageSchema":"1a1c01bbd47fc00a2c39e90264f33305004495a9","hash":"f2a3275d118c67dc2413e1a974f9458b782f241c"}
,"/Users/mannusunny/Documents/work/sdks/search-JS-library/src/modules/swatches/actions.js": {"path":"/Users/mannusunny/Documents/work/sdks/search-JS-library/src/modules/swatches/actions.js","statementMap":{"0":{"start":{"line":2,"column":23},"end":{"line":2,"column":85}},"1":{"start":{"line":5,"column":8},"end":{"line":5,"column":20}},"2":{"start":{"line":6,"column":4},"end":{"line":6,"column":82}}},"fnMap":{"0":{"name":"renderSwatchBtns","decl":{"start":{"line":1,"column":9},"end":{"line":1,"column":25}},"loc":{"start":{"line":1,"column":35},"end":{"line":7,"column":1}},"line":1}},"branchMap":{},"s":{"0":12,"1":12,"2":12},"f":{"0":12},"b":{},"_coverageSchema":"1a1c01bbd47fc00a2c39e90264f33305004495a9","hash":"20ad66db252ce75009dc009d532f5f4e8b853953"}
,"/Users/mannusunny/Documents/work/sdks/search-JS-library/src/modules/swatches/setSwatches.js": {"path":"/Users/mannusunny/Documents/work/sdks/search-JS-library/src/modules/swatches/setSwatches.js","statementMap":{"0":{"start":{"line":2,"column":20},"end":{"line":6,"column":1}},"1":{"start":{"line":3,"column":4},"end":{"line":5,"column":6}}},"fnMap":{"0":{"name":"(anonymous_0)","decl":{"start":{"line":2,"column":20},"end":{"line":2,"column":21}},"loc":{"start":{"line":2,"column":35},"end":{"line":6,"column":1}},"line":2}},"branchMap":{},"s":{"0":12,"1":12},"f":{"0":12},"b":{},"_coverageSchema":"1a1c01bbd47fc00a2c39e90264f33305004495a9","hash":"025404dcd93eece54df8e49e31b96dce971ab1f7"}
,"/Users/mannusunny/Documents/work/sdks/search-JS-library/src/modules/swatches/ui.js": {"path":"/Users/mannusunny/Documents/work/sdks/search-JS-library/src/modules/swatches/ui.js","statementMap":{"0":{"start":{"line":4,"column":8},"end":{"line":4,"column":18}},"1":{"start":{"line":5,"column":16},"end":{"line":5,"column":18}},"2":{"start":{"line":6,"column":18},"end":{"line":6,"column":20}},"3":{"start":{"line":7,"column":17},"end":{"line":7,"column":19}},"4":{"start":{"line":10,"column":8},"end":{"line":10,"column":16}},"5":{"start":{"line":13,"column":8},"end":{"line":13,"column":20}},"6":{"start":{"line":16,"column":8},"end":{"line":16,"column":15}},"7":{"start":{"line":17,"column":4},"end":{"line":29,"column":5}},"8":{"start":{"line":18,"column":8},"end":{"line":27,"column":11}},"9":{"start":{"line":19,"column":24},"end":{"line":19,"column":55}},"10":{"start":{"line":20,"column":25},"end":{"line":20,"column":61}},"11":{"start":{"line":21,"column":25},"end":{"line":21,"column":63}},"12":{"start":{"line":22,"column":25},"end":{"line":22,"column":41}},"13":{"start":{"line":23,"column":12},"end":{"line":26,"column":13}},"14":{"start":{"line":24,"column":16},"end":{"line":24,"column":277}},"15":{"start":{"line":25,"column":16},"end":{"line":25,"column":163}},"16":{"start":{"line":28,"column":8},"end":{"line":28,"column":70}},"17":{"start":{"line":30,"column":4},"end":{"line":33,"column":6}}},"fnMap":{"0":{"name":"(anonymous_0)","decl":{"start":{"line":1,"column":15},"end":{"line":1,"column":16}},"loc":{"start":{"line":1,"column":54},"end":{"line":34,"column":1}},"line":1},"1":{"name":"(anonymous_1)","decl":{"start":{"line":18,"column":27},"end":{"line":18,"column":28}},"loc":{"start":{"line":18,"column":40},"end":{"line":27,"column":9}},"line":18}},"branchMap":{"0":{"loc":{"start":{"line":3,"column":8},"end":{"line":3,"column":23}},"type":"default-arg","locations":[{"start":{"line":3,"column":21},"end":{"line":3,"column":23}}],"line":3},"1":{"loc":{"start":{"line":17,"column":4},"end":{"line":29,"column":5}},"type":"if","locations":[{"start":{"line":17,"column":4},"end":{"line":29,"column":5}},{"start":{"line":17,"column":4},"end":{"line":29,"column":5}}],"line":17},"2":{"loc":{"start":{"line":20,"column":25},"end":{"line":20,"column":61}},"type":"cond-expr","locations":[{"start":{"line":20,"column":38},"end":{"line":20,"column":40}},{"start":{"line":20,"column":41},"end":{"line":20,"column":61}}],"line":20},"3":{"loc":{"start":{"line":21,"column":25},"end":{"line":21,"column":63}},"type":"cond-expr","locations":[{"start":{"line":21,"column":38},"end":{"line":21,"column":60}},{"start":{"line":21,"column":61},"end":{"line":21,"column":63}}],"line":21},"4":{"loc":{"start":{"line":23,"column":12},"end":{"line":26,"column":13}},"type":"if","locations":[{"start":{"line":23,"column":12},"end":{"line":26,"column":13}},{"start":{"line":23,"column":12},"end":{"line":26,"column":13}}],"line":23}},"s":{"0":12,"1":12,"2":12,"3":12,"4":12,"5":12,"6":12,"7":12,"8":8,"9":26,"10":26,"11":26,"12":26,"13":26,"14":26,"15":26,"16":8,"17":12},"f":{"0":12,"1":26},"b":{"0":[0],"1":[8,4],"2":[8,18],"3":[8,18],"4":[26,0]},"_coverageSchema":"1a1c01bbd47fc00a2c39e90264f33305004495a9","hash":"f043fcb4c18d90ad90387732206477873d2ba23f"}
,"/Users/mannusunny/Documents/work/sdks/search-JS-library/src/modules/utils/createElement.js": {"path":"/Users/mannusunny/Documents/work/sdks/search-JS-library/src/modules/utils/createElement.js","statementMap":{"0":{"start":{"line":1,"column":22},"end":{"line":14,"column":1}},"1":{"start":{"line":2,"column":17},"end":{"line":2,"column":45}},"2":{"start":{"line":3,"column":20},"end":{"line":3,"column":37}},"3":{"start":{"line":4,"column":4},"end":{"line":6,"column":6}},"4":{"start":{"line":5,"column":8},"end":{"line":5,"column":43}},"5":{"start":{"line":7,"column":22},"end":{"line":7,"column":41}},"6":{"start":{"line":8,"column":4},"end":{"line":12,"column":5}},"7":{"start":{"line":9,"column":8},"end":{"line":11,"column":11}},"8":{"start":{"line":10,"column":12},"end":{"line":10,"column":69}},"9":{"start":{"line":13,"column":4},"end":{"line":13,"column":16}}},"fnMap":{"0":{"name":"(anonymous_0)","decl":{"start":{"line":1,"column":22},"end":{"line":1,"column":23}},"loc":{"start":{"line":1,"column":71},"end":{"line":14,"column":1}},"line":1},"1":{"name":"(anonymous_1)","decl":{"start":{"line":4,"column":20},"end":{"line":4,"column":21}},"loc":{"start":{"line":4,"column":29},"end":{"line":6,"column":5}},"line":4},"2":{"name":"(anonymous_2)","decl":{"start":{"line":9,"column":26},"end":{"line":9,"column":27}},"loc":{"start":{"line":9,"column":36},"end":{"line":11,"column":9}},"line":9}},"branchMap":{"0":{"loc":{"start":{"line":1,"column":29},"end":{"line":1,"column":38}},"type":"default-arg","locations":[{"start":{"line":1,"column":36},"end":{"line":1,"column":38}}],"line":1},"1":{"loc":{"start":{"line":1,"column":39},"end":{"line":1,"column":50}},"type":"default-arg","locations":[{"start":{"line":1,"column":48},"end":{"line":1,"column":50}}],"line":1},"2":{"loc":{"start":{"line":1,"column":52},"end":{"line":1,"column":66}},"type":"default-arg","locations":[{"start":{"line":1,"column":60},"end":{"line":1,"column":66}}],"line":1},"3":{"loc":{"start":{"line":8,"column":4},"end":{"line":12,"column":5}},"type":"if","locations":[{"start":{"line":8,"column":4},"end":{"line":12,"column":5}},{"start":{"line":8,"column":4},"end":{"line":12,"column":5}}],"line":8}},"s":{"0":12,"1":129,"2":129,"3":129,"4":129,"5":129,"6":129,"7":0,"8":0,"9":129},"f":{"0":129,"1":129,"2":0},"b":{"0":[0],"1":[0],"2":[0],"3":[0,129]},"_coverageSchema":"1a1c01bbd47fc00a2c39e90264f33305004495a9","hash":"8c2a3e1136d7e3e5261f9cbdfe140b1508f96982"}
,"/Users/mannusunny/Documents/work/sdks/search-JS-library/src/modules/utils/debounce.js": {"path":"/Users/mannusunny/Documents/work/sdks/search-JS-library/src/modules/utils/debounce.js","statementMap":{"0":{"start":{"line":1,"column":17},"end":{"line":10,"column":1}},"1":{"start":{"line":3,"column":4},"end":{"line":9,"column":5}},"2":{"start":{"line":4,"column":24},"end":{"line":4,"column":28}},"3":{"start":{"line":5,"column":21},"end":{"line":5,"column":30}},"4":{"start":{"line":6,"column":12},"end":{"line":6,"column":39}},"5":{"start":{"line":7,"column":16},"end":{"line":8,"column":64}},"6":{"start":{"line":8,"column":31},"end":{"line":8,"column":56}}},"fnMap":{"0":{"name":"(anonymous_0)","decl":{"start":{"line":1,"column":17},"end":{"line":1,"column":18}},"loc":{"start":{"line":1,"column":34},"end":{"line":10,"column":1}},"line":1},"1":{"name":"(anonymous_1)","decl":{"start":{"line":3,"column":11},"end":{"line":3,"column":12}},"loc":{"start":{"line":3,"column":22},"end":{"line":9,"column":5}},"line":3},"2":{"name":"(anonymous_2)","decl":{"start":{"line":8,"column":25},"end":{"line":8,"column":26}},"loc":{"start":{"line":8,"column":31},"end":{"line":8,"column":56}},"line":8}},"branchMap":{},"s":{"0":12,"1":1,"2":0,"3":0,"4":0,"5":0,"6":0},"f":{"0":1,"1":0,"2":0},"b":{},"_coverageSchema":"1a1c01bbd47fc00a2c39e90264f33305004495a9","hash":"3a45ce632080bd39984f25b7b4d01ed52645eae9"}
,"/Users/mannusunny/Documents/work/sdks/search-JS-library/src/modules/utils/delegate.js": {"path":"/Users/mannusunny/Documents/work/sdks/search-JS-library/src/modules/utils/delegate.js","statementMap":{"0":{"start":{"line":2,"column":4},"end":{"line":10,"column":7}},"1":{"start":{"line":3,"column":16},"end":{"line":3,"column":28}},"2":{"start":{"line":4,"column":8},"end":{"line":9,"column":9}},"3":{"start":{"line":5,"column":12},"end":{"line":7,"column":13}},"4":{"start":{"line":6,"column":16},"end":{"line":6,"column":39}},"5":{"start":{"line":8,"column":12},"end":{"line":8,"column":29}}},"fnMap":{"0":{"name":"delegate","decl":{"start":{"line":1,"column":9},"end":{"line":1,"column":17}},"loc":{"start":{"line":1,"column":41},"end":{"line":11,"column":1}},"line":1},"1":{"name":"(anonymous_1)","decl":{"start":{"line":2,"column":29},"end":{"line":2,"column":30}},"loc":{"start":{"line":2,"column":45},"end":{"line":10,"column":5}},"line":2}},"branchMap":{"0":{"loc":{"start":{"line":4,"column":15},"end":{"line":4,"column":30}},"type":"binary-expr","locations":[{"start":{"line":4,"column":15},"end":{"line":4,"column":16}},{"start":{"line":4,"column":20},"end":{"line":4,"column":30}}],"line":4},"1":{"loc":{"start":{"line":5,"column":12},"end":{"line":7,"column":13}},"type":"if","locations":[{"start":{"line":5,"column":12},"end":{"line":7,"column":13}},{"start":{"line":5,"column":12},"end":{"line":7,"column":13}}],"line":5}},"s":{"0":157,"1":46,"2":46,"3":199,"4":30,"5":199},"f":{"0":157,"1":46},"b":{"0":[245,239],"1":[30,169]},"_coverageSchema":"1a1c01bbd47fc00a2c39e90264f33305004495a9","hash":"0b085f6918a5541d8aca3cee1ab87c1cee508a9e"}
,"/Users/mannusunny/Documents/work/sdks/search-JS-library/src/modules/utils/extend.js": {"path":"/Users/mannusunny/Documents/work/sdks/search-JS-library/src/modules/utils/extend.js","statementMap":{"0":{"start":{"line":1,"column":15},"end":{"line":36,"column":1}},"1":{"start":{"line":4,"column":16},"end":{"line":4,"column":18}},"2":{"start":{"line":5,"column":12},"end":{"line":5,"column":16}},"3":{"start":{"line":6,"column":9},"end":{"line":6,"column":10}},"4":{"start":{"line":7,"column":16},"end":{"line":7,"column":32}},"5":{"start":{"line":10,"column":1},"end":{"line":13,"column":2}},"6":{"start":{"line":11,"column":2},"end":{"line":11,"column":22}},"7":{"start":{"line":12,"column":2},"end":{"line":12,"column":6}},"8":{"start":{"line":16,"column":15},"end":{"line":26,"column":2}},"9":{"start":{"line":17,"column":2},"end":{"line":25,"column":3}},"10":{"start":{"line":18,"column":3},"end":{"line":24,"column":4}},"11":{"start":{"line":19,"column":4},"end":{"line":23,"column":5}},"12":{"start":{"line":20,"column":5},"end":{"line":20,"column":64}},"13":{"start":{"line":22,"column":5},"end":{"line":22,"column":32}},"14":{"start":{"line":29,"column":1},"end":{"line":32,"column":2}},"15":{"start":{"line":30,"column":14},"end":{"line":30,"column":26}},"16":{"start":{"line":31,"column":2},"end":{"line":31,"column":13}},"17":{"start":{"line":34,"column":1},"end":{"line":34,"column":17}}},"fnMap":{"0":{"name":"(anonymous_0)","decl":{"start":{"line":1,"column":15},"end":{"line":1,"column":16}},"loc":{"start":{"line":1,"column":27},"end":{"line":36,"column":1}},"line":1},"1":{"name":"(anonymous_1)","decl":{"start":{"line":16,"column":15},"end":{"line":16,"column":16}},"loc":{"start":{"line":16,"column":30},"end":{"line":26,"column":2}},"line":16}},"branchMap":{"0":{"loc":{"start":{"line":10,"column":1},"end":{"line":13,"column":2}},"type":"if","locations":[{"start":{"line":10,"column":1},"end":{"line":13,"column":2}},{"start":{"line":10,"column":1},"end":{"line":13,"column":2}}],"line":10},"1":{"loc":{"start":{"line":18,"column":3},"end":{"line":24,"column":4}},"type":"if","locations":[{"start":{"line":18,"column":3},"end":{"line":24,"column":4}},{"start":{"line":18,"column":3},"end":{"line":24,"column":4}}],"line":18},"2":{"loc":{"start":{"line":19,"column":4},"end":{"line":23,"column":5}},"type":"if","locations":[{"start":{"line":19,"column":4},"end":{"line":23,"column":5}},{"start":{"line":19,"column":4},"end":{"line":23,"column":5}}],"line":19},"3":{"loc":{"start":{"line":19,"column":9},"end":{"line":19,"column":80}},"type":"binary-expr","locations":[{"start":{"line":19,"column":9},"end":{"line":19,"column":13}},{"start":{"line":19,"column":17},"end":{"line":19,"column":80}}],"line":19}},"s":{"0":12,"1":1143,"2":1143,"3":1143,"4":1143,"5":1143,"6":1143,"7":1143,"8":1143,"9":2313,"10":5704,"11":5704,"12":1116,"13":4588,"14":1143,"15":2313,"16":2313,"17":1143},"f":{"0":1143,"1":2313},"b":{"0":[1143,0],"1":[5704,0],"2":[1116,4588],"3":[5704,5704]},"_coverageSchema":"1a1c01bbd47fc00a2c39e90264f33305004495a9","hash":"a9039ceb9da7e4abf9474a647fd463ce37a93934"}
,"/Users/mannusunny/Documents/work/sdks/search-JS-library/test/initializeSdk.js": {"path":"/Users/mannusunny/Documents/work/sdks/search-JS-library/test/initializeSdk.js","statementMap":{"0":{"start":{"line":3,"column":19},"end":{"line":42,"column":1}},"1":{"start":{"line":4,"column":4},"end":{"line":4,"column":28}},"2":{"start":{"line":5,"column":4},"end":{"line":5,"column":30}},"3":{"start":{"line":6,"column":4},"end":{"line":14,"column":6}},"4":{"start":{"line":15,"column":17},"end":{"line":15,"column":21}},"5":{"start":{"line":17,"column":4},"end":{"line":28,"column":7}},"6":{"start":{"line":20,"column":12},"end":{"line":22,"column":13}},"7":{"start":{"line":21,"column":16},"end":{"line":21,"column":39}},"8":{"start":{"line":23,"column":12},"end":{"line":25,"column":13}},"9":{"start":{"line":24,"column":16},"end":{"line":24,"column":40}},"10":{"start":{"line":29,"column":4},"end":{"line":29,"column":30}},"11":{"start":{"line":30,"column":4},"end":{"line":40,"column":17}},"12":{"start":{"line":31,"column":8},"end":{"line":39,"column":10}},"13":{"start":{"line":32,"column":24},"end":{"line":38,"column":19}},"14":{"start":{"line":33,"column":16},"end":{"line":37,"column":17}},"15":{"start":{"line":34,"column":20},"end":{"line":34,"column":41}},"16":{"start":{"line":35,"column":20},"end":{"line":35,"column":44}},"17":{"start":{"line":36,"column":20},"end":{"line":36,"column":30}},"18":{"start":{"line":41,"column":4},"end":{"line":41,"column":16}}},"fnMap":{"0":{"name":"(anonymous_0)","decl":{"start":{"line":3,"column":19},"end":{"line":3,"column":20}},"loc":{"start":{"line":3,"column":40},"end":{"line":42,"column":1}},"line":3},"1":{"name":"(anonymous_1)","decl":{"start":{"line":19,"column":16},"end":{"line":19,"column":17}},"loc":{"start":{"line":19,"column":40},"end":{"line":26,"column":9}},"line":19},"2":{"name":"(anonymous_2)","decl":{"start":{"line":30,"column":24},"end":{"line":30,"column":25}},"loc":{"start":{"line":30,"column":35},"end":{"line":40,"column":5}},"line":30},"3":{"name":"(anonymous_3)","decl":{"start":{"line":31,"column":27},"end":{"line":31,"column":28}},"loc":{"start":{"line":31,"column":52},"end":{"line":39,"column":9}},"line":31},"4":{"name":"(anonymous_4)","decl":{"start":{"line":32,"column":36},"end":{"line":32,"column":37}},"loc":{"start":{"line":32,"column":41},"end":{"line":38,"column":13}},"line":32}},"branchMap":{"0":{"loc":{"start":{"line":20,"column":12},"end":{"line":22,"column":13}},"type":"if","locations":[{"start":{"line":20,"column":12},"end":{"line":22,"column":13}},{"start":{"line":20,"column":12},"end":{"line":22,"column":13}}],"line":20},"1":{"loc":{"start":{"line":23,"column":12},"end":{"line":25,"column":13}},"type":"if","locations":[{"start":{"line":23,"column":12},"end":{"line":25,"column":13}},{"start":{"line":23,"column":12},"end":{"line":25,"column":13}}],"line":23},"2":{"loc":{"start":{"line":33,"column":16},"end":{"line":37,"column":17}},"type":"if","locations":[{"start":{"line":33,"column":16},"end":{"line":37,"column":17}},{"start":{"line":33,"column":16},"end":{"line":37,"column":17}}],"line":33}},"s":{"0":12,"1":12,"2":12,"3":12,"4":12,"5":12,"6":255,"7":41,"8":255,"9":67,"10":12,"11":12,"12":43,"13":43,"14":46,"15":43,"16":43,"17":43,"18":12},"f":{"0":12,"1":255,"2":43,"3":43,"4":46},"b":{"0":[41,214],"1":[67,188],"2":[43,3]},"_coverageSchema":"1a1c01bbd47fc00a2c39e90264f33305004495a9","hash":"f61e5dd1f2064087d30871205ea09996f1f0c3d1"}
}
