{"total": {"lines":{"total":1298,"covered":1090,"skipped":0,"pct":83.98},"statements":{"total":1301,"covered":1093,"skipped":0,"pct":84.01},"functions":{"total":156,"covered":127,"skipped":0,"pct":81.41},"branches":{"total":641,"covered":429,"skipped":0,"pct":66.93}}
,"/Users/mannusunny/Documents/work/sdks/search-JS-library/src/index.js": {"lines":{"total":51,"covered":45,"skipped":0,"pct":88.24},"functions":{"total":3,"covered":3,"skipped":0,"pct":100},"statements":{"total":51,"covered":45,"skipped":0,"pct":88.24},"branches":{"total":35,"covered":24,"skipped":0,"pct":68.57}}
,"/Users/mannusunny/Documents/work/sdks/search-JS-library/src/common/options.js": {"lines":{"total":8,"covered":3,"skipped":0,"pct":37.5},"functions":{"total":8,"covered":6,"skipped":0,"pct":75},"statements":{"total":8,"covered":3,"skipped":0,"pct":37.5},"branches":{"total":4,"covered":0,"skipped":0,"pct":0}}
,"/Users/mannusunny/Documents/work/sdks/search-JS-library/src/common/constants/actions.js": {"lines":{"total":1,"covered":1,"skipped":0,"pct":100},"functions":{"total":0,"covered":0,"skipped":0,"pct":100},"statements":{"total":1,"covered":1,"skipped":0,"pct":100},"branches":{"total":0,"covered":0,"skipped":0,"pct":100}}
,"/Users/mannusunny/Documents/work/sdks/search-JS-library/src/common/constants/eventsLib.js": {"lines":{"total":1,"covered":1,"skipped":0,"pct":100},"functions":{"total":0,"covered":0,"skipped":0,"pct":100},"statements":{"total":1,"covered":1,"skipped":0,"pct":100},"branches":{"total":0,"covered":0,"skipped":0,"pct":100}}
,"/Users/mannusunny/Documents/work/sdks/search-JS-library/src/common/constants/index.js": {"lines":{"total":2,"covered":2,"skipped":0,"pct":100},"functions":{"total":0,"covered":0,"skipped":0,"pct":100},"statements":{"total":2,"covered":2,"skipped":0,"pct":100},"branches":{"total":0,"covered":0,"skipped":0,"pct":100}}
,"/Users/mannusunny/Documents/work/sdks/search-JS-library/src/common/constants/selectors.js": {"lines":{"total":1,"covered":1,"skipped":0,"pct":100},"functions":{"total":0,"covered":0,"skipped":0,"pct":100},"statements":{"total":1,"covered":1,"skipped":0,"pct":100},"branches":{"total":0,"covered":0,"skipped":0,"pct":100}}
,"/Users/mannusunny/Documents/work/sdks/search-JS-library/src/core/bindEvents.js": {"lines":{"total":30,"covered":24,"skipped":0,"pct":80},"functions":{"total":4,"covered":2,"skipped":0,"pct":50},"statements":{"total":30,"covered":24,"skipped":0,"pct":80},"branches":{"total":18,"covered":10,"skipped":0,"pct":55.56}}
,"/Users/mannusunny/Documents/work/sdks/search-JS-library/src/core/createLayout.js": {"lines":{"total":60,"covered":55,"skipped":0,"pct":91.67},"functions":{"total":3,"covered":3,"skipped":0,"pct":100},"statements":{"total":60,"covered":55,"skipped":0,"pct":91.67},"branches":{"total":36,"covered":32,"skipped":0,"pct":88.89}}
,"/Users/mannusunny/Documents/work/sdks/search-JS-library/src/core/initialize.js": {"lines":{"total":20,"covered":16,"skipped":0,"pct":80},"functions":{"total":1,"covered":1,"skipped":0,"pct":100},"statements":{"total":20,"covered":16,"skipped":0,"pct":80},"branches":{"total":6,"covered":2,"skipped":0,"pct":33.33}}
,"/Users/mannusunny/Documents/work/sdks/search-JS-library/src/core/reRender.js": {"lines":{"total":61,"covered":54,"skipped":0,"pct":88.52},"functions":{"total":3,"covered":2,"skipped":0,"pct":66.67},"statements":{"total":61,"covered":54,"skipped":0,"pct":88.52},"branches":{"total":38,"covered":29,"skipped":0,"pct":76.32}}
,"/Users/mannusunny/Documents/work/sdks/search-JS-library/src/core/setConfig.js": {"lines":{"total":23,"covered":23,"skipped":0,"pct":100},"functions":{"total":1,"covered":1,"skipped":0,"pct":100},"statements":{"total":23,"covered":23,"skipped":0,"pct":100},"branches":{"total":32,"covered":22,"skipped":0,"pct":68.75}}
,"/Users/mannusunny/Documents/work/sdks/search-JS-library/src/core/setMethods.js": {"lines":{"total":103,"covered":70,"skipped":0,"pct":67.96},"functions":{"total":10,"covered":5,"skipped":0,"pct":50},"statements":{"total":103,"covered":70,"skipped":0,"pct":67.96},"branches":{"total":15,"covered":7,"skipped":0,"pct":46.67}}
,"/Users/mannusunny/Documents/work/sdks/search-JS-library/src/core/componentWrappers/createBannerWrapper.js": {"lines":{"total":2,"covered":2,"skipped":0,"pct":100},"functions":{"total":1,"covered":1,"skipped":0,"pct":100},"statements":{"total":2,"covered":2,"skipped":0,"pct":100},"branches":{"total":1,"covered":0,"skipped":0,"pct":0}}
,"/Users/mannusunny/Documents/work/sdks/search-JS-library/src/core/componentWrappers/createBreadcrumbWrapper.js": {"lines":{"total":2,"covered":2,"skipped":0,"pct":100},"functions":{"total":1,"covered":1,"skipped":0,"pct":100},"statements":{"total":2,"covered":2,"skipped":0,"pct":100},"branches":{"total":1,"covered":0,"skipped":0,"pct":0}}
,"/Users/mannusunny/Documents/work/sdks/search-JS-library/src/core/componentWrappers/createFacetWrapper.js": {"lines":{"total":2,"covered":2,"skipped":0,"pct":100},"functions":{"total":1,"covered":1,"skipped":0,"pct":100},"statements":{"total":2,"covered":2,"skipped":0,"pct":100},"branches":{"total":1,"covered":0,"skipped":0,"pct":0}}
,"/Users/mannusunny/Documents/work/sdks/search-JS-library/src/core/componentWrappers/createPageSizeWrapper.js": {"lines":{"total":2,"covered":2,"skipped":0,"pct":100},"functions":{"total":1,"covered":1,"skipped":0,"pct":100},"statements":{"total":2,"covered":2,"skipped":0,"pct":100},"branches":{"total":1,"covered":0,"skipped":0,"pct":0}}
,"/Users/mannusunny/Documents/work/sdks/search-JS-library/src/core/componentWrappers/createPaginationWrapper.js": {"lines":{"total":2,"covered":2,"skipped":0,"pct":100},"functions":{"total":1,"covered":1,"skipped":0,"pct":100},"statements":{"total":2,"covered":2,"skipped":0,"pct":100},"branches":{"total":1,"covered":0,"skipped":0,"pct":0}}
,"/Users/mannusunny/Documents/work/sdks/search-JS-library/src/core/componentWrappers/createProductViewTypeWrapper.js": {"lines":{"total":2,"covered":2,"skipped":0,"pct":100},"functions":{"total":1,"covered":1,"skipped":0,"pct":100},"statements":{"total":2,"covered":2,"skipped":0,"pct":100},"branches":{"total":1,"covered":0,"skipped":0,"pct":0}}
,"/Users/mannusunny/Documents/work/sdks/search-JS-library/src/core/componentWrappers/createSearchWrapper.js": {"lines":{"total":2,"covered":2,"skipped":0,"pct":100},"functions":{"total":1,"covered":1,"skipped":0,"pct":100},"statements":{"total":2,"covered":2,"skipped":0,"pct":100},"branches":{"total":1,"covered":0,"skipped":0,"pct":0}}
,"/Users/mannusunny/Documents/work/sdks/search-JS-library/src/core/componentWrappers/createSelectedFacetWrapper.js": {"lines":{"total":2,"covered":2,"skipped":0,"pct":100},"functions":{"total":1,"covered":1,"skipped":0,"pct":100},"statements":{"total":2,"covered":2,"skipped":0,"pct":100},"branches":{"total":1,"covered":0,"skipped":0,"pct":0}}
,"/Users/mannusunny/Documents/work/sdks/search-JS-library/src/core/componentWrappers/createSortWrapper.js": {"lines":{"total":2,"covered":2,"skipped":0,"pct":100},"functions":{"total":1,"covered":1,"skipped":0,"pct":100},"statements":{"total":2,"covered":2,"skipped":0,"pct":100},"branches":{"total":1,"covered":0,"skipped":0,"pct":0}}
,"/Users/mannusunny/Documents/work/sdks/search-JS-library/src/core/componentWrappers/createSpellCheckWrapper.js": {"lines":{"total":2,"covered":2,"skipped":0,"pct":100},"functions":{"total":1,"covered":1,"skipped":0,"pct":100},"statements":{"total":2,"covered":2,"skipped":0,"pct":100},"branches":{"total":1,"covered":0,"skipped":0,"pct":0}}
,"/Users/mannusunny/Documents/work/sdks/search-JS-library/src/core/componentWrappers/index.js": {"lines":{"total":2,"covered":2,"skipped":0,"pct":100},"functions":{"total":1,"covered":1,"skipped":0,"pct":100},"statements":{"total":2,"covered":2,"skipped":0,"pct":100},"branches":{"total":0,"covered":0,"skipped":0,"pct":100}}
,"/Users/mannusunny/Documents/work/sdks/search-JS-library/src/modules/analytics/setAnalytics.js": {"lines":{"total":66,"covered":12,"skipped":0,"pct":18.18},"functions":{"total":12,"covered":2,"skipped":0,"pct":16.67},"statements":{"total":66,"covered":12,"skipped":0,"pct":18.18},"branches":{"total":25,"covered":4,"skipped":0,"pct":16}}
,"/Users/mannusunny/Documents/work/sdks/search-JS-library/src/modules/banners/index.js": {"lines":{"total":11,"covered":10,"skipped":0,"pct":90.91},"functions":{"total":2,"covered":2,"skipped":0,"pct":100},"statements":{"total":11,"covered":10,"skipped":0,"pct":90.91},"branches":{"total":4,"covered":2,"skipped":0,"pct":50}}
,"/Users/mannusunny/Documents/work/sdks/search-JS-library/src/modules/banners/setbannerMethods.js": {"lines":{"total":3,"covered":3,"skipped":0,"pct":100},"functions":{"total":1,"covered":1,"skipped":0,"pct":100},"statements":{"total":3,"covered":3,"skipped":0,"pct":100},"branches":{"total":0,"covered":0,"skipped":0,"pct":100}}
,"/Users/mannusunny/Documents/work/sdks/search-JS-library/src/modules/breadcrumbs/actions.js": {"lines":{"total":7,"covered":7,"skipped":0,"pct":100},"functions":{"total":3,"covered":2,"skipped":0,"pct":66.67},"statements":{"total":7,"covered":7,"skipped":0,"pct":100},"branches":{"total":0,"covered":0,"skipped":0,"pct":100}}
,"/Users/mannusunny/Documents/work/sdks/search-JS-library/src/modules/breadcrumbs/breadcrumbsView.js": {"lines":{"total":10,"covered":9,"skipped":0,"pct":90},"functions":{"total":2,"covered":2,"skipped":0,"pct":100},"statements":{"total":10,"covered":9,"skipped":0,"pct":90},"branches":{"total":2,"covered":1,"skipped":0,"pct":50}}
,"/Users/mannusunny/Documents/work/sdks/search-JS-library/src/modules/breadcrumbs/setBreadcrumbs.js": {"lines":{"total":2,"covered":2,"skipped":0,"pct":100},"functions":{"total":1,"covered":1,"skipped":0,"pct":100},"statements":{"total":2,"covered":2,"skipped":0,"pct":100},"branches":{"total":0,"covered":0,"skipped":0,"pct":100}}
,"/Users/mannusunny/Documents/work/sdks/search-JS-library/src/modules/didYouMean/renderSpellCheck.js": {"lines":{"total":24,"covered":22,"skipped":0,"pct":91.67},"functions":{"total":1,"covered":1,"skipped":0,"pct":100},"statements":{"total":24,"covered":22,"skipped":0,"pct":91.67},"branches":{"total":16,"covered":13,"skipped":0,"pct":81.25}}
,"/Users/mannusunny/Documents/work/sdks/search-JS-library/src/modules/didYouMean/setSpellCheck.js": {"lines":{"total":14,"covered":14,"skipped":0,"pct":100},"functions":{"total":2,"covered":2,"skipped":0,"pct":100},"statements":{"total":14,"covered":14,"skipped":0,"pct":100},"branches":{"total":6,"covered":4,"skipped":0,"pct":66.67}}
,"/Users/mannusunny/Documents/work/sdks/search-JS-library/src/modules/didYouMean/spellCheckView.js": {"lines":{"total":18,"covered":15,"skipped":0,"pct":83.33},"functions":{"total":1,"covered":1,"skipped":0,"pct":100},"statements":{"total":18,"covered":15,"skipped":0,"pct":83.33},"branches":{"total":14,"covered":9,"skipped":0,"pct":64.29}}
,"/Users/mannusunny/Documents/work/sdks/search-JS-library/src/modules/facets/actions.js": {"lines":{"total":110,"covered":87,"skipped":0,"pct":79.09},"functions":{"total":1,"covered":1,"skipped":0,"pct":100},"statements":{"total":110,"covered":87,"skipped":0,"pct":79.09},"branches":{"total":63,"covered":40,"skipped":0,"pct":63.49}}
,"/Users/mannusunny/Documents/work/sdks/search-JS-library/src/modules/facets/renderBucketedSearch.js": {"lines":{"total":26,"covered":23,"skipped":0,"pct":88.46},"functions":{"total":3,"covered":3,"skipped":0,"pct":100},"statements":{"total":26,"covered":23,"skipped":0,"pct":88.46},"branches":{"total":12,"covered":5,"skipped":0,"pct":41.67}}
,"/Users/mannusunny/Documents/work/sdks/search-JS-library/src/modules/facets/renderFacets.js": {"lines":{"total":31,"covered":30,"skipped":0,"pct":96.77},"functions":{"total":2,"covered":2,"skipped":0,"pct":100},"statements":{"total":31,"covered":30,"skipped":0,"pct":96.77},"branches":{"total":20,"covered":18,"skipped":0,"pct":90}}
,"/Users/mannusunny/Documents/work/sdks/search-JS-library/src/modules/facets/renderMultiLevelFacet.js": {"lines":{"total":13,"covered":12,"skipped":0,"pct":92.31},"functions":{"total":1,"covered":1,"skipped":0,"pct":100},"statements":{"total":13,"covered":12,"skipped":0,"pct":92.31},"branches":{"total":4,"covered":3,"skipped":0,"pct":75}}
,"/Users/mannusunny/Documents/work/sdks/search-JS-library/src/modules/facets/renderRangeFacet.js": {"lines":{"total":12,"covered":11,"skipped":0,"pct":91.67},"functions":{"total":1,"covered":1,"skipped":0,"pct":100},"statements":{"total":12,"covered":11,"skipped":0,"pct":91.67},"branches":{"total":6,"covered":5,"skipped":0,"pct":83.33}}
,"/Users/mannusunny/Documents/work/sdks/search-JS-library/src/modules/facets/renderRangeFacets.js": {"lines":{"total":17,"covered":16,"skipped":0,"pct":94.12},"functions":{"total":2,"covered":2,"skipped":0,"pct":100},"statements":{"total":17,"covered":16,"skipped":0,"pct":94.12},"branches":{"total":8,"covered":7,"skipped":0,"pct":87.5}}
,"/Users/mannusunny/Documents/work/sdks/search-JS-library/src/modules/facets/renderSelectedFacets.js": {"lines":{"total":22,"covered":22,"skipped":0,"pct":100},"functions":{"total":3,"covered":3,"skipped":0,"pct":100},"statements":{"total":24,"covered":24,"skipped":0,"pct":100},"branches":{"total":10,"covered":5,"skipped":0,"pct":50}}
,"/Users/mannusunny/Documents/work/sdks/search-JS-library/src/modules/facets/renderTextFacet.js": {"lines":{"total":25,"covered":23,"skipped":0,"pct":92},"functions":{"total":3,"covered":3,"skipped":0,"pct":100},"statements":{"total":25,"covered":23,"skipped":0,"pct":92},"branches":{"total":13,"covered":9,"skipped":0,"pct":69.23}}
,"/Users/mannusunny/Documents/work/sdks/search-JS-library/src/modules/facets/setFacetMethods.js": {"lines":{"total":45,"covered":24,"skipped":0,"pct":53.33},"functions":{"total":10,"covered":5,"skipped":0,"pct":50},"statements":{"total":45,"covered":24,"skipped":0,"pct":53.33},"branches":{"total":18,"covered":9,"skipped":0,"pct":50}}
,"/Users/mannusunny/Documents/work/sdks/search-JS-library/src/modules/facets/ui.js": {"lines":{"total":52,"covered":48,"skipped":0,"pct":92.31},"functions":{"total":4,"covered":4,"skipped":0,"pct":100},"statements":{"total":52,"covered":48,"skipped":0,"pct":92.31},"branches":{"total":37,"covered":28,"skipped":0,"pct":75.68}}
,"/Users/mannusunny/Documents/work/sdks/search-JS-library/src/modules/input/actions.js": {"lines":{"total":16,"covered":14,"skipped":0,"pct":87.5},"functions":{"total":1,"covered":1,"skipped":0,"pct":100},"statements":{"total":16,"covered":14,"skipped":0,"pct":87.5},"branches":{"total":6,"covered":3,"skipped":0,"pct":50}}
,"/Users/mannusunny/Documents/work/sdks/search-JS-library/src/modules/input/setInput.js": {"lines":{"total":2,"covered":2,"skipped":0,"pct":100},"functions":{"total":1,"covered":1,"skipped":0,"pct":100},"statements":{"total":2,"covered":2,"skipped":0,"pct":100},"branches":{"total":0,"covered":0,"skipped":0,"pct":100}}
,"/Users/mannusunny/Documents/work/sdks/search-JS-library/src/modules/pageSize/actions.js": {"lines":{"total":11,"covered":11,"skipped":0,"pct":100},"functions":{"total":1,"covered":1,"skipped":0,"pct":100},"statements":{"total":11,"covered":11,"skipped":0,"pct":100},"branches":{"total":4,"covered":2,"skipped":0,"pct":50}}
,"/Users/mannusunny/Documents/work/sdks/search-JS-library/src/modules/pageSize/pageSizeView.js": {"lines":{"total":10,"covered":10,"skipped":0,"pct":100},"functions":{"total":2,"covered":2,"skipped":0,"pct":100},"statements":{"total":10,"covered":10,"skipped":0,"pct":100},"branches":{"total":2,"covered":2,"skipped":0,"pct":100}}
,"/Users/mannusunny/Documents/work/sdks/search-JS-library/src/modules/pageSize/setPageSize.js": {"lines":{"total":12,"covered":12,"skipped":0,"pct":100},"functions":{"total":2,"covered":2,"skipped":0,"pct":100},"statements":{"total":12,"covered":12,"skipped":0,"pct":100},"branches":{"total":6,"covered":5,"skipped":0,"pct":83.33}}
,"/Users/mannusunny/Documents/work/sdks/search-JS-library/src/modules/pagination/actions.js": {"lines":{"total":31,"covered":31,"skipped":0,"pct":100},"functions":{"total":3,"covered":3,"skipped":0,"pct":100},"statements":{"total":31,"covered":31,"skipped":0,"pct":100},"branches":{"total":14,"covered":11,"skipped":0,"pct":78.57}}
,"/Users/mannusunny/Documents/work/sdks/search-JS-library/src/modules/pagination/clickNScrollView.js": {"lines":{"total":2,"covered":2,"skipped":0,"pct":100},"functions":{"total":1,"covered":1,"skipped":0,"pct":100},"statements":{"total":2,"covered":2,"skipped":0,"pct":100},"branches":{"total":0,"covered":0,"skipped":0,"pct":100}}
,"/Users/mannusunny/Documents/work/sdks/search-JS-library/src/modules/pagination/fixedPaginationView.js": {"lines":{"total":34,"covered":31,"skipped":0,"pct":91.18},"functions":{"total":1,"covered":1,"skipped":0,"pct":100},"statements":{"total":35,"covered":32,"skipped":0,"pct":91.43},"branches":{"total":18,"covered":14,"skipped":0,"pct":77.78}}
,"/Users/mannusunny/Documents/work/sdks/search-JS-library/src/modules/pagination/infiniteScroller.js": {"lines":{"total":20,"covered":11,"skipped":0,"pct":55},"functions":{"total":3,"covered":3,"skipped":0,"pct":100},"statements":{"total":20,"covered":11,"skipped":0,"pct":55},"branches":{"total":18,"covered":2,"skipped":0,"pct":11.11}}
,"/Users/mannusunny/Documents/work/sdks/search-JS-library/src/modules/pagination/paginationView.js": {"lines":{"total":7,"covered":6,"skipped":0,"pct":85.71},"functions":{"total":1,"covered":1,"skipped":0,"pct":100},"statements":{"total":7,"covered":6,"skipped":0,"pct":85.71},"branches":{"total":4,"covered":3,"skipped":0,"pct":75}}
,"/Users/mannusunny/Documents/work/sdks/search-JS-library/src/modules/pagination/renderPagination.js": {"lines":{"total":9,"covered":9,"skipped":0,"pct":100},"functions":{"total":1,"covered":1,"skipped":0,"pct":100},"statements":{"total":9,"covered":9,"skipped":0,"pct":100},"branches":{"total":4,"covered":3,"skipped":0,"pct":75}}
,"/Users/mannusunny/Documents/work/sdks/search-JS-library/src/modules/pagination/setPagination.js": {"lines":{"total":2,"covered":2,"skipped":0,"pct":100},"functions":{"total":1,"covered":1,"skipped":0,"pct":100},"statements":{"total":2,"covered":2,"skipped":0,"pct":100},"branches":{"total":0,"covered":0,"skipped":0,"pct":100}}
,"/Users/mannusunny/Documents/work/sdks/search-JS-library/src/modules/productViewType/actions.js": {"lines":{"total":15,"covered":15,"skipped":0,"pct":100},"functions":{"total":1,"covered":1,"skipped":0,"pct":100},"statements":{"total":15,"covered":15,"skipped":0,"pct":100},"branches":{"total":4,"covered":2,"skipped":0,"pct":50}}
,"/Users/mannusunny/Documents/work/sdks/search-JS-library/src/modules/productViewType/index.js": {"lines":{"total":18,"covered":18,"skipped":0,"pct":100},"functions":{"total":1,"covered":1,"skipped":0,"pct":100},"statements":{"total":18,"covered":18,"skipped":0,"pct":100},"branches":{"total":8,"covered":8,"skipped":0,"pct":100}}
,"/Users/mannusunny/Documents/work/sdks/search-JS-library/src/modules/productViewType/renderProductViewTypeUI.js": {"lines":{"total":7,"covered":6,"skipped":0,"pct":85.71},"functions":{"total":1,"covered":1,"skipped":0,"pct":100},"statements":{"total":7,"covered":6,"skipped":0,"pct":85.71},"branches":{"total":6,"covered":5,"skipped":0,"pct":83.33}}
,"/Users/mannusunny/Documents/work/sdks/search-JS-library/src/modules/productViewType/setProductViewType.js": {"lines":{"total":2,"covered":2,"skipped":0,"pct":100},"functions":{"total":1,"covered":1,"skipped":0,"pct":100},"statements":{"total":2,"covered":2,"skipped":0,"pct":100},"branches":{"total":0,"covered":0,"skipped":0,"pct":100}}
,"/Users/mannusunny/Documents/work/sdks/search-JS-library/src/modules/searchResults/actions.js": {"lines":{"total":27,"covered":27,"skipped":0,"pct":100},"functions":{"total":3,"covered":3,"skipped":0,"pct":100},"statements":{"total":27,"covered":27,"skipped":0,"pct":100},"branches":{"total":17,"covered":14,"skipped":0,"pct":82.35}}
,"/Users/mannusunny/Documents/work/sdks/search-JS-library/src/modules/searchResults/noResultsView.js": {"lines":{"total":1,"covered":1,"skipped":0,"pct":100},"functions":{"total":1,"covered":1,"skipped":0,"pct":100},"statements":{"total":1,"covered":1,"skipped":0,"pct":100},"branches":{"total":0,"covered":0,"skipped":0,"pct":100}}
,"/Users/mannusunny/Documents/work/sdks/search-JS-library/src/modules/searchResults/searchResultsView.js": {"lines":{"total":31,"covered":30,"skipped":0,"pct":96.77},"functions":{"total":3,"covered":3,"skipped":0,"pct":100},"statements":{"total":31,"covered":30,"skipped":0,"pct":96.77},"branches":{"total":15,"covered":14,"skipped":0,"pct":93.33}}
,"/Users/mannusunny/Documents/work/sdks/search-JS-library/src/modules/searchResults/setSearch.js": {"lines":{"total":12,"covered":12,"skipped":0,"pct":100},"functions":{"total":3,"covered":3,"skipped":0,"pct":100},"statements":{"total":12,"covered":12,"skipped":0,"pct":100},"branches":{"total":2,"covered":1,"skipped":0,"pct":50}}
,"/Users/mannusunny/Documents/work/sdks/search-JS-library/src/modules/searchResults/ui.js": {"lines":{"total":23,"covered":23,"skipped":0,"pct":100},"functions":{"total":1,"covered":1,"skipped":0,"pct":100},"statements":{"total":23,"covered":23,"skipped":0,"pct":100},"branches":{"total":14,"covered":14,"skipped":0,"pct":100}}
,"/Users/mannusunny/Documents/work/sdks/search-JS-library/src/modules/sort/actions.js": {"lines":{"total":14,"covered":14,"skipped":0,"pct":100},"functions":{"total":1,"covered":1,"skipped":0,"pct":100},"statements":{"total":14,"covered":14,"skipped":0,"pct":100},"branches":{"total":9,"covered":8,"skipped":0,"pct":88.89}}
,"/Users/mannusunny/Documents/work/sdks/search-JS-library/src/modules/sort/index.js": {"lines":{"total":11,"covered":11,"skipped":0,"pct":100},"functions":{"total":2,"covered":2,"skipped":0,"pct":100},"statements":{"total":11,"covered":11,"skipped":0,"pct":100},"branches":{"total":2,"covered":2,"skipped":0,"pct":100}}
,"/Users/mannusunny/Documents/work/sdks/search-JS-library/src/modules/sort/renderSort.js": {"lines":{"total":5,"covered":5,"skipped":0,"pct":100},"functions":{"total":1,"covered":1,"skipped":0,"pct":100},"statements":{"total":5,"covered":5,"skipped":0,"pct":100},"branches":{"total":4,"covered":4,"skipped":0,"pct":100}}
,"/Users/mannusunny/Documents/work/sdks/search-JS-library/src/modules/sort/setSort.js": {"lines":{"total":2,"covered":2,"skipped":0,"pct":100},"functions":{"total":1,"covered":1,"skipped":0,"pct":100},"statements":{"total":2,"covered":2,"skipped":0,"pct":100},"branches":{"total":0,"covered":0,"skipped":0,"pct":100}}
,"/Users/mannusunny/Documents/work/sdks/search-JS-library/src/modules/swatches/actions.js": {"lines":{"total":3,"covered":3,"skipped":0,"pct":100},"functions":{"total":1,"covered":1,"skipped":0,"pct":100},"statements":{"total":3,"covered":3,"skipped":0,"pct":100},"branches":{"total":0,"covered":0,"skipped":0,"pct":100}}
,"/Users/mannusunny/Documents/work/sdks/search-JS-library/src/modules/swatches/setSwatches.js": {"lines":{"total":2,"covered":2,"skipped":0,"pct":100},"functions":{"total":1,"covered":1,"skipped":0,"pct":100},"statements":{"total":2,"covered":2,"skipped":0,"pct":100},"branches":{"total":0,"covered":0,"skipped":0,"pct":100}}
,"/Users/mannusunny/Documents/work/sdks/search-JS-library/src/modules/swatches/ui.js": {"lines":{"total":18,"covered":18,"skipped":0,"pct":100},"functions":{"total":2,"covered":2,"skipped":0,"pct":100},"statements":{"total":18,"covered":18,"skipped":0,"pct":100},"branches":{"total":9,"covered":7,"skipped":0,"pct":77.78}}
,"/Users/mannusunny/Documents/work/sdks/search-JS-library/src/modules/utils/createElement.js": {"lines":{"total":10,"covered":8,"skipped":0,"pct":80},"functions":{"total":3,"covered":2,"skipped":0,"pct":66.67},"statements":{"total":10,"covered":8,"skipped":0,"pct":80},"branches":{"total":5,"covered":1,"skipped":0,"pct":20}}
,"/Users/mannusunny/Documents/work/sdks/search-JS-library/src/modules/utils/debounce.js": {"lines":{"total":7,"covered":2,"skipped":0,"pct":28.57},"functions":{"total":3,"covered":1,"skipped":0,"pct":33.33},"statements":{"total":7,"covered":2,"skipped":0,"pct":28.57},"branches":{"total":0,"covered":0,"skipped":0,"pct":100}}
,"/Users/mannusunny/Documents/work/sdks/search-JS-library/src/modules/utils/delegate.js": {"lines":{"total":6,"covered":6,"skipped":0,"pct":100},"functions":{"total":2,"covered":2,"skipped":0,"pct":100},"statements":{"total":6,"covered":6,"skipped":0,"pct":100},"branches":{"total":4,"covered":4,"skipped":0,"pct":100}}
,"/Users/mannusunny/Documents/work/sdks/search-JS-library/src/modules/utils/extend.js": {"lines":{"total":18,"covered":18,"skipped":0,"pct":100},"functions":{"total":2,"covered":2,"skipped":0,"pct":100},"statements":{"total":18,"covered":18,"skipped":0,"pct":100},"branches":{"total":8,"covered":6,"skipped":0,"pct":75}}
,"/Users/mannusunny/Documents/work/sdks/search-JS-library/test/initializeSdk.js": {"lines":{"total":19,"covered":19,"skipped":0,"pct":100},"functions":{"total":5,"covered":5,"skipped":0,"pct":100},"statements":{"total":19,"covered":19,"skipped":0,"pct":100},"branches":{"total":6,"covered":6,"skipped":0,"pct":100}}
}
