TN:
SF:src/index.js
FN:19,(anonymous_0)
FN:58,(anonymous_1)
FN:108,(anonymous_2)
FNF:3
FNH:3
FNDA:12,(anonymous_0)
FNDA:95,(anonymous_1)
FNDA:157,(anonymous_2)
DA:20,12
DA:21,12
DA:35,12
DA:36,12
DA:37,12
DA:38,12
DA:39,12
DA:40,12
DA:41,12
DA:42,12
DA:43,12
DA:44,12
DA:45,12
DA:46,0
DA:48,12
DA:50,12
DA:51,12
DA:52,12
DA:53,0
DA:55,12
DA:59,95
DA:65,95
DA:69,95
DA:70,95
DA:73,95
DA:74,95
DA:75,1
DA:76,1
DA:77,1
DA:79,95
DA:80,94
DA:81,94
DA:82,94
DA:84,95
DA:85,0
DA:86,0
DA:88,95
DA:89,41
DA:90,41
DA:91,4
DA:94,95
DA:95,41
DA:96,41
DA:98,95
DA:99,2
DA:100,2
DA:102,95
DA:103,0
DA:104,0
DA:109,157
DA:112,12
LF:51
LH:45
BRDA:44,0,0,12
BRDA:44,0,1,0
BRDA:45,1,0,0
BRDA:45,1,1,12
BRDA:52,2,0,0
BRDA:52,2,1,12
BRDA:73,3,0,95
BRDA:73,3,1,0
BRDA:74,4,0,1
BRDA:74,4,1,94
BRDA:79,5,0,94
BRDA:79,5,1,1
BRDA:80,6,0,94
BRDA:80,6,1,0
BRDA:84,7,0,0
BRDA:84,7,1,95
BRDA:88,8,0,41
BRDA:88,8,1,54
BRDA:90,9,0,4
BRDA:90,9,1,37
BRDA:90,10,0,41
BRDA:90,10,1,41
BRDA:94,11,0,41
BRDA:94,11,1,54
BRDA:98,12,0,2
BRDA:98,12,1,93
BRDA:98,13,0,95
BRDA:98,13,1,88
BRDA:98,13,2,11
BRDA:102,14,0,0
BRDA:102,14,1,95
BRDA:103,15,0,0
BRDA:103,15,1,0
BRDA:103,16,0,0
BRDA:103,16,1,0
BRF:35
BRH:24
end_of_record
TN:
SF:src/common/options.js
FN:37,(anonymous_0)
FN:73,(anonymous_1)
FN:75,(anonymous_2)
FN:94,(anonymous_3)
FN:203,(anonymous_4)
FN:236,(anonymous_5)
FN:287,(anonymous_6)
FN:289,(anonymous_7)
FNF:8
FNH:6
FNDA:1,(anonymous_0)
FNDA:3,(anonymous_1)
FNDA:0,(anonymous_2)
FNDA:4,(anonymous_3)
FNDA:73,(anonymous_4)
FNDA:4,(anonymous_5)
FNDA:2,(anonymous_6)
FNDA:0,(anonymous_7)
DA:24,12
DA:73,3
DA:94,4
DA:290,0
DA:294,0
DA:295,0
DA:296,0
DA:298,0
LF:8
LH:3
BRDA:290,0,0,0
BRDA:290,0,1,0
BRDA:295,1,0,0
BRDA:295,1,1,0
BRF:4
BRH:0
end_of_record
TN:
SF:src/common/constants/actions.js
FNF:0
FNH:0
DA:1,12
LF:1
LH:1
BRF:0
BRH:0
end_of_record
TN:
SF:src/common/constants/eventsLib.js
FNF:0
FNH:0
DA:1,12
LF:1
LH:1
BRF:0
BRH:0
end_of_record
TN:
SF:src/common/constants/index.js
FNF:0
FNH:0
DA:3,12
DA:11,12
LF:2
LH:2
BRF:0
BRH:0
end_of_record
TN:
SF:src/common/constants/selectors.js
FNF:0
FNH:0
DA:1,12
LF:1
LH:1
BRF:0
BRH:0
end_of_record
TN:
SF:src/core/bindEvents.js
FN:2,bindEvents
FN:20,(anonymous_1)
FN:30,(anonymous_2)
FN:101,(anonymous_3)
FNF:4
FNH:2
FNDA:14,bindEvents
FNDA:0,(anonymous_1)
FNDA:3,(anonymous_2)
FNDA:0,(anonymous_3)
DA:18,14
DA:19,14
DA:20,1
DA:21,0
DA:22,0
DA:23,0
DA:24,0
DA:29,14
DA:30,14
DA:31,3
DA:40,14
DA:41,1
DA:43,14
DA:50,14
DA:56,14
DA:62,14
DA:68,14
DA:69,0
DA:76,14
DA:83,14
DA:84,14
DA:91,14
DA:92,14
DA:100,14
DA:101,1
DA:102,0
DA:105,14
DA:111,14
DA:117,14
DA:123,14
LF:30
LH:24
BRDA:19,0,0,1
BRDA:19,0,1,13
BRDA:22,1,0,0
BRDA:22,1,1,0
BRDA:23,2,0,0
BRDA:23,2,1,0
BRDA:29,3,0,14
BRDA:29,3,1,0
BRDA:40,4,0,1
BRDA:40,4,1,13
BRDA:68,5,0,0
BRDA:68,5,1,14
BRDA:83,6,0,14
BRDA:83,6,1,0
BRDA:91,7,0,14
BRDA:91,7,1,0
BRDA:100,8,0,1
BRDA:100,8,1,13
BRF:18
BRH:10
end_of_record
TN:
SF:src/core/createLayout.js
FN:1,(anonymous_0)
FN:12,(anonymous_1)
FN:88,(anonymous_2)
FNF:3
FNH:3
FNDA:14,(anonymous_0)
FNDA:3,(anonymous_1)
FNDA:2,(anonymous_2)
DA:1,12
DA:2,14
DA:3,14
DA:4,14
DA:5,14
DA:6,14
DA:7,14
DA:8,14
DA:9,14
DA:10,14
DA:11,14
DA:12,14
DA:13,3
DA:14,3
DA:15,3
DA:27,14
DA:30,14
DA:33,14
DA:35,14
DA:36,1
DA:37,1
DA:39,14
DA:40,2
DA:41,2
DA:43,14
DA:44,0
DA:45,0
DA:46,0
DA:48,14
DA:49,2
DA:50,2
DA:54,14
DA:55,14
DA:56,0
DA:57,0
DA:60,14
DA:61,1
DA:62,1
DA:63,1
DA:65,14
DA:66,1
DA:67,1
DA:70,14
DA:71,3
DA:72,3
DA:74,14
DA:75,1
DA:76,1
DA:78,14
DA:79,1
DA:80,1
DA:82,14
DA:85,14
DA:86,14
DA:87,2
DA:88,1
DA:89,2
DA:90,2
DA:94,1
DA:95,1
LF:60
LH:55
BRDA:35,0,0,1
BRDA:35,0,1,13
BRDA:39,1,0,2
BRDA:39,1,1,12
BRDA:43,2,0,0
BRDA:43,2,1,14
BRDA:48,3,0,2
BRDA:48,3,1,12
BRDA:48,4,0,14
BRDA:48,4,1,14
BRDA:54,5,0,14
BRDA:54,5,1,0
BRDA:55,6,0,0
BRDA:55,6,1,14
BRDA:60,7,0,1
BRDA:60,7,1,13
BRDA:60,8,0,14
BRDA:60,8,1,1
BRDA:65,9,0,1
BRDA:65,9,1,13
BRDA:65,10,0,14
BRDA:65,10,1,1
BRDA:70,11,0,3
BRDA:70,11,1,11
BRDA:74,12,0,1
BRDA:74,12,1,13
BRDA:74,13,0,14
BRDA:74,13,1,1
BRDA:78,14,0,1
BRDA:78,14,1,13
BRDA:82,15,0,14
BRDA:82,15,1,0
BRDA:86,16,0,2
BRDA:86,16,1,12
BRDA:87,17,0,1
BRDA:87,17,1,1
BRF:36
BRH:32
end_of_record
TN:
SF:src/core/initialize.js
FN:7,(anonymous_0)
FNF:1
FNH:1
FNDA:14,(anonymous_0)
DA:7,12
DA:8,14
DA:9,14
DA:10,14
DA:11,14
DA:12,14
DA:13,14
DA:14,14
DA:15,14
DA:16,14
DA:17,14
DA:21,14
DA:22,14
DA:25,0
DA:26,0
DA:27,0
DA:28,0
DA:31,14
DA:33,14
DA:34,14
LF:20
LH:16
BRDA:22,0,0,0
BRDA:22,0,1,14
BRDA:26,1,0,0
BRDA:26,1,1,0
BRDA:33,2,0,14
BRDA:33,2,1,0
BRF:6
BRH:2
end_of_record
TN:
SF:src/core/reRender.js
FN:1,(anonymous_0)
FN:84,(anonymous_1)
FN:89,(anonymous_2)
FNF:3
FNH:2
FNDA:67,(anonymous_0)
FNDA:20,(anonymous_1)
FNDA:0,(anonymous_2)
DA:1,12
DA:12,67
DA:18,67
DA:20,67
DA:22,67
DA:23,6
DA:25,67
DA:26,67
DA:27,67
DA:28,67
DA:32,67
DA:34,67
DA:35,6
DA:38,67
DA:39,0
DA:47,67
DA:48,67
DA:49,3
DA:50,3
DA:51,3
DA:52,3
DA:53,3
DA:54,3
DA:56,3
DA:58,64
DA:59,64
DA:60,64
DA:61,64
DA:62,64
DA:63,64
DA:64,1
DA:65,1
DA:66,0
DA:67,0
DA:69,1
DA:72,63
DA:75,67
DA:76,67
DA:77,67
DA:78,67
DA:79,67
DA:81,67
DA:82,67
DA:83,67
DA:84,64
DA:85,20
DA:88,3
DA:89,3
DA:90,0
DA:94,67
DA:95,67
DA:97,67
DA:98,67
DA:99,5
DA:102,67
DA:103,4
DA:106,0
DA:107,0
DA:108,0
DA:114,4
DA:117,67
LF:61
LH:54
BRDA:22,0,0,6
BRDA:22,0,1,61
BRDA:26,1,0,67
BRDA:26,1,1,0
BRDA:34,2,0,6
BRDA:34,2,1,61
BRDA:34,3,0,67
BRDA:34,3,1,67
BRDA:38,4,0,0
BRDA:38,4,1,67
BRDA:38,5,0,67
BRDA:38,5,1,0
BRDA:48,6,0,3
BRDA:48,6,1,64
BRDA:48,7,0,67
BRDA:48,7,1,40
BRDA:53,8,0,3
BRDA:53,8,1,0
BRDA:58,9,0,1
BRDA:58,9,1,63
BRDA:63,10,0,1
BRDA:63,10,1,63
BRDA:65,11,0,0
BRDA:65,11,1,1
BRDA:78,12,0,67
BRDA:78,12,1,0
BRDA:83,13,0,64
BRDA:83,13,1,3
BRDA:88,14,0,3
BRDA:88,14,1,0
BRDA:94,15,0,67
BRDA:94,15,1,0
BRDA:98,16,0,5
BRDA:98,16,1,62
BRDA:102,17,0,4
BRDA:102,17,1,63
BRDA:103,18,0,0
BRDA:103,18,1,4
BRF:38
BRH:29
end_of_record
TN:
SF:src/core/setConfig.js
FN:2,(anonymous_0)
FNF:1
FNH:1
FNDA:26,(anonymous_0)
DA:2,12
DA:3,26
DA:10,26
DA:12,26
DA:13,2
DA:14,2
DA:15,2
DA:16,2
DA:18,26
DA:19,2
DA:20,2
DA:22,24
DA:23,24
DA:25,26
DA:26,12
DA:27,12
DA:29,14
DA:30,14
DA:32,26
DA:33,1
DA:35,26
DA:36,1
DA:37,1
LF:23
LH:23
BRDA:2,0,0,0
BRDA:2,1,0,12
BRDA:12,2,0,2
BRDA:12,2,1,24
BRDA:13,3,0,0
BRDA:13,3,1,2
BRDA:14,4,0,0
BRDA:14,4,1,2
BRDA:15,5,0,0
BRDA:15,5,1,2
BRDA:16,6,0,2
BRDA:16,6,1,0
BRDA:18,7,0,2
BRDA:18,7,1,24
BRDA:19,8,0,2
BRDA:19,8,1,0
BRDA:25,9,0,12
BRDA:25,9,1,14
BRDA:26,10,0,0
BRDA:26,10,1,12
BRDA:27,11,0,12
BRDA:27,11,1,0
BRDA:32,12,0,1
BRDA:32,12,1,25
BRDA:33,13,0,1
BRDA:33,13,1,0
BRDA:33,14,0,1
BRDA:33,14,1,1
BRDA:35,15,0,1
BRDA:35,15,1,25
BRDA:36,16,0,1
BRDA:36,16,1,0
BRF:32
BRH:22
end_of_record
TN:
SF:src/core/setMethods.js
FN:18,(anonymous_0)
FN:25,(anonymous_1)
FN:32,(anonymous_2)
FN:40,(anonymous_3)
FN:106,(anonymous_4)
FN:124,(anonymous_5)
FN:131,(anonymous_6)
FN:138,(anonymous_7)
FN:144,(anonymous_8)
FN:149,(anonymous_9)
FNF:10
FNH:5
FNDA:0,(anonymous_0)
FNDA:0,(anonymous_1)
FNDA:14,(anonymous_2)
FNDA:2,(anonymous_3)
FNDA:0,(anonymous_4)
FNDA:0,(anonymous_5)
FNDA:0,(anonymous_6)
FNDA:1,(anonymous_7)
FNDA:26,(anonymous_8)
FNDA:12,(anonymous_9)
DA:18,12
DA:21,0
DA:22,0
DA:23,0
DA:25,12
DA:28,0
DA:29,0
DA:30,0
DA:32,12
DA:35,14
DA:36,14
DA:37,14
DA:40,12
DA:43,2
DA:46,2
DA:49,2
DA:57,2
DA:61,2
DA:62,2
DA:68,2
DA:71,2
DA:72,2
DA:73,2
DA:74,1
DA:75,1
DA:76,1
DA:77,1
DA:78,1
DA:79,1
DA:81,2
DA:82,1
DA:83,1
DA:84,1
DA:85,1
DA:86,1
DA:87,1
DA:89,2
DA:90,0
DA:91,0
DA:92,0
DA:93,0
DA:94,0
DA:96,2
DA:97,0
DA:98,0
DA:99,0
DA:100,0
DA:101,0
DA:104,2
DA:106,12
DA:109,0
DA:112,0
DA:113,0
DA:117,0
DA:118,0
DA:119,0
DA:122,0
DA:124,12
DA:125,0
DA:126,0
DA:127,0
DA:128,0
DA:129,0
DA:131,12
DA:132,0
DA:133,0
DA:134,0
DA:135,0
DA:136,0
DA:138,12
DA:139,1
DA:140,1
DA:141,1
DA:142,1
DA:144,12
DA:145,26
DA:149,12
DA:152,12
DA:153,12
DA:154,12
DA:155,12
DA:156,12
DA:157,12
DA:158,12
DA:159,12
DA:160,12
DA:161,12
DA:162,12
DA:163,12
DA:164,12
DA:165,12
DA:166,12
DA:167,12
DA:168,12
DA:169,12
DA:170,12
DA:171,12
DA:172,12
DA:173,12
DA:174,12
DA:175,12
DA:176,12
DA:177,12
LF:103
LH:70
BRDA:62,0,0,2
BRDA:62,0,1,0
BRDA:73,1,0,1
BRDA:73,1,1,1
BRDA:81,2,0,1
BRDA:81,2,1,1
BRDA:89,3,0,0
BRDA:89,3,1,2
BRDA:96,4,0,0
BRDA:96,4,1,2
BRDA:113,5,0,0
BRDA:113,5,1,0
BRDA:118,6,0,0
BRDA:118,6,1,0
BRDA:144,7,0,0
BRF:15
BRH:7
end_of_record
TN:
SF:src/core/componentWrappers/createBannerWrapper.js
FN:1,(anonymous_0)
FNF:1
FNH:1
FNDA:14,(anonymous_0)
DA:6,14
DA:7,14
LF:2
LH:2
BRDA:4,0,0,0
BRF:1
BRH:0
end_of_record
TN:
SF:src/core/componentWrappers/createBreadcrumbWrapper.js
FN:1,(anonymous_0)
FNF:1
FNH:1
FNDA:14,(anonymous_0)
DA:6,14
DA:7,14
LF:2
LH:2
BRDA:4,0,0,0
BRF:1
BRH:0
end_of_record
TN:
SF:src/core/componentWrappers/createFacetWrapper.js
FN:1,(anonymous_0)
FNF:1
FNH:1
FNDA:14,(anonymous_0)
DA:6,14
DA:7,14
LF:2
LH:2
BRDA:4,0,0,0
BRF:1
BRH:0
end_of_record
TN:
SF:src/core/componentWrappers/createPageSizeWrapper.js
FN:1,(anonymous_0)
FNF:1
FNH:1
FNDA:14,(anonymous_0)
DA:6,14
DA:7,14
LF:2
LH:2
BRDA:4,0,0,0
BRF:1
BRH:0
end_of_record
TN:
SF:src/core/componentWrappers/createPaginationWrapper.js
FN:1,(anonymous_0)
FNF:1
FNH:1
FNDA:3,(anonymous_0)
DA:6,3
DA:7,3
LF:2
LH:2
BRDA:4,0,0,0
BRF:1
BRH:0
end_of_record
TN:
SF:src/core/componentWrappers/createProductViewTypeWrapper.js
FN:1,(anonymous_0)
FNF:1
FNH:1
FNDA:14,(anonymous_0)
DA:6,14
DA:7,14
LF:2
LH:2
BRDA:4,0,0,0
BRF:1
BRH:0
end_of_record
TN:
SF:src/core/componentWrappers/createSearchWrapper.js
FN:1,(anonymous_0)
FNF:1
FNH:1
FNDA:14,(anonymous_0)
DA:6,14
DA:7,14
LF:2
LH:2
BRDA:4,0,0,0
BRF:1
BRH:0
end_of_record
TN:
SF:src/core/componentWrappers/createSelectedFacetWrapper.js
FN:1,(anonymous_0)
FNF:1
FNH:1
FNDA:14,(anonymous_0)
DA:6,14
DA:7,14
LF:2
LH:2
BRDA:4,0,0,0
BRF:1
BRH:0
end_of_record
TN:
SF:src/core/componentWrappers/createSortWrapper.js
FN:1,(anonymous_0)
FNF:1
FNH:1
FNDA:14,(anonymous_0)
DA:7,14
DA:8,14
LF:2
LH:2
BRDA:5,0,0,0
BRF:1
BRH:0
end_of_record
TN:
SF:src/core/componentWrappers/createSpellCheckWrapper.js
FN:1,(anonymous_0)
FNF:1
FNH:1
FNDA:14,(anonymous_0)
DA:6,14
DA:7,14
LF:2
LH:2
BRDA:4,0,0,0
BRF:1
BRH:0
end_of_record
TN:
SF:src/core/componentWrappers/index.js
FN:13,(anonymous_0)
FNF:1
FNH:1
FNDA:12,(anonymous_0)
DA:13,12
DA:14,12
LF:2
LH:2
BRF:0
BRH:0
end_of_record
TN:
SF:src/modules/analytics/setAnalytics.js
FN:2,(anonymous_0)
FN:10,(anonymous_1)
FN:24,(anonymous_2)
FN:41,(anonymous_3)
FN:53,(anonymous_4)
FN:61,(anonymous_5)
FN:64,(anonymous_6)
FN:69,(anonymous_7)
FN:73,(anonymous_8)
FN:81,(anonymous_9)
FN:87,(anonymous_10)
FN:116,(anonymous_11)
FNF:12
FNH:2
FNDA:0,(anonymous_0)
FNDA:0,(anonymous_1)
FNDA:0,(anonymous_2)
FNDA:0,(anonymous_3)
FNDA:0,(anonymous_4)
FNDA:0,(anonymous_5)
FNDA:0,(anonymous_6)
FNDA:0,(anonymous_7)
FNDA:0,(anonymous_8)
FNDA:0,(anonymous_9)
FNDA:107,(anonymous_10)
FNDA:12,(anonymous_11)
DA:2,12
DA:3,0
DA:10,12
DA:15,0
DA:16,0
DA:24,12
DA:25,0
DA:26,0
DA:29,0
DA:32,0
DA:33,0
DA:36,0
DA:37,0
DA:39,0
DA:40,0
DA:41,0
DA:45,0
DA:46,0
DA:47,0
DA:49,0
DA:50,0
DA:53,12
DA:54,0
DA:55,0
DA:56,0
DA:57,0
DA:58,0
DA:59,0
DA:60,0
DA:61,0
DA:62,0
DA:63,0
DA:64,0
DA:65,0
DA:67,0
DA:69,0
DA:70,0
DA:71,0
DA:73,0
DA:74,0
DA:75,0
DA:76,0
DA:78,0
DA:79,0
DA:81,12
DA:82,0
DA:83,0
DA:84,0
DA:87,12
DA:88,107
DA:91,107
DA:92,107
DA:93,107
DA:95,0
DA:96,0
DA:98,0
DA:99,0
DA:101,0
DA:102,0
DA:104,0
DA:105,0
DA:107,0
DA:109,0
DA:110,0
DA:116,12
DA:117,12
LF:66
LH:12
BRDA:19,0,0,0
BRDA:19,0,1,0
BRDA:36,1,0,0
BRDA:36,1,1,0
BRDA:39,2,0,0
BRDA:39,2,1,0
BRDA:46,3,0,0
BRDA:46,3,1,0
BRDA:82,4,0,0
BRDA:82,4,1,0
BRDA:88,5,0,107
BRDA:88,5,1,107
BRDA:92,6,0,107
BRDA:92,6,1,0
BRDA:92,7,0,107
BRDA:92,7,1,0
BRDA:92,7,2,0
BRDA:92,7,3,0
BRDA:95,8,0,0
BRDA:95,8,1,0
BRDA:96,9,0,0
BRDA:96,9,1,0
BRDA:96,9,2,0
BRDA:96,9,3,0
BRDA:96,9,4,0
BRF:25
BRH:4
end_of_record
TN:
SF:src/modules/banners/index.js
FN:1,(anonymous_0)
FN:5,(anonymous_1)
FNF:2
FNH:2
FNDA:68,(anonymous_0)
FNDA:1,(anonymous_1)
DA:1,12
DA:4,68
DA:5,68
DA:9,1
DA:10,1
DA:11,1
DA:12,1
DA:14,1
DA:15,0
DA:18,1
DA:20,68
LF:11
LH:10
BRDA:11,0,0,1
BRDA:11,0,1,0
BRDA:14,1,0,0
BRDA:14,1,1,1
BRF:4
BRH:2
end_of_record
TN:
SF:src/modules/banners/setbannerMethods.js
FN:1,renderBannerUI
FNF:1
FNH:1
FNDA:68,renderBannerUI
DA:2,68
DA:5,68
DA:6,68
LF:3
LH:3
BRF:0
BRH:0
end_of_record
TN:
SF:src/modules/breadcrumbs/actions.js
FN:1,onBreadCrumbClick
FN:3,renderBreadCrumbs
FN:6,(anonymous_2)
FNF:3
FNH:2
FNDA:0,onBreadCrumbClick
FNDA:67,renderBreadCrumbs
FNDA:1,(anonymous_2)
DA:4,67
DA:5,67
DA:6,67
DA:7,1
DA:10,1
DA:11,1
DA:14,67
LF:7
LH:7
BRF:0
BRH:0
end_of_record
TN:
SF:src/modules/breadcrumbs/breadcrumbsView.js
FN:1,(anonymous_0)
FN:6,(anonymous_1)
FNF:2
FNH:2
FNDA:1,(anonymous_0)
FNDA:1,(anonymous_1)
DA:1,12
DA:2,1
DA:5,1
DA:6,1
DA:11,1
DA:12,1
DA:13,1
DA:14,0
DA:16,1
DA:19,1
LF:10
LH:9
BRDA:13,0,0,0
BRDA:13,0,1,1
BRF:2
BRH:1
end_of_record
TN:
SF:src/modules/breadcrumbs/setBreadcrumbs.js
FN:6,(anonymous_0)
FNF:1
FNH:1
FNDA:12,(anonymous_0)
DA:6,12
DA:7,12
LF:2
LH:2
BRF:0
BRH:0
end_of_record
TN:
SF:src/modules/didYouMean/renderSpellCheck.js
FN:1,(anonymous_0)
FNF:1
FNH:1
FNDA:5,(anonymous_0)
DA:1,12
DA:4,5
DA:5,5
DA:6,5
DA:9,5
DA:13,5
DA:16,5
DA:20,5
DA:21,5
DA:25,5
DA:26,5
DA:27,5
DA:29,5
DA:30,5
DA:31,5
DA:32,1
DA:33,1
DA:34,1
DA:35,1
DA:37,4
DA:39,4
DA:40,0
DA:42,4
DA:45,0
LF:24
LH:22
BRDA:5,0,0,5
BRDA:5,0,1,2
BRDA:21,1,0,5
BRDA:21,1,1,0
BRDA:21,2,0,5
BRDA:21,2,1,5
BRDA:29,3,0,1
BRDA:29,3,1,4
BRDA:30,4,0,5
BRDA:30,4,1,0
BRDA:31,5,0,1
BRDA:31,5,1,4
BRDA:31,6,0,5
BRDA:31,6,1,1
BRDA:39,7,0,0
BRDA:39,7,1,4
BRF:16
BRH:13
end_of_record
TN:
SF:src/modules/didYouMean/setSpellCheck.js
FN:2,(anonymous_0)
FN:22,(anonymous_1)
FNF:2
FNH:2
FNDA:1,(anonymous_0)
FNDA:12,(anonymous_1)
DA:2,12
DA:3,1
DA:4,1
DA:7,1
DA:10,1
DA:13,1
DA:14,1
DA:15,1
DA:16,1
DA:17,1
DA:18,1
DA:19,1
DA:22,12
DA:23,12
LF:14
LH:14
BRDA:10,0,0,1
BRDA:10,0,1,0
BRDA:14,1,0,1
BRDA:14,1,1,0
BRDA:14,2,0,1
BRDA:14,2,1,1
BRF:6
BRH:4
end_of_record
TN:
SF:src/modules/didYouMean/spellCheckView.js
FN:16,(anonymous_0)
FNF:1
FNH:1
FNDA:5,(anonymous_0)
DA:16,12
DA:21,5
DA:24,5
DA:27,5
DA:28,5
DA:29,5
DA:30,0
DA:31,0
DA:32,0
DA:36,5
DA:37,5
DA:38,5
DA:39,5
DA:40,5
DA:41,2
DA:43,5
DA:44,3
DA:46,5
LF:18
LH:15
BRDA:29,0,0,0
BRDA:29,0,1,5
BRDA:30,1,0,0
BRDA:30,1,1,0
BRDA:32,2,0,0
BRDA:32,2,1,0
BRDA:37,3,0,1
BRDA:37,3,1,4
BRDA:40,4,0,2
BRDA:40,4,1,3
BRDA:43,5,0,3
BRDA:43,5,1,2
BRDA:43,6,0,5
BRDA:43,6,1,5
BRF:14
BRH:9
end_of_record
TN:
SF:src/modules/facets/actions.js
FN:1,(anonymous_0)
FNF:1
FNH:1
FNDA:16,(anonymous_0)
DA:1,12
DA:2,16
DA:3,16
DA:4,16
DA:5,16
DA:13,16
DA:14,16
DA:15,16
DA:16,16
DA:17,16
DA:21,16
DA:24,16
DA:28,16
DA:29,16
DA:30,16
DA:31,16
DA:32,5
DA:33,5
DA:38,5
DA:39,5
DA:43,5
DA:44,5
DA:50,16
DA:51,1
DA:52,1
DA:53,1
DA:54,1
DA:57,1
DA:62,1
DA:63,1
DA:68,16
DA:69,1
DA:70,1
DA:71,1
DA:72,1
DA:75,1
DA:80,1
DA:81,1
DA:82,0
DA:83,0
DA:87,16
DA:88,2
DA:89,2
DA:90,2
DA:91,2
DA:94,2
DA:99,2
DA:100,2
DA:101,0
DA:102,0
DA:103,0
DA:107,16
DA:108,1
DA:109,1
DA:110,1
DA:112,16
DA:113,1
DA:114,1
DA:115,1
DA:116,1
DA:117,1
DA:119,16
DA:123,0
DA:124,0
DA:125,0
DA:132,0
DA:133,0
DA:137,16
DA:138,1
DA:139,1
DA:140,1
DA:142,0
DA:144,1
DA:145,1
DA:146,1
DA:148,16
DA:149,1
DA:150,1
DA:151,1
DA:153,0
DA:155,1
DA:156,1
DA:157,1
DA:161,16
DA:162,2
DA:163,2
DA:164,0
DA:173,2
DA:174,2
DA:181,2
DA:182,0
DA:183,0
DA:185,2
DA:186,2
DA:187,2
DA:190,16
DA:191,1
DA:192,1
DA:193,1
DA:194,0
DA:197,16
DA:198,0
DA:199,0
DA:202,0
DA:206,16
DA:207,0
DA:208,0
DA:209,0
DA:212,0
DA:216,16
LF:110
LH:87
BRDA:4,0,0,16
BRDA:4,0,1,0
BRDA:16,1,0,16
BRDA:16,1,1,0
BRDA:31,2,0,5
BRDA:31,2,1,11
BRDA:50,3,0,1
BRDA:50,3,1,15
BRDA:51,4,0,1
BRDA:51,4,1,0
BRDA:68,5,0,1
BRDA:68,5,1,15
BRDA:69,6,0,1
BRDA:69,6,1,0
BRDA:81,7,0,0
BRDA:81,7,1,1
BRDA:81,8,0,1
BRDA:81,8,1,0
BRDA:81,8,2,0
BRDA:81,8,3,0
BRDA:87,9,0,2
BRDA:87,9,1,14
BRDA:88,10,0,2
BRDA:88,10,1,0
BRDA:100,11,0,0
BRDA:100,11,1,2
BRDA:107,12,0,1
BRDA:107,12,1,15
BRDA:112,13,0,1
BRDA:112,13,1,15
BRDA:119,14,0,0
BRDA:119,14,1,16
BRDA:137,15,0,1
BRDA:137,15,1,15
BRDA:138,16,0,1
BRDA:138,16,1,0
BRDA:148,17,0,1
BRDA:148,17,1,15
BRDA:149,18,0,1
BRDA:149,18,1,0
BRDA:161,19,0,2
BRDA:161,19,1,14
BRDA:163,20,0,0
BRDA:163,20,1,2
BRDA:163,21,0,2
BRDA:163,21,1,0
BRDA:163,21,2,0
BRDA:173,22,0,2
BRDA:173,22,1,0
BRDA:181,23,0,0
BRDA:181,23,1,2
BRDA:185,24,0,2
BRDA:185,24,1,0
BRDA:190,25,0,1
BRDA:190,25,1,15
BRDA:193,26,0,0
BRDA:193,26,1,1
BRDA:197,27,0,0
BRDA:197,27,1,16
BRDA:206,28,0,0
BRDA:206,28,1,16
BRDA:206,29,0,16
BRDA:206,29,1,0
BRF:63
BRH:40
end_of_record
TN:
SF:src/modules/facets/renderBucketedSearch.js
FN:2,(anonymous_0)
FN:12,(anonymous_1)
FN:40,(anonymous_2)
FNF:3
FNH:3
FNDA:41,(anonymous_0)
FNDA:8,(anonymous_1)
FNDA:111,(anonymous_2)
DA:2,12
DA:3,41
DA:7,41
DA:10,41
DA:11,41
DA:12,41
DA:17,8
DA:18,8
DA:19,8
DA:20,8
DA:31,41
DA:34,41
DA:35,41
DA:36,41
DA:38,41
DA:39,41
DA:40,41
DA:44,111
DA:45,111
DA:46,0
DA:47,0
DA:50,111
DA:54,41
DA:55,41
DA:56,41
DA:60,0
LF:26
LH:23
BRDA:11,0,0,41
BRDA:11,0,1,0
BRDA:35,1,0,41
BRDA:35,1,1,0
BRDA:45,2,0,0
BRDA:45,2,1,111
BRDA:45,3,0,111
BRDA:45,3,1,0
BRDA:46,4,0,0
BRDA:46,4,1,0
BRDA:55,5,0,41
BRDA:55,5,1,0
BRF:12
BRH:5
end_of_record
TN:
SF:src/modules/facets/renderFacets.js
FN:1,(anonymous_0)
FN:26,(anonymous_1)
FNF:2
FNH:2
FNDA:73,(anonymous_0)
FNDA:200,(anonymous_1)
DA:4,73
DA:9,73
DA:13,73
DA:14,73
DA:15,0
DA:17,73
DA:18,73
DA:21,73
DA:22,73
DA:23,73
DA:24,73
DA:25,73
DA:26,73
DA:30,200
DA:31,200
DA:32,53
DA:34,200
DA:35,19
DA:37,200
DA:38,200
DA:39,200
DA:40,200
DA:41,120
DA:43,200
DA:44,39
DA:46,200
DA:47,41
DA:49,200
DA:51,73
DA:52,73
DA:53,73
LF:31
LH:30
BRDA:14,0,0,0
BRDA:14,0,1,73
BRDA:14,1,0,73
BRDA:14,1,1,0
BRDA:31,2,0,53
BRDA:31,2,1,147
BRDA:31,3,0,200
BRDA:31,3,1,118
BRDA:34,4,0,19
BRDA:34,4,1,181
BRDA:34,5,0,200
BRDA:34,5,1,87
BRDA:38,6,0,200
BRDA:38,6,1,200
BRDA:40,7,0,120
BRDA:40,7,1,80
BRDA:43,8,0,39
BRDA:43,8,1,161
BRDA:46,9,0,41
BRDA:46,9,1,159
BRF:20
BRH:18
end_of_record
TN:
SF:src/modules/facets/renderMultiLevelFacet.js
FN:1,(anonymous_0)
FNF:1
FNH:1
FNDA:41,(anonymous_0)
DA:2,41
DA:3,41
DA:7,41
DA:10,41
DA:13,41
DA:16,41
DA:17,41
DA:18,41
DA:19,41
DA:20,41
DA:21,41
DA:22,0
DA:24,41
LF:13
LH:12
BRDA:20,0,0,30
BRDA:20,0,1,11
BRDA:21,1,0,0
BRDA:21,1,1,41
BRF:4
BRH:3
end_of_record
TN:
SF:src/modules/facets/renderRangeFacet.js
FN:1,(anonymous_0)
FNF:1
FNH:1
FNDA:39,(anonymous_0)
DA:4,39
DA:8,39
DA:11,39
DA:14,39
DA:15,39
DA:16,39
DA:17,39
DA:18,39
DA:19,39
DA:20,39
DA:21,0
DA:23,39
LF:12
LH:11
BRDA:16,0,0,39
BRDA:16,0,1,36
BRDA:19,1,0,22
BRDA:19,1,1,17
BRDA:20,2,0,0
BRDA:20,2,1,39
BRF:6
BRH:5
end_of_record
TN:
SF:src/modules/facets/renderRangeFacets.js
FN:1,(anonymous_0)
FN:15,(anonymous_1)
FNF:2
FNH:2
FNDA:39,(anonymous_0)
FNDA:308,(anonymous_1)
DA:1,12
DA:5,39
DA:6,39
DA:13,39
DA:14,39
DA:15,39
DA:19,308
DA:20,308
DA:21,308
DA:22,308
DA:27,39
DA:28,39
DA:29,39
DA:30,3
DA:31,0
DA:33,3
DA:35,39
LF:17
LH:16
BRDA:14,0,0,3
BRDA:14,0,1,36
BRDA:21,1,0,3
BRDA:21,1,1,305
BRDA:29,2,0,3
BRDA:29,2,1,36
BRDA:30,3,0,0
BRDA:30,3,1,3
BRF:8
BRH:7
end_of_record
TN:
SF:src/modules/facets/renderSelectedFacets.js
FN:1,(anonymous_0)
FN:16,(anonymous_1)
FN:38,(anonymous_2)
FNF:3
FNH:3
FNDA:67,(anonymous_0)
FNDA:5,(anonymous_1)
FNDA:3,(anonymous_2)
DA:2,67
DA:3,67
DA:4,67
DA:5,67
DA:9,67
DA:10,67
DA:11,67
DA:12,7
DA:13,7
DA:14,7
DA:15,7
DA:16,7
DA:21,5
DA:22,5
DA:34,67
DA:35,67
DA:36,3
DA:37,3
DA:38,3
DA:39,3
DA:48,67
DA:49,67
LF:22
LH:22
BRDA:10,0,0,67
BRDA:10,0,1,0
BRDA:15,1,0,7
BRDA:15,1,1,0
BRDA:27,2,0,5
BRDA:27,2,1,0
BRDA:28,3,0,5
BRDA:28,3,1,0
BRDA:48,4,0,67
BRDA:48,4,1,0
BRF:10
BRH:5
end_of_record
TN:
SF:src/modules/facets/renderTextFacet.js
FN:1,(anonymous_0)
FN:19,(anonymous_1)
FN:25,(anonymous_2)
FNF:3
FNH:3
FNDA:120,(anonymous_0)
FNDA:594,(anonymous_1)
FNDA:30,(anonymous_2)
DA:2,120
DA:6,120
DA:10,120
DA:11,120
DA:14,120
DA:17,120
DA:18,120
DA:19,120
DA:22,594
DA:23,594
DA:24,594
DA:25,40
DA:26,30
DA:29,594
DA:30,6
DA:31,6
DA:33,588
DA:34,588
DA:38,120
DA:39,0
DA:41,120
DA:42,120
DA:43,120
DA:44,0
DA:46,120
LF:25
LH:23
BRDA:5,0,0,0
BRDA:18,1,0,120
BRDA:18,1,1,0
BRDA:24,2,0,40
BRDA:24,2,1,554
BRDA:29,3,0,6
BRDA:29,3,1,588
BRDA:38,4,0,0
BRDA:38,4,1,120
BRDA:42,5,0,86
BRDA:42,5,1,34
BRDA:43,6,0,0
BRDA:43,6,1,120
BRF:13
BRH:9
end_of_record
TN:
SF:src/modules/facets/setFacetMethods.js
FN:11,(anonymous_0)
FN:23,(anonymous_1)
FN:28,(anonymous_2)
FN:38,(anonymous_3)
FN:42,(anonymous_4)
FN:46,(anonymous_5)
FN:52,(anonymous_6)
FN:64,(anonymous_7)
FN:71,(anonymous_8)
FN:88,(anonymous_9)
FNF:10
FNH:5
FNDA:308,(anonymous_0)
FNDA:0,(anonymous_1)
FNDA:200,(anonymous_2)
FNDA:0,(anonymous_3)
FNDA:200,(anonymous_4)
FNDA:0,(anonymous_5)
FNDA:0,(anonymous_6)
FNDA:0,(anonymous_7)
FNDA:9,(anonymous_8)
FNDA:12,(anonymous_9)
DA:11,12
DA:12,308
DA:16,308
DA:17,308
DA:18,308
DA:19,3
DA:21,305
DA:23,12
DA:24,0
DA:25,0
DA:26,0
DA:28,12
DA:31,200
DA:32,200
DA:33,200
DA:34,138
DA:36,200
DA:38,12
DA:39,0
DA:40,0
DA:42,12
DA:43,200
DA:46,12
DA:49,0
DA:50,0
DA:51,0
DA:52,0
DA:55,0
DA:56,0
DA:57,0
DA:59,0
DA:64,12
DA:65,0
DA:66,0
DA:67,0
DA:68,0
DA:71,12
DA:74,9
DA:75,9
DA:76,0
DA:80,0
DA:81,0
DA:82,0
DA:88,12
DA:89,12
LF:45
LH:24
BRDA:18,0,0,3
BRDA:18,0,1,305
BRDA:18,1,0,308
BRDA:18,1,1,22
BRDA:33,2,0,138
BRDA:33,2,1,62
BRDA:43,3,0,200
BRDA:43,3,1,200
BRDA:50,4,0,0
BRDA:50,4,1,0
BRDA:55,5,0,0
BRDA:55,5,1,0
BRDA:56,6,0,0
BRDA:56,6,1,0
BRDA:56,7,0,0
BRDA:56,7,1,0
BRDA:75,8,0,0
BRDA:75,8,1,9
BRF:18
BRH:9
end_of_record
TN:
SF:src/modules/facets/ui.js
FN:2,selectedFacetItemTemplateUI
FN:32,selectedFacetUI
FN:49,facetItemUiElem
FN:82,facetUIElem
FNF:4
FNH:4
FNDA:8,selectedFacetItemTemplateUI
FNDA:67,selectedFacetUI
FNDA:594,facetItemUiElem
FNDA:200,facetUIElem
DA:6,8
DA:11,8
DA:16,8
DA:19,8
DA:20,8
DA:21,8
DA:22,3
DA:24,8
DA:25,8
DA:36,67
DA:37,67
DA:38,67
DA:39,7
DA:45,60
DA:53,594
DA:58,594
DA:62,594
DA:65,594
DA:66,594
DA:67,0
DA:68,0
DA:71,594
DA:72,594
DA:73,6
DA:74,6
DA:76,594
DA:89,200
DA:104,200
DA:108,200
DA:112,200
DA:113,200
DA:114,200
DA:115,200
DA:116,200
DA:117,200
DA:118,0
DA:119,0
DA:121,200
DA:122,200
DA:123,200
DA:124,6
DA:126,200
DA:127,2
DA:129,200
DA:130,200
DA:131,200
DA:132,200
DA:133,138
DA:135,62
DA:138,200
DA:139,120
DA:141,200
LF:52
LH:48
BRDA:21,0,0,3
BRDA:21,0,1,5
BRDA:37,1,0,0
BRDA:37,1,1,67
BRDA:38,2,0,7
BRDA:38,2,1,60
BRDA:66,3,0,0
BRDA:66,3,1,594
BRDA:66,4,0,594
BRDA:66,4,1,0
BRDA:67,5,0,0
BRDA:67,5,1,0
BRDA:72,6,0,6
BRDA:72,6,1,588
BRDA:116,7,0,6
BRDA:116,7,1,194
BRDA:116,8,0,200
BRDA:116,8,1,8
BRDA:117,9,0,0
BRDA:117,9,1,200
BRDA:117,10,0,200
BRDA:117,10,1,0
BRDA:117,10,2,0
BRDA:123,11,0,6
BRDA:123,11,1,194
BRDA:126,12,0,2
BRDA:126,12,1,198
BRDA:126,13,0,200
BRDA:126,13,1,20
BRDA:131,14,0,200
BRDA:131,14,1,0
BRDA:132,15,0,138
BRDA:132,15,1,62
BRDA:138,16,0,120
BRDA:138,16,1,80
BRDA:138,17,0,200
BRDA:138,17,1,200
BRF:37
BRH:28
end_of_record
TN:
SF:src/modules/input/actions.js
FN:1,(anonymous_0)
FNF:1
FNH:1
FNDA:1,(anonymous_0)
DA:1,12
DA:2,1
DA:3,1
DA:4,0
DA:6,1
DA:7,1
DA:8,1
DA:9,1
DA:10,1
DA:11,1
DA:12,1
DA:13,1
DA:14,1
DA:15,1
DA:16,1
DA:19,0
LF:16
LH:14
BRDA:3,0,0,0
BRDA:3,0,1,1
BRDA:7,1,0,0
BRDA:7,1,1,1
BRDA:8,2,0,1
BRDA:8,2,1,0
BRF:6
BRH:3
end_of_record
TN:
SF:src/modules/input/setInput.js
FN:3,(anonymous_0)
FNF:1
FNH:1
FNDA:12,(anonymous_0)
DA:3,12
DA:4,12
LF:2
LH:2
BRF:0
BRH:0
end_of_record
TN:
SF:src/modules/pageSize/actions.js
FN:1,(anonymous_0)
FNF:1
FNH:1
FNDA:1,(anonymous_0)
DA:1,12
DA:2,1
DA:3,1
DA:4,1
DA:5,1
DA:8,1
DA:9,1
DA:10,1
DA:11,1
DA:12,1
DA:13,1
LF:11
LH:11
BRDA:4,0,0,1
BRDA:4,0,1,0
BRDA:9,1,0,1
BRDA:9,1,1,0
BRF:4
BRH:2
end_of_record
TN:
SF:src/modules/pageSize/pageSizeView.js
FN:1,(anonymous_0)
FN:6,(anonymous_1)
FNF:2
FNH:2
FNDA:62,(anonymous_0)
FNDA:310,(anonymous_1)
DA:1,12
DA:4,62
DA:5,62
DA:6,62
DA:7,310
DA:8,310
DA:9,62
DA:11,248
DA:15,62
DA:16,62
LF:10
LH:10
BRDA:8,0,0,62
BRDA:8,0,1,248
BRF:2
BRH:2
end_of_record
TN:
SF:src/modules/pageSize/setPageSize.js
FN:5,(anonymous_0)
FN:22,(anonymous_1)
FNF:2
FNH:2
FNDA:67,(anonymous_0)
FNDA:12,(anonymous_1)
DA:5,12
DA:8,67
DA:9,67
DA:10,67
DA:11,67
DA:12,67
DA:14,67
DA:15,67
DA:16,3
DA:18,64
DA:22,12
DA:23,12
LF:12
LH:12
BRDA:11,0,0,67
BRDA:11,0,1,0
BRDA:15,1,0,3
BRDA:15,1,1,64
BRDA:15,2,0,67
BRDA:15,2,1,40
BRF:6
BRH:5
end_of_record
TN:
SF:src/modules/pagination/actions.js
FN:1,(anonymous_0)
FN:9,renderNewResults
FN:48,paginationAction
FNF:3
FNH:3
FNDA:3,(anonymous_0)
FNDA:3,renderNewResults
FNDA:5,paginationAction
DA:1,12
DA:2,3
DA:3,3
DA:4,3
DA:5,3
DA:10,3
DA:14,3
DA:22,3
DA:23,3
DA:24,1
DA:25,1
DA:26,1
DA:27,1
DA:28,1
DA:31,3
DA:32,1
DA:33,1
DA:34,1
DA:35,1
DA:38,3
DA:39,1
DA:40,1
DA:41,1
DA:42,1
DA:52,5
DA:53,5
DA:54,5
DA:55,5
DA:56,2
DA:57,2
DA:59,3
LF:31
LH:31
BRDA:23,0,0,1
BRDA:23,0,1,2
BRDA:26,1,0,1
BRDA:26,1,1,0
BRDA:31,2,0,1
BRDA:31,2,1,2
BRDA:33,3,0,1
BRDA:33,3,1,0
BRDA:38,4,0,1
BRDA:38,4,1,2
BRDA:40,5,0,1
BRDA:40,5,1,0
BRDA:55,6,0,2
BRDA:55,6,1,3
BRF:14
BRH:11
end_of_record
TN:
SF:src/modules/pagination/clickNScrollView.js
FN:1,(anonymous_0)
FNF:1
FNH:1
FNDA:2,(anonymous_0)
DA:4,2
DA:5,2
LF:2
LH:2
BRF:0
BRH:0
end_of_record
TN:
SF:src/modules/pagination/fixedPaginationView.js
FN:1,(anonymous_0)
FNF:1
FNH:1
FNDA:12,(anonymous_0)
DA:1,12
DA:2,12
DA:3,0
DA:13,12
DA:18,12
DA:21,12
DA:22,12
DA:23,0
DA:25,12
DA:26,12
DA:27,12
DA:28,12
DA:29,12
DA:30,12
DA:31,12
DA:32,12
DA:33,4
DA:34,4
DA:36,12
DA:37,12
DA:38,2
DA:39,2
DA:40,2
DA:41,0
DA:43,2
DA:46,12
DA:47,76
DA:48,76
DA:49,76
DA:51,12
DA:52,2
DA:54,12
DA:55,4
DA:57,12
LF:34
LH:31
BRDA:2,0,0,0
BRDA:2,0,1,12
BRDA:22,1,0,0
BRDA:22,1,1,12
BRDA:28,2,0,0
BRDA:28,2,1,12
BRDA:32,3,0,4
BRDA:32,3,1,8
BRDA:37,4,0,2
BRDA:37,4,1,10
BRDA:40,5,0,0
BRDA:40,5,1,2
BRDA:48,6,0,12
BRDA:48,6,1,64
BRDA:51,7,0,2
BRDA:51,7,1,10
BRDA:54,8,0,4
BRDA:54,8,1,8
BRF:18
BRH:14
end_of_record
TN:
SF:src/modules/pagination/infiniteScroller.js
FN:1,getScrollXY
FN:20,getDocHeight
FN:29,(anonymous_2)
FNF:3
FNH:3
FNDA:1,getScrollXY
FNDA:1,getDocHeight
FNDA:1,(anonymous_2)
DA:2,1
DA:3,1
DA:4,1
DA:6,1
DA:7,1
DA:8,0
DA:10,0
DA:11,0
DA:12,0
DA:14,0
DA:15,0
DA:17,1
DA:21,1
DA:22,1
DA:29,12
DA:32,1
DA:33,1
DA:35,0
DA:36,0
DA:37,0
LF:20
LH:11
BRDA:4,0,0,1
BRDA:4,0,1,0
BRDA:8,1,0,0
BRDA:8,1,1,0
BRDA:8,2,0,0
BRDA:8,2,1,0
BRDA:8,2,2,0
BRDA:12,3,0,0
BRDA:12,3,1,0
BRDA:12,4,0,0
BRDA:12,4,1,0
BRDA:12,4,2,0
BRDA:33,5,0,0
BRDA:33,5,1,1
BRDA:35,6,0,0
BRDA:35,6,1,0
BRDA:35,7,0,0
BRDA:35,7,1,0
BRF:18
BRH:2
end_of_record
TN:
SF:src/modules/pagination/paginationView.js
FN:4,(anonymous_0)
FNF:1
FNH:1
FNDA:14,(anonymous_0)
DA:7,14
DA:10,14
DA:11,14
DA:12,2
DA:14,12
DA:15,12
DA:17,0
LF:7
LH:6
BRDA:11,0,0,2
BRDA:11,0,1,12
BRDA:14,1,0,12
BRDA:14,1,1,0
BRF:4
BRH:3
end_of_record
TN:
SF:src/modules/pagination/renderPagination.js
FN:1,(anonymous_0)
FNF:1
FNH:1
FNDA:20,(anonymous_0)
DA:1,12
DA:4,20
DA:7,20
DA:8,20
DA:9,20
DA:10,20
DA:11,20
DA:12,14
DA:15,20
LF:9
LH:9
BRDA:9,0,0,20
BRDA:9,0,1,0
BRDA:11,1,0,14
BRDA:11,1,1,6
BRF:4
BRH:3
end_of_record
TN:
SF:src/modules/pagination/setPagination.js
FN:8,(anonymous_0)
FNF:1
FNH:1
FNDA:12,(anonymous_0)
DA:8,12
DA:9,12
LF:2
LH:2
BRF:0
BRH:0
end_of_record
TN:
SF:src/modules/productViewType/actions.js
FN:2,onPageViewTypeClick
FNF:1
FNH:1
FNDA:1,onPageViewTypeClick
DA:3,1
DA:6,1
DA:9,1
DA:10,1
DA:11,1
DA:14,1
DA:15,1
DA:16,1
DA:17,1
DA:20,1
DA:21,1
DA:24,1
DA:25,1
DA:26,1
DA:27,1
LF:15
LH:15
BRDA:10,0,0,1
BRDA:10,0,1,0
BRDA:16,1,0,1
BRDA:16,1,1,0
BRF:4
BRH:2
end_of_record
TN:
SF:src/modules/productViewType/index.js
FN:1,(anonymous_0)
FNF:1
FNH:1
FNDA:5,(anonymous_0)
DA:1,12
DA:2,5
DA:6,5
DA:10,5
DA:11,5
DA:12,5
DA:13,5
DA:14,5
DA:15,5
DA:16,1
DA:18,5
DA:19,4
DA:21,5
DA:22,5
DA:23,5
DA:24,3
DA:25,3
DA:27,5
LF:18
LH:18
BRDA:2,0,0,2
BRDA:2,0,1,3
BRDA:15,1,0,1
BRDA:15,1,1,4
BRDA:18,2,0,4
BRDA:18,2,1,1
BRDA:23,3,0,3
BRDA:23,3,1,2
BRF:8
BRH:8
end_of_record
TN:
SF:src/modules/productViewType/renderProductViewTypeUI.js
FN:1,renderProductViewTypeUI
FNF:1
FNH:1
FNDA:81,renderProductViewTypeUI
DA:4,81
DA:5,81
DA:8,5
DA:9,5
DA:10,5
DA:11,0
DA:13,5
LF:7
LH:6
BRDA:5,0,0,5
BRDA:5,0,1,76
BRDA:10,1,0,0
BRDA:10,1,1,5
BRDA:10,2,0,5
BRDA:10,2,1,2
BRF:6
BRH:5
end_of_record
TN:
SF:src/modules/productViewType/setProductViewType.js
FN:6,(anonymous_0)
FNF:1
FNH:1
FNDA:12,(anonymous_0)
DA:6,12
DA:7,12
LF:2
LH:2
BRF:0
BRH:0
end_of_record
TN:
SF:src/modules/searchResults/actions.js
FN:1,(anonymous_0)
FN:9,(anonymous_1)
FN:18,(anonymous_2)
FNF:3
FNH:3
FNDA:2,(anonymous_0)
FNDA:6,(anonymous_1)
FNDA:3,(anonymous_2)
DA:1,12
DA:2,2
DA:6,2
DA:7,2
DA:8,2
DA:9,2
DA:10,6
DA:11,6
DA:16,2
DA:17,2
DA:18,1
DA:19,3
DA:20,3
DA:21,1
DA:22,1
DA:24,2
DA:25,2
DA:28,1
DA:29,1
DA:31,1
DA:32,1
DA:33,1
DA:34,1
DA:36,1
DA:37,1
DA:39,1
DA:40,1
LF:27
LH:27
BRDA:2,0,0,2
BRDA:2,0,1,2
BRDA:2,0,2,2
BRDA:16,1,0,2
BRDA:16,1,1,0
BRDA:17,2,0,1
BRDA:17,2,1,1
BRDA:17,3,0,2
BRDA:17,3,1,1
BRDA:20,4,0,1
BRDA:20,4,1,2
BRDA:33,5,0,1
BRDA:33,5,1,0
BRDA:36,6,0,1
BRDA:36,6,1,0
BRDA:36,7,0,1
BRDA:36,7,1,1
BRF:17
BRH:14
end_of_record
TN:
SF:src/modules/searchResults/noResultsView.js
FN:1,renderNoResults
FNF:1
FNH:1
FNDA:3,renderNoResults
DA:3,3
LF:1
LH:1
BRF:0
BRH:0
end_of_record
TN:
SF:src/modules/searchResults/searchResultsView.js
FN:2,(anonymous_0)
FN:24,(anonymous_1)
FN:42,(anonymous_2)
FNF:3
FNH:3
FNDA:64,(anonymous_0)
FNDA:20,(anonymous_1)
FNDA:397,(anonymous_2)
DA:2,12
DA:3,64
DA:4,64
DA:5,27
DA:9,37
DA:10,37
DA:13,37
DA:16,37
DA:19,37
DA:20,37
DA:21,37
DA:22,37
DA:23,37
DA:24,3
DA:25,20
DA:26,20
DA:27,8
DA:29,20
DA:30,20
DA:31,20
DA:32,0
DA:34,20
DA:35,20
DA:36,6
DA:42,34
DA:43,397
DA:44,397
DA:45,397
DA:46,12
DA:48,397
DA:53,37
LF:31
LH:30
BRDA:4,0,0,27
BRDA:4,0,1,37
BRDA:23,1,0,3
BRDA:23,1,1,34
BRDA:23,2,0,37
BRDA:23,2,1,36
BRDA:23,2,2,36
BRDA:26,3,0,8
BRDA:26,3,1,12
BRDA:31,4,0,0
BRDA:31,4,1,20
BRDA:35,5,0,6
BRDA:35,5,1,14
BRDA:45,6,0,12
BRDA:45,6,1,385
BRF:15
BRH:14
end_of_record
TN:
SF:src/modules/searchResults/setSearch.js
FN:4,(anonymous_0)
FN:12,(anonymous_1)
FN:22,(anonymous_2)
FNF:3
FNH:3
FNDA:417,(anonymous_0)
FNDA:2502,(anonymous_1)
FNDA:12,(anonymous_2)
DA:4,12
DA:7,417
DA:10,417
DA:11,417
DA:12,417
DA:13,2502
DA:14,2502
DA:15,2502
DA:16,2502
DA:19,417
DA:22,12
DA:23,12
LF:12
LH:12
BRDA:15,0,0,2502
BRDA:15,0,1,0
BRF:2
BRH:1
end_of_record
TN:
SF:src/modules/searchResults/ui.js
FN:1,(anonymous_0)
FNF:1
FNH:1
FNDA:417,(anonymous_0)
DA:9,417
DA:13,417
DA:14,417
DA:15,417
DA:16,48
DA:18,417
DA:19,417
DA:20,417
DA:21,417
DA:22,12
DA:24,417
DA:25,417
DA:26,417
DA:27,405
DA:29,12
DA:30,12
DA:32,417
DA:36,417
DA:37,417
DA:38,8
DA:40,417
DA:41,8
DA:43,417
LF:23
LH:23
BRDA:14,0,0,369
BRDA:14,0,1,48
BRDA:15,1,0,48
BRDA:15,1,1,369
BRDA:21,2,0,12
BRDA:21,2,1,405
BRDA:26,3,0,405
BRDA:26,3,1,12
BRDA:36,4,0,417
BRDA:36,4,1,405
BRDA:37,5,0,8
BRDA:37,5,1,409
BRDA:40,6,0,8
BRDA:40,6,1,409
BRF:14
BRH:14
end_of_record
TN:
SF:src/modules/sort/actions.js
FN:1,sortAction
FNF:1
FNH:1
FNDA:2,sortAction
DA:2,2
DA:3,2
DA:4,2
DA:5,2
DA:9,2
DA:10,2
DA:13,2
DA:14,2
DA:15,2
DA:16,1
DA:17,1
DA:19,2
DA:20,1
DA:21,1
LF:14
LH:14
BRDA:4,0,0,2
BRDA:4,0,1,0
BRDA:10,1,0,2
BRDA:10,1,1,2
BRDA:10,1,2,1
BRDA:15,2,0,1
BRDA:15,2,1,1
BRDA:19,3,0,1
BRDA:19,3,1,1
BRF:9
BRH:8
end_of_record
TN:
SF:src/modules/sort/index.js
FN:12,(anonymous_0)
FN:22,(anonymous_1)
FNF:2
FNH:2
FNDA:61,(anonymous_0)
FNDA:122,(anonymous_1)
DA:2,12
DA:12,12
DA:13,61
DA:18,61
DA:21,61
DA:22,61
DA:26,122
DA:27,122
DA:28,1
DA:30,121
DA:33,61
LF:11
LH:11
BRDA:27,0,0,1
BRDA:27,0,1,121
BRF:2
BRH:2
end_of_record
TN:
SF:src/modules/sort/renderSort.js
FN:1,renderSort
FNF:1
FNH:1
FNDA:67,renderSort
DA:2,67
DA:5,67
DA:6,67
DA:7,3
DA:9,64
LF:5
LH:5
BRDA:6,0,0,3
BRDA:6,0,1,64
BRDA:6,1,0,67
BRDA:6,1,1,40
BRF:4
BRH:4
end_of_record
TN:
SF:src/modules/sort/setSort.js
FN:4,(anonymous_0)
FNF:1
FNH:1
FNDA:12,(anonymous_0)
DA:4,12
DA:5,12
LF:2
LH:2
BRF:0
BRH:0
end_of_record
TN:
SF:src/modules/swatches/actions.js
FN:1,renderSwatchBtns
FNF:1
FNH:1
FNDA:12,renderSwatchBtns
DA:2,12
DA:5,12
DA:6,12
LF:3
LH:3
BRF:0
BRH:0
end_of_record
TN:
SF:src/modules/swatches/setSwatches.js
FN:2,(anonymous_0)
FNF:1
FNH:1
FNDA:12,(anonymous_0)
DA:2,12
DA:3,12
LF:2
LH:2
BRF:0
BRH:0
end_of_record
TN:
SF:src/modules/swatches/ui.js
FN:1,(anonymous_0)
FN:18,(anonymous_1)
FNF:2
FNH:2
FNDA:12,(anonymous_0)
FNDA:26,(anonymous_1)
DA:4,12
DA:5,12
DA:6,12
DA:7,12
DA:10,12
DA:13,12
DA:16,12
DA:17,12
DA:18,8
DA:19,26
DA:20,26
DA:21,26
DA:22,26
DA:23,26
DA:24,26
DA:25,26
DA:28,8
DA:30,12
LF:18
LH:18
BRDA:3,0,0,0
BRDA:17,1,0,8
BRDA:17,1,1,4
BRDA:20,2,0,8
BRDA:20,2,1,18
BRDA:21,3,0,8
BRDA:21,3,1,18
BRDA:23,4,0,26
BRDA:23,4,1,0
BRF:9
BRH:7
end_of_record
TN:
SF:src/modules/utils/createElement.js
FN:1,(anonymous_0)
FN:4,(anonymous_1)
FN:9,(anonymous_2)
FNF:3
FNH:2
FNDA:129,(anonymous_0)
FNDA:129,(anonymous_1)
FNDA:0,(anonymous_2)
DA:1,12
DA:2,129
DA:3,129
DA:4,129
DA:5,129
DA:7,129
DA:8,129
DA:9,0
DA:10,0
DA:13,129
LF:10
LH:8
BRDA:1,0,0,0
BRDA:1,1,0,0
BRDA:1,2,0,0
BRDA:8,3,0,0
BRDA:8,3,1,129
BRF:5
BRH:1
end_of_record
TN:
SF:src/modules/utils/debounce.js
FN:1,(anonymous_0)
FN:3,(anonymous_1)
FN:8,(anonymous_2)
FNF:3
FNH:1
FNDA:1,(anonymous_0)
FNDA:0,(anonymous_1)
FNDA:0,(anonymous_2)
DA:1,12
DA:3,1
DA:4,0
DA:5,0
DA:6,0
DA:7,0
DA:8,0
LF:7
LH:2
BRF:0
BRH:0
end_of_record
TN:
SF:src/modules/utils/delegate.js
FN:1,delegate
FN:2,(anonymous_1)
FNF:2
FNH:2
FNDA:157,delegate
FNDA:46,(anonymous_1)
DA:2,157
DA:3,46
DA:4,46
DA:5,199
DA:6,30
DA:8,199
LF:6
LH:6
BRDA:4,0,0,245
BRDA:4,0,1,239
BRDA:5,1,0,30
BRDA:5,1,1,169
BRF:4
BRH:4
end_of_record
TN:
SF:src/modules/utils/extend.js
FN:1,(anonymous_0)
FN:16,(anonymous_1)
FNF:2
FNH:2
FNDA:1143,(anonymous_0)
FNDA:2313,(anonymous_1)
DA:1,12
DA:4,1143
DA:5,1143
DA:6,1143
DA:7,1143
DA:10,1143
DA:11,1143
DA:12,1143
DA:16,1143
DA:17,2313
DA:18,5704
DA:19,5704
DA:20,1116
DA:22,4588
DA:29,1143
DA:30,2313
DA:31,2313
DA:34,1143
LF:18
LH:18
BRDA:10,0,0,1143
BRDA:10,0,1,0
BRDA:18,1,0,5704
BRDA:18,1,1,0
BRDA:19,2,0,1116
BRDA:19,2,1,4588
BRDA:19,3,0,5704
BRDA:19,3,1,5704
BRF:8
BRH:6
end_of_record
TN:
SF:test/initializeSdk.js
FN:3,(anonymous_0)
FN:19,(anonymous_1)
FN:30,(anonymous_2)
FN:31,(anonymous_3)
FN:32,(anonymous_4)
FNF:5
FNH:5
FNDA:12,(anonymous_0)
FNDA:255,(anonymous_1)
FNDA:43,(anonymous_2)
FNDA:43,(anonymous_3)
FNDA:46,(anonymous_4)
DA:3,12
DA:4,12
DA:5,12
DA:6,12
DA:15,12
DA:17,12
DA:20,255
DA:21,41
DA:23,255
DA:24,67
DA:29,12
DA:30,12
DA:31,43
DA:32,43
DA:33,46
DA:34,43
DA:35,43
DA:36,43
DA:41,12
LF:19
LH:19
BRDA:20,0,0,41
BRDA:20,0,1,214
BRDA:23,1,0,67
BRDA:23,1,1,188
BRDA:33,2,0,43
BRDA:33,2,1,3
BRF:6
BRH:6
end_of_record
